498
706
780
1540
1434
17262
8258
3
6903
91
18721
10297
1813
3403
409
2927
7626
2003
3322
12881
13041
10441
19702
7877
382
562
12880
211
1954
6787
2485
596
2349
436
3742
326
2850
38
22242
4852
11026
6555
991
11781
2212
595
255
4
2050
253
172
1432
5804
174
5461
31
1178
22488
10011
210
172
2930
6107
5462
1081
2145
231
3657
12405
322
466
2160
4371
16694
4372
497
1291
6905
2082
6
55
23
9730
1831
47
4863
783
1128
2556
2851
2628
38
4952
12403
2852
12408
3486
21
14708
380
1179
19110
93
2799
9400
1327
4950
11541
2927
13250
563
16
12631
108
15
5
79
743
436
5
704
11
3321
1035
668
2349
2020
24670
3489
6552
25942
25879
1036
2213
6903
1894
3004
94
13697
9288
4753
5461
5
45
3322
1773
7
17
583
408
14707
667
7324
2651
4096
5460
18206
3322
3211
7143
8130
10
821
3405
1712
3242
17669
4851
1228
467
254
277
6444
529
1434
301
11417
3917
210
2415
3160
5052
302
67
2629
13368
285
378
9074
11
20779
5257
9236
1129
3829
2087
2485
2349
903
9388
211
990
666
14369
11937
7144
56
6556
705
277
7140
23778
861
1036
8515
437
7021
631
21950
56
18721
305
12404
1177
14196
2778
6
529
743
436
5778
10
781
272
3829
4890
4449
4753
173
3083
3570
5886
1714
1036
38
16
12187
948
55
4008
1226
4466
4096
3421
47
11
4753
12406
37
2018
15577
1326
17207
4754
3317
23447
3082
16947
1081
171
326
21578
4753
5052
3082
6670
255
5997
1774
903
47
95
2702
2485
20831
14365
7875
780
1830
11
3570
863
3917
1328
1177
13863
24
5
742
7261
12438
903
3082
1431
498
8256
9412
2347
595
10608
10011
11
55
326
2017
15806
2213
14030
9453
781
410
5053
563
1956
11488
5152
8756
29
24755
210
2212
5356
66
563
1710
9591
821
4465
12494
155
5255
79
3403
2279
2628
2701
1831
2213
2487
5887
3670
278
13366
18980
903
3319
4936
6905
7143
1831
497
1654
905
2021
3571
19821
1540
4096
7
5606
106
2415
106
2702
5188
11171
16838
4
55
14199
1892
5445
13937
11175
10173
7627
9466
1485
2415
12128
2279
4698
6442
704
1541
2746
15226
8646
105
11327
1226
3346
11384
8781
58
56
234
2346
1328
2347
3829
16653
1572
17578
1226
301
4737
473
140
45
82
3081
5463
5995
13864
278
596
4854
11
3916
6219
16
380
12882
11997
529
1083
2415
4851
496
3161
903
2628
5253
10733
8228
37
5566
5463
1713
19309
2095
1893
705
10975
3
106
6109
8385
3466
191
742
351
2755
5400
1542
66
1328
11476
9046
94
6789
9677
742
497
2017
12571
11026
3831
6829
948
16291
3486
121
764
30
11
7
2212
11178
3242
6
300
21136
11631
3134
47
629
6556
1832
