71875
79347
72912
75101
54455
63324
42018
41765
108007
87413
86036
108301
103738
90995
91446
82785
47266
49143
87631
55665
106751
60851
103157
103387
80382
94582
74826
106940
79377
50081
69296
68108
40695
57657
29571
85962
49336
70174
95141
101859
76791
72437
40222
105968
50151
96041
107361
67080
96998
86323
89213
99254
82680
109427
99041
45195
97987
107528
103870
99630
100666
41069
58675
92720
91203
52533
61238
116926
106421
104346
74433
78931
79023
63497
18527
71297
63122
96998
84741
107854
93200
79007
110057
69095
40566
91297
85967
77145
99027
40728
68406
47606
56941
69080
70176
76237
96750
29975
86747
32444
95766
67524
95736
43154
81947
73263
73551
59286
71148
101863
56469
69963
52341
86237
39123
68977
101974
104028
61063
97359
97543
88325
44918
106758
60863
89661
106620
79426
32253
51440
100594
47827
100343
103096
92965
78670
99217
95607
60891
56008
64962
96799
82781
93996
91778
70643
47700
105393
97635
101399
94176
100584
103001
75768
102971
94056
98578
76400
47910
103610
50923
60244
104346
101000
43327
87746
97306
55055
50533
82826
105104
58965
39087
98306
39794
107579
75285
88277
43360
92889
52817
72843
74088
100457
54578
46932
76539
88868
114449
94548
65827
80689
99013
103931
84932
37997
47645
92558
45696
83342
97871
68521
68136
66855
52858
70820
82052
82401
75756
83045
104457
99199
62745
61453
79148
99100
99155
90618
105798
108810
74582
83688
103323
71398
102438
98074
78278
103546
85030
41739
85691
99339
106842
95849
48478
58424
91148
80611
91677
44016
86696
68305
94224
62373
50226
58259
88282
94468
59529
59838
57322
62912
37966
74311
98155
102809
73095
37343
86459
106180
87689
101707
86191
87746
71412
97312
72901
108656
102428
44760
85412
77368
106497
27382
102436
99077
37090
56859
93743
104200
84818
84273
78684
75578
103883
55332
95593
73455
80723
72361
74611
84207
52014
62558
103202
57405
59520
65686
66027
93371
91177
80288
55936
76933
78940
90535
84081
55994
102643
101924
64522
49384
102655
75558
108405
97179
108819
61329
94367
48350
99542
80384
78549
96601
75210
101572
67253
96309
100516
51681
93731
95080
100417
100513
95529
83852
86739
98971
41296
83259
96321
106000
41130
107272
68958
65037
77564
77209
98276
96372
103846
53261
110102
86524
72022
104759
90623
80303
96322
73650
92797
108732
66219
83197
100093
110560
75335
67141
92525
99369
88032
103517
98018
36969
94369
90324
77362
86704
100374
73736
60410
68386
75895
85402
66577
107517
70803
93260
81980
79109
105230
32448
109051
88480
87141
106598
105934
38362
74613
62115
50118
84472
106526
100888
101615
105895
37827
48099
51261
60914
54924
56161
101633
51726
88476
104874
44878
80162
97248
86899
49130
57135
66635
103598
55673
108876
87471
112183
65463
71809
76456
102968
74302
110273
78185
94088
103637
35334
89459
109465
65244
37803
70488
80399
95780
62159
98425
66045
101728
63598
93776
77089
100701
65326
106291
37970
103631
103788
51757
54372
71924
77589
71214
95582
75416
48687
99548
49961
72401
67232
59362
42929
59516
79729
104536
53025
89351
101817
41220
91317
47199
69387
80331
87173
82131
67873
35895
84073
114997
54112
85564
78288
32747
99362
100204
65773
50145
76620
86600
65529
85762
90943
90480
70894
48837
91881
42663
76584
72128
103971
97266
96323
99640
86757
84468
54029
94422
51671
34488
93846
103051
96886
96897
38075
45065
69593
43610
87459
99952
71206
91970
95195
98012
26864
92949
103485
43703
94877
83443
56514
86417
91201
101783
75130
91752
69035
104867
79422
85489
33590
89671
66023
75197
86143
76209
75926
101412
59045
104056
46584
88405
65643
33627
60488
40377
65421
100230
107585
106248
79197
96119
94485
64785
89466
73313
57438
108269
37828
94115
98417
37102
65953
72593
100451
70578
83809
56233
96167
93176
92316
106364
68321
67462
94347
78359
57673
70823
37803
44001
97549
105081
98568
72093
85499
89755
64794
63496
107272
54064
87860
104144
93395
66889
73457
82176
86735
42996
69424
69618
104230
101441
95241
41683
92029
69254
111798
106706
87001
46660
42738
87931
83954
84207
77616
84623
52573
88949
102517
76064
68669
37834
105448
60488
93397
65082
70494
95270
78992
108134
80246
87321
51242
91784
65354
96211
73017
73175
108462
80509
92022
89913
98841
53797
69346
88481
108195
93989
54521
72980
76705
63220
82001
94401
104693
77590
104149
62279
42306
67777
85828
105851
75220
67563
95086
60356
81479
101293
97135
55862
77562
98681
55884
72906
102637
84146
71485
98027
75042
96908
99288
31071
79947
77973
58198
95704
100959
105893
93921
68620
51891
92618
74498
103273
98444
100865
93352
79486
31848
61636
105390
96111
63751
81174
99217
50226
87865
82764
74457
56193
73387
94776
74048
74264
88320
29841
100785
60383
88336
75756
90152
112205
110740
85493
88563
97257
103155
96853
104908
94981
104410
94358
75227
33203
42017
89580
96423
61776
97546
104932
63953
80690
87921
70414
76111
73621
92908
56347
49296
59628
101474
102647
101422
62924
32155
97681
91157
34565
102421
92908
74240
108071
100333
37717
97117
85081
69268
91890
84676
77116
48390
101736
39591
96112
104626
85984
103251
92861
49277
99911
57438
69641
55359
86281
70719
100187
98120
53318
107048
64453
57548
94781
62039
77243
103776
45319
64962
81354
76570
86201
54753
99824
94131
65358
47182
68418
69981
47910
69076
62392
102762
99579
58266
73579
106930
69438
98466
82573
44534
35294
93000
73839
68746
108606
90763
93094
90623
76550
73825
67772
110154
105705
90447
46909
82954
66987
81350
41471
86470
42210
62007
106906
49177
108022
93565
50578
101944
104654
46263
43472
83015
79013
96834
40219
60994
76459
77701
89860
92437
66134
93999
40631
42018
76555
76424
55158
80400
62095
80847
58839
46629
69089
54749
38247
53097
82805
94009
53704
101279
41361
71939
81912
95862
104116
101376
67737
84521
72292
90011
78991
40933
24967
110150
71844
55972
92610
103757
107890
85383
99627
76444
71849
98894
72635
66600
67683
90691
67729
65340
53179
91205
104515
98278
97651
96056
41374
109253
97983
73034
52065
94288
83199
44878
23470
94284
53176
48576
72323
71903
104547
90995
75580
103411
39009
55257
78168
102616
67805
94076
65671
76856
68609
62044
102845
80456
100516
87503
103592
107235
35869
98362
100048
94781
96607
77239
95042
72052
73746
60348
38747
66923
75528
80086
52729
87717
61291
80353
50525
85047
100400
94582
77122
46524
94150
44797
103157
61519
101993
100251
104732
28789
107491
70934
89043
78813
106005
67905
77312
108928
72982
105767
87968
81932
59499
81952
67735
93988
94238
105151
34441
42377
52007
67351
93304
87243
67310
41093
105878
106655
37511
99671
46007
84622
51536
97761
68351
97774
54095
35330
100581
74928
38616
102084
101981
51193
42737
86143
76955
90177
43070
68552
102913
77518
101007
72369
72448
48421
103429
109623
100598
111475
55309
85680
70561
67976
76268
76534
76862
43927
54576
77811
61037
70323
80763
92861
41446
39168
80046
91345
95517
77335
84609
50758
82740
71726
75528
99709
82848
39787
49068
80624
71215
92908
97074
99520
66196
94887
64082
89886
77738
76564
71842
107189
77727
62483
93514
73784
43220
97637
69945
103518
104373
108903
106485
83562
69955
79759
107732
81237
92297
70945
82909
34194
100250
43156
100631
99927
34068
67232
63136
55906
61648
47633
46108
93732
91300
98511
102643
104113
74736
74263
95936
64364
54717
66440
70994
39973
49070
50304
76538
103059
87452
99749
73878
46563
63701
31542
99551
82773
104251
71619
59150
109349
98362
85469
113794
70381
102333
103145
71212
55526
67432
101124
87463
54894
92852
102256
85449
60123
56367
98554
70033
53706
98547
74165
93372
51039
58592
39936
72958
67850
44001
86653
87506
60889
104476
92664
49681
93045
99398
86584
112209
71803
70248
58364
40678
60638
107344
106674
68831
104979
82874
102047
49373
60863
86431
106564
76349
66119
108449
52049
100841
85824
59329
112450
90310
110868
85412
82413
81730
57749
95846
69551
78609
76521
100873
103843
49009
84121
47230
84583
52077
88153
83036
87354
50806
84511
59380
46850
97547
84229
56270
99060
67438
93255
50243
82853
103883
89430
69761
84067
61227
63937
86099
66462
101656
77007
91685
60994
77597
106699
85547
86257
104304
67715
88860
100624
88691
68653
105459
51323
98556
33591
38739
77626
42535
50007
79123
68085
93757
66501
95798
28938
100917
63229
96640
100035
66374
104639
99430
105477
70217
70734
100009
104955
99932
90859
58252
72268
98082
100785
50532
64853
45863
45918
79342
61841
54858
76977
98265
103054
83136
85841
90520
59950
68636
44626
73004
89017
91665
52766
48107
48267
68364
90568
100047
109664
66812
102352
90225
93274
47794
90000
53664
64915
101872
90544
69955
75531
100836
102054
70461
67583
82033
57207
103758
101763
71443
65683
94241
51424
92610
41776
103477
98569
67915
44388
75147
34839
70127
96056
44844
98465
70050
71696
52638
99114
59477
93685
41804
102102
99914
42636
88087
93412
99128
64981
96189
100209
68118
104151
105814
47188
70418
104771
104052
88523
101260
86481
101193
53969
94528
86240
104581
69315
54769
102842
106179
101049
102646
95565
60957
69368
50917
88137
71309
109815
89268
66173
92083
102400
109578
70174
75219
85298
92067
81283
104117
95069
102675
71725
67239
80774
78133
46868
61040
48113
68260
70580
55497
100513
86269
93422
100504
90123
92179
94241
74543
65355
59588
43079
73360
52172
88574
79295
83685
74927
86431
95591
81396
101252
88691
93181
57686
55465
35622
96367
102027
76392
75781
97385
76574
77234
62142
89218
73615
49913
88153
45066
50402
79190
108903
95963
108379
112290
34350
85069
105753
102073
60968
96376
41286
39726
93870
67375
102474
103546
74118
100957
81225
49035
93443
64455
86773
69957
29571
102296
99465
98590
112189
97328
96894
42165
102560
58503
66197
48161
110400
96084
94662
101574
76973
55869
44832
70197
73095
96214
90510
95416
78785
84384
96891
68026
58344
106737
95258
34154
102746
83263
66048
71609
38145
43938
46255
50525
90194
60814
107374
87221
68702
73189
94689
106176
53142
78461
65359
66340
94198
93028
48473
100330
40391
87058
63641
104907
97710
96104
78429
75142
61584
58275
72517
100833
75485
36134
56048
109422
89073
69812
97148
54942
49302
86929
75071
78386
97445
44286
73469
94569
57199
101536
84235
45759
75103
96040
73418
112120
49490
76624
77790
58426
103017
74251
99367
84439
41334
60638
74515
65455
90848
89043
70163
72572
40141
108410
72009
63934
95128
77008
104531
62045
92729
98084
45432
111175
64666
49362
97176
49171
30159
47188
69425
55196
62610
74875
32902
55636
61691
97864
59820
90900
99144
108162
12457
65942
109226
74645
104139
76508
83334
93967
77113
97694
76583
74438
80111
108377
59914
108441
91860
49005
84576
28798
78200
68558
97881
102402
96207
101081
99051
95700
94751
93824
81472
71431
42819
71633
74395
75758
79582
47122
54843
73615
74112
87889
72609
46211
74425
42163
101092
30079
69771
88272
83243
45285
55660
72418
73484
104264
80646
100708
104114
73966
66744
103803
101853
74309
46314
95553
67703
88507
68894
86654
62183
66965
92280
80530
78602
65009
61384
104940
108802
99710
64498
91249
38904
39541
76115
101915
90425
83480
75429
52079
94232
63148
70384
55494
80087
80998
59291
99440
96582
67659
36362
65319
62027
66393
61008
85643
94420
79222
92473
61213
103098
42407
108152
94788
70928
83636
106527
70462
89698
83153
21360
102271
75528
84860
73232
102597
74383
97284
51939
102848
94917
73602
97308
51394
91656
59153
73522
48955
106085
77702
44843
92404
37332
100493
51811
40885
84953
80508
65643
56213
101171
78059
104666
65970
68419
98418
44943
49465
85326
94084
112123
98792
62451
57581
82773
82423
101335
82025
100786
75410
93204
42245
82419
97025
93929
87236
84842
70458
90543
91851
73825
94063
94607
93315
39793
95122
66662
96999
57950
60488
108755
79676
103468
107176
47278
53797
78920
98373
90159
99293
102445
75243
67603
51536
84399
97833
84495
43060
68948
64250
81080
88507
53357
87930
33475
86545
43306
94689
108245
76328
56783
75911
76831
95258
66282
42017
83277
47730
88668
20044
88870
90728
55989
58268
92415
62264
101116
99261
86234
100881
68341
90007
97450
62974
71335
71944
103782
88225
93440
43421
42137
66663
54692
59084
106479
104436
53392
111900
38460
89001
77094
95680
98614
64053
69734
107017
90974
106292
106557
67978
76240
108903
76260
101446
96597
73621
86163
41526
62385
86944
100489
49750
86163
92316
68958
88529
57379
100966
56095
96580
58463
107668
90705
62557
94500
92695
79353
76212
105613
66031
68717
72166
50098
94885
44883
75235
63743
91219
83405
95077
90064
23470
103875
88210
76064
99252
78100
71291
65026
55585
46956
92812
90868
79104
96901
48038
103591
70518
84096
98226
74036
81043
67539
98932
77205
81444
63792
50118
67141
98871
87045
74245
62418
75620
80433
46108
47705
38140
51244
58842
50076
31418
94257
87191
70746
102310
56239
80437
101155
47971
73036
48911
112720
104123
85825
77407
103518
61851
111531
77843
58357
65421
39129
103747
61432
81579
100781
41130
78999
110540
54194
89738
67210
39556
50777
65874
69243
81643
52143
101872
69389
81611
90637
60374
107546
106528
66621
44024
64863
37638
54129
109108
67618
102271
101791
66111
33603
30025
65649
95661
71620
102636
68181
79177
79649
62666
45609
43777
42712
64785
101624
83232
54908
48343
50448
87474
76739
76787
64666
72860
96117
74983
27950
60847
100486
42180
45040
71303
93714
97939
50226
51785
25335
31850
81557
72346
75756
77732
87901
85889
102243
108644
67958
84472
60519
88712
80433
43421
37786
66219
108047
40287
107716
99624
41762
42599
69480
102196
94114
33925
42785
49924
77149
108802
79210
70081
101198
59116
109117
63672
40604
88676
41252
70521
102484
94702
80257
98835
86627
107741
84140
105322
96231
40618
109843
93210
75296
64861
45469
85735
60891
53262
102303
100057
87673
57713
83482
71207
76754
96340
69430
73299
71934
107569
113278
109044
99080
102018
43473
75231
106457
107732
98222
101715
76829
72614
82426
45441
78142
101836
82571
105801
106502
100469
91904
107866
32001
112177
76797
100844
79684
57004
115380
80874
63766
92343
69762
94587
57135
66790
87769
95458
85933
101088
78847
58135
112257
53402
80785
66885
100660
73622
82207
59343
73436
100277
98795
59232
60536
97228
80661
73726
79030
100571
50924
51662
86802
100342
60799
95553
50292
68353
88846
96592
63805
95607
88734
94403
63723
98400
101712
86935
75581
106268
99252
67547
103701
91950
41839
101148
62496
47078
106552
86982
98639
89820
99309
100840
98523
72420
74602
57713
74964
35385
37297
85447
102227
105427
107499
106296
95678
103596
93908
105391
67210
65826
97509
78821
105416
98992
74751
61751
93888
41123
80587
65109
100768
104497
46299
76328
101854
86514
83355
109125
82171
102076
101377
75884
90560
101836
97001
100730
51628
103603
49837
78010
69836
70534
74086
98171
51358
102995
39309
74889
63119
105336
99743
77312
78962
87078
94981
105096
82913
108361
48537
85565
93287
102150
44434
74299
96826
83525
88645
99764
48493
42678
96702
45825
30199
74162
93631
48618
98279
72339
81914
104666
108879
100663
77032
76267
51348
86136
83702
68856
67419
70240
51447
72369
70663
70633
59013
58964
88786
103127
99644
77614
71418
95049
71249
74070
74092
97074
80389
49406
67999
73638
53995
48493
110116
72257
102762
63805
72843
47192
93808
90269
99224
106594
44632
95277
68782
91954
59896
108333
100793
77179
74759
67603
96784
73621
35121
88084
71843
108806
30856
49336
105332
68578
45299
80439
93759
51446
105866
76521
76230
67255
80694
51384
78501
97813
47885
104246
50251
67432
77703
72199
72614
96783
67678
76444
95371
77708
18992
92855
90991
74267
97309
82644
51400
95068
95601
49686
99878
90453
74077
61904
50415
70796
54029
33542
69538
100083
92865
61519
92869
37683
95186
68526
89310
46265
106543
55636
70256
67196
82561
102995
50362
68399
69049
46032
86891
65394
84269
81361
68616
100664
43365
62450
62477
60372
87213
50848
59452
100228
108623
74371
115538
28819
70465
100171
89712
101104
40411
104374
69161
76121
90705
32817
117639
90663
53413
72378
98076
91554
114244
68503
80382
60894
84124
47304
67305
102809
100528
87268
69645
99075
69515
105039
63847
96754
68592
74772
75765
93528
91460
92720
64872
45077
92019
60819
74412
114555
50705
102436
61008
103294
78698
108969
81435
105318
63511
61607
92808
107803
58897
22287
80956
98799
55868
98454
50103
93509
102243
94119
86168
98746
71444
75212
99436
46065
46333
87912
102192
66221
34004
101837
44124
76451
70230
90362
66221
104049
78518
79499
112450
50190
91313
101238
75509
74626
78799
68225
48977
49491
44697
87059
111031
95416
41232
84377
78367
101739
91704
64599
71851
72061
107635
110540
51086
51796
60901
92368
83012
77709
99764
92629
99578
106708
62261
100910
74971
81344
98980
106324
51424
66981
95536
43182
48465
83787
61641
98876
103260
42103
31178
58329
86922
67166
90967
96008
99282
96291
80747
80209
45628
93977
53074
41921
58402
80706
110102
68710
56656
101920
100743
49026
43333
102833
65882
102927
104186
69191
78815
85252
92781
106925
63015
48267
108344
48745
104261
101186
85024
31848
92953
67912
76870
90455
69858
58329
96385
76232
74257
66197
98484
61010
104792
64447
73905
88480
83465
110433
86325
99759
76676
78025
101185
73459
78330
40042
63275
109185
94247
58145
103393
100204
83530
90314
104717
67570
58900
107258
70694
104105
41387
74653
99311
75147
71122
67310
99370
105944
83847
94139
99669
72974
66645
96562
39279
80837
82644
100399
96018
77787
89392
99049
89172
103438
42897
41929
44658
79267
77324
58555
105077
42186
92048
81691
68894
44343
50228
65928
49086
106658
90823
87351
95042
103317
67921
69827
66219
98556
108345
100917
97860
100696
76991
72627
97160
25555
55158
89188
95852
70430
93514
83443
116609
102387
92316
71963
102517
64579
54362
72435
56065
83797
46102
88652
83019
95935
43086
102927
52551
80793
82721
99145
77384
79537
49082
60124
93960
87931
76012
75318
72389
89794
84309
39418
40379
73775
34142
81838
89397
66733
51162
62140
63176
72469
105136
46814
102255
85479
69179
79451
77335
73259
98989
98593
33808
89425
67657
56669
73187
73533
101835
97398
35494
70329
77861
82099
107752
97449
103124
75803
70805
93600
89331
80070
43106
69204
84908
89750
92405
65618
66185
58165
102080
99066
74676
54474
57426
84131
73360
72822
69396
77529
55269
50414
109694
72046
74938
73434
51132
52853
73489
74285
53852
94117
69952
80648
91600
105393
80053
76011
72601
94674
96112
67546
45939
104723
85017
104056
66829
57587
88638
87940
100592
81396
87005
85914
64926
74125
69274
52679
67883
51326
97082
78083
47865
74845
98381
50850
40182
110406
97719
54496
81397
113808
47687
67553
44633
88571
43472
58714
104346
63586
47614
51664
83645
90639
104788
32966
48750
42247
52676
107241
92035
53757
84892
59529
74080
64560
92394
72770
97533
109078
94214
109447
90084
82359
92690
81835
111705
59248
73872
43733
102259
79710
56732
61913
93512
98084
48231
95510
95210
80070
81452
97627
71845
93181
105561
31978
74717
101285
66869
94329
82075
104374
101159
65571
59173
61866
61603
72306
42716
96867
85179
37668
71245
94192
84188
70112
59523
60856
62728
81706
85723
80891
66325
99357
76149
45205
94613
94219
85039
77037
82034
100195
76665
42541
59409
102217
77869
53923
98431
91595
103163
102310
110088
82762
65174
77034
55531
66087
105561
54228
39129
101621
39088
69992
75530
87119
82573
99146
87386
105103
64117
104423
83027
64790
76406
36297
100803
93760
93490
91819
70146
109365
69411
99474
20352
37992
49944
98960
87984
76161
102848
28046
40017
99764
59173
96682
107005
43479
38747
97266
101940
42395
99616
76216
36187
52227
32647
86600
33818
71186
43915
78769
71844
105773
74895
93824
94419
101693
82969
74835
62234
104349
105942
100881
109165
101455
55738
63482
52530
98197
93357
84913
78599
89351
68597
110475
34264
24004
94272
92417
104099
20602
73590
103273
95117
76409
75713
33388
75323
98540
34146
101621
94279
53660
90096
53896
84424
68400
95396
97602
71866
63051
56263
56824
92610
78076
82993
78911
71140
94450
78417
102240
70282
40649
80689
89362
70766
97328
56150
50909
93538
90692
34796
100406
51452
95819
109610
107672
65365
106457
32873
55376
105400
80756
37281
18032
25531
101198
93398
34154
84183
61092
76196
56950
93730
104978
76559
42420
91762
75495
85376
34839
99678
78096
99511
92275
89121
47182
81885
43931
76645
70434
83371
98505
68993
106278
75163
88810
109144
53156
44939
53423
74431
99951
113130
86799
89120
59310
58132
63819
51315
68214
75802
59470
42892
91084
92598
95780
65258
87091
66877
51132
89599
70645
73567
74304
40089
92949
90571
70326
114230
101222
84255
100550
74819
105059
59917
108744
89624
92054
43845
100616
77420
67958
96779
36411
105786
49592
77658
56732
80573
52600
80264
88045
85629
39065
55640
61151
96514
66197
75898
100201
99764
71772
104628
95107
99922
50305
105308
83669
90097
83279
100769
103027
60490
83492
62511
46566
71121
76827
70120
100398
69191
107720
103637
98830
96658
73279
92625
74127
79809
100917
35724
47748
108535
77849
103912
86303
87866
94222
105135
79684
105870
64142
82604
80264
73498
66079
81470
99627
77948
109238
75832
107954
89279
76003
94066
101568
101214
43163
95572
106933
50215
88165
72154
94606
61904
75228
61276
114997
75631
71075
72898
72933
75646
85828
54573
38565
75470
66845
103554
85245
83950
88593
100374
69585
95063
70319
70571
75355
82893
104058
101173
87590
101426
79730
69574
58494
75449
57581
47236
91352
69506
76737
98667
65715
95197
104937
108223
67717
103001
102621
113004
41197
49087
80602
72050
79342
39421
74364
70120
100752
77964
72608
68888
110172
110059
37997
92153
39125
39046
67449
102623
94362
98841
65947
69918
96148
80031
55871
75374
73847
92256
99357
74241
79821
48279
92979
100388
43890
77465
60838
59700
84174
71910
106919
83437
69459
110101
54974
76472
101721
98383
44743
73182
82026
101814
45710
99680
95122
75297
110963
96337
51169
113279
91403
100169
94363
106564
47564
63488
54076
106956
106542
71876
65334
46855
98752
39154
91704
99971
44260
96041
85672
58033
41469
70209
75701
75323
83628
34331
76602
61618
71009
80651
88668
87943
79817
85027
102623
93049
84306
101023
104041
74559
48358
59798
58816
84714
86176
104566
69878
51698
96921
91696
35830
99129
96932
100772
112231
85523
42194
92482
45824
77098
63854
92411
100635
89762
50375
106499
56891
89455
91603
57087
79432
91013
106372
38747
86479
75802
79758
55338
59397
107078
74063
99854
86316
69121
109581
55525
86973
96119
74614
45616
89484
90254
88370
56445
94020
67925
77643
72724
39600
102845
85102
40304
103748
96560
107617
80830
47707
98982
81583
86072
89187
95107
55531
44698
75279
79864
59530
95416
101938
102870
98560
104252
96296
69351
99303
74267
85152
30384
30958
73514
79328
79148
75374
108879
106123
85939
112461
69705
80789
93872
30628
98544
64865
102291
67502
101832
62600
87746
43123
103039
101536
50499
47151
92365
72506
76620
95071
91009
103592
85051
96812
55631
75130
63265
97379
46816
46038
60063
76939
85443
102436
59526
102136
58836
76084
42663
80696
100374
38393
88841
87826
104281
84886
82388
73406
105586
74018
75853
101206
96387
82691
41137
52869
85726
100451
71845
107191
59729
77264
76121
67723
100709
38560
82703
53514
72766
81885
74422
101621
71844
71781
106364
95484
89832
90690
84313
11883
79832
76926
40962
96360
68524
76742
70996
74522
113611
80495
41469
88202
102686
106741
91703
109838
101266
61901
72550
50407
105662
88556
78428
107636
88064
92564
80676
64628
100608
57724
62066
70626
100427
101209
66764
102004
81156
101646
90692
96897
78539
69178
69063
87809
41586
83645
77161
83293
105553
93055
60356
65990
97148
69055
91999
61178
103054
83079
45464
100615
64799
67678
91206
104475
83501
99208
63359
81673
102607
98039
87350
97378
87838
74092
77162
72268
75885
86020
46922
60714
50434
63850
74995
102098
47680
104058
67233
98023
84144
96480
51891
87268
97193
52249
41394
66822
101447
103963
56188
81149
41865
92356
88389
104089
72267
71423
91403
107732
62262
31389
74513
106598
92657
76645
76221
78379
106237
88403
33591
44511
95652
38460
92316
102243
105142
76794
94094
88161
98837
104122
85663
88885
88777
48918
91613
71555
94991
75898
42719
47269
88266
102918
72901
77042
67106
50558
72687
54769
79426
69469
38017
91209
88060
79734
75189
103872
75012
108920
75635
99473
46549
84551
55742
75686
106836
86070
102519
93149
90459
49837
47131
79241
49013
72444
42320
97775
84198
96751
72700
99761
72171
106181
97588
96563
47708
96501
104822
71211
49509
69836
86245
72836
70030
108220
112136
102119
103678
87388
106319
99627
66383
95662
87825
103546
96998
68244
92934
92133
80521
109025
92219
85502
61861
67809
102309
66494
82932
67662
61326
48579
75815
89221
74875
70166
48750
43892
36930
109616
87966
86495
97694
69113
102084
100464
72296
85738
67850
93338
104400
38587
94384
46265
83561
57878
72129
57283
86226
53059
98201
98960
65720
37770
41858
44764
32168
80478
94757
69339
80863
62560
59769
94986
74080
81559
62826
107173
98875
80498
53443
109189
71945
70221
102697
73216
99833
98838
73669
106457
79495
97361
42610
53610
73136
78034
99145
95606
84767
75219
101452
92016
103107
71539
61418
89684
87010
65859
69880
57627
106440
81001
83985
86620
92199
44319
49772
54912
77187
41914
107336
79477
71656
105503
90365
33110
51118
67198
80150
100659
72808
83358
56176
26920
106278
108641
47599
80879
89957
86374
93055
64142
102499
64170
105831
68796
40363
79473
77264
86166
92653
69308
41590
102630
82431
106837
83070
48391
71335
59588
99778
103054
78610
48684
49344
98463
115894
89519
66606
59339
70972
76952
91253
97329
74934
75844
100623
70335
41669
103531
104149
75201
111842
100029
45930
65295
94689
69462
101824
54982
73120
107649
74358
29490
76249
67194
82228
89803
93549
100790
70154
95201
106169
65855
75851
73182
103357
95607
44726
89251
51147
107720
98208
87859
70268
102367
106973
94988
56902
103474
44727
67149
76862
45384
97002
79677
80942
74543
63463
99195
39401
107722
107846
54538
92170
40566
64864
45548
71674
99859
88967
98811
48779
102967
102966
79096
98512
101134
102166
100392
76993
91488
45066
100208
52104
93884
74598
59754
85877
111291
53205
106912
63170
43220
58963
44582
88834
61334
95077
101767
71924
100980
37511
66660
70829
80677
40895
75870
24777
77941
56724
72821
108759
69668
37992
79626
87519
94026
78131
107207
37763
53749
45936
82092
74209
63324
115185
97173
41158
99374
59912
95169
68889
98357
72524
83224
86087
95367
83739
86791
83715
84088
90324
72163
78537
109927
49475
42210
88374
106733
54392
101761
102643
57852
75427
94031
55428
71447
86982
88736
51791
50984
95458
42786
77235
83707
99858
78175
89887
108773
31712
78100
51126
29592
101518
95298
85034
74729
74383
93361
73212
84835
79312
96737
93983
70770
89100
100486
105019
64485
104671
97701
69920
94614
98877
107592
66024
42904
65472
58383
56570
102824
70077
81382
85758
82359
80415
54576
46336
88018
95761
67304
96011
99271
76808
75587
42261
76991
74212
106359
73467
50568
90810
111756
62905
85152
51394
90112
77668
102630
100383
108531
73116
76970
52363
84984
97998
85124
97021
101225
106372
54419
38998
99027
70368
68926
89986
101181
76986
98681
61831
68362
75716
68546
86773
90796
85734
67894
98867
77019
56061
104882
85135
83002
98060
99983
93599
53189
73562
96553
73784
60444
73457
39461
98241
102192
71975
100764
98068
99559
55528
55366
78050
83370
105630
96258
103414
50621
74067
95088
47837
35203
80526
88738
85806
70321
94551
99842
59281
39738
105610
104264
104158
80098
92859
92660
84553
85011
13759
71307
96010
98081
50173
104802
71474
96867
70400
80225
93765
97658
79059
75771
59087
65398
98363
42864
51012
92363
88105
61634
49578
78010
95170
68872
101055
101837
106007
78310
62750
48848
103891
42737
102503
77991
95368
98126
107579
95246
71993
83043
83365
83091
73962
45944
67399
86271
102129
73962
40998
67041
86265
101021
50860
103224
81774
91472
111842
78962
99066
44937
80526
105841
93392
73733
83264
46374
71443
51324
102598
34034
105939
82127
49037
100146
44844
86076
89235
50076
82981
82968
102630
37740
99865
69003
26926
64432
100166
109365
103294
83403
51571
102106
104404
91784
45015
92672
79411
98245
64044
54528
100073
72036
50769
87317
97713
92158
84786
78216
28819
106356
80739
90889
96669
86079
99364
74636
75336
53434
66549
79327
52817
52293
56639
44687
75042
100523
60060
74306
65192
41599
73367
71592
110082
34838
35979
69581
90322
79101
61227
106372
92393
65885
65689
86724
86049
49983
70329
73599
77227
89000
106296
110037
93319
102937
48684
47276
86597
68926
104433
63575
101447
75727
104906
98668
87695
97714
35869
80400
93528
86510
99511
78675
73136
89498
49746
100033
74008
74838
61832
99812
82341
100256
56239
67715
49114
50840
80815
73457
108347
65496
94587
102944
91610
25357
97850
62866
72299
91824
40873
58426
108106
100316
75564
107451
77131
91161
93120
47663
51364
107233
52570
110251
49563
106109
39738
67708
83825
62192
80443
54291
43270
77562
92198
62729
45745
49157
70282
53488
107649
65646
31542
39860
89686
100594
107803
100323
71158
75269
64443
34521
94493
63063
108216
35346
62007
112437
53055
76425
69845
89765
74592
96191
81972
79144
79103
109540
100841
109019
96827
93365
67563
96356
109437
84877
112101
69480
99557
85230
97131
95199
67019
99351
105332
91829
93953
100953
107152
45331
100621
103639
70709
82242
100085
58007
96268
98265
55632
69812
57096
96783
113754
104190
106190
34591
83873
77997
100189
107778
73259
113190
62206
104877
100423
68505
34128
104142
107676
92364
94804
32734
51299
82564
103919
83886
100000
103178
52708
97649
46916
42662
97778
77276
108029
90354
45822
86856
66504
45029
84517
32532
95313
79821
72635
101422
92473
79550
67873
69959
83451
49226
66455
50117
101327
40619
104835
98887
95235
93601
86991
73114
72490
95927
78670
74707
103771
105315
66248
97929
30296
69027
100790
59170
74255
42712
102502
103057
77573
74575
110051
109460
82399
84328
86062
92699
83270
111365
90051
62568
104041
100339
75955
72361
52007
95293
92377
61554
67835
65866
106438
55817
67738
39461
62314
42738
108445
82026
60429
88295
68843
80111
101904
104933
92397
54358
102915
108453
95182
100159
107188
104300
106491
69652
73423
47801
104648
45130
45629
72435
64784
92393
71925
100908
105168
100708
100110
47585
96828
102754
105812
53779
95883
45205
51283
89343
100632
93231
73698
81481
79748
73442
89121
66124
67958
102848
59401
57765
62223
99190
61148
54165
83026
101670
94324
67264
92218
64594
47933
93137
107145
92293
65291
76661
78253
73389
100399
83539
92955
63443
87553
49483
84235
100890
101049
42280
84089
39120
87373
103080
71148
59825
88943
94502
60156
109012
106942
83248
63118
109232
64284
105038
53686
109108
66507
64678
48403
44393
89755
101832
51444
67351
84921
69399
97737
43962
101928
80526
82701
76032
58076
76148
67554
87975
103879
99208
70796
78555
87104
106151
51211
110245
65216
104256
103639
98414
36187
61519
63030
78313
75546
72911
100153
47839
35825
96825
91855
41804
105964
76291
91644
78056
95690
85862
42124
72927
95929
68399
97948
73667
80960
98177
48979
77521
75432
97371
76905
78941
63772
70493
72279
50426
92437
54753
113936
83581
101048
102601
70972
75713
39283
91146
30439
95648
62469
57407
82909
92728
70383
70048
83004
100042
92019
98836
99540
80648
73965
74857
85841
95285
69682
103332
107575
81973
74339
92818
93928
79388
55374
96982
98064
67764
98485
89547
101327
73408
98636
105687
99830
70621
104263
53285
63568
79144
90455
45498
112234
70493
89122
80723
104693
78060
92268
86507
48049
69402
106332
72844
80382
43366
70322
100920
45872
83866
105065
94973
41611
54348
72078
104316
74792
92450
87884
65864
103832
36082
76731
65475
102452
88496
61776
69321
66600
90802
70905
70836
88543
95667
84594
106941
101185
105530
63370
78856
49256
77316
66170
97241
74438
76696
100660
106272
78027
75638
99486
60075
102720
64436
97412
65354
70064
70792
80198
89752
48682
44326
24961
106522
48421
33910
100110
81482
97475
75561
45794
109977
74624
86561
63528
93387
84776
74714
79222
44393
93776
63591
71444
93415
97148
67523
85951
100211
77276
101097
99465
96439
53604
52053
70155
94715
40408
36297
57158
90046
58114
54194
79853
87045
49171
102647
95876
76550
53152
32126
87527
102451
103255
88156
73989
56012
82348
97331
77225
94324
44710
70275
92081
73572
47700
46531
110925
67357
93167
69865
70671
95371
93548
45063
85746
88038
33582
99224
108301
48284
85899
73231
95519
106822
77391
108704
44726
46254
81829
62533
68657
96832
57075
41284
101791
78813
49821
79763
61929
86742
75472
99565
97455
68768
87836
99656
101075
43314
95407
31935
79811
96812
26514
73651
105362
101304
95086
71345
89668
66133
51833
69827
87926
80106
57135
73350
36371
100140
72299
42937
76884
75645
87335
78236
42277
89218
104671
91345
78281
105809
93147
97737
105386
75480
59792
70464
62802
65938
63223
58839
87824
73079
92767
40885
101005
45887
69589
83986
75606
102848
92372
74960
92862
41469
104805
94698
54026
76328
97548
92573
94809
44700
23162
59729
54496
84681
73276
52364
100558
56555
95963
49707
83917
70720
26859
94882
72250
103169
103003
32580
65575
75676
98002
105880
67060
97193
90472
69539
100899
83737
98807
79559
52329
94234
76559
52143
97717
51494
78340
76596
66871
55359
76892
37286
69268
109011
77131
58511
85383
82290
67849
32055
100647
73395
73350
39236
65026
109238
60218
63035
97829
65428
34212
94367
82206
105108
98731
106089
73189
58738
83232
71567
102078
83801
85827
65208
78163
74063
43473
101594
99855
52429
91300
66860
100658
85871
87429
66453
56569
60664
64794
101578
81668
69380
64678
73997
111558
57381
97068
81285
47251
103697
100435
54873
103365
106594
54798
47788
64565
90657
74823
88967
73998
98140
84292
51443
95827
86651
97727
99151
51556
94426
94038
101758
34119
109003
102196
96569
84259
83088
115401
95065
54692
54388
108113
65567
69220
114759
70677
59272
58962
101980
103391
48733
91811
86303
91205
87653
73527
82158
72222
69396
100097
109983
104185
103832
47687
49082
102555
92781
100472
50306
63303
74163
85886
105007
70942
37850
54638
93900
73966
93764
57133
101088
91837
105386
80971
84056
76436
33940
61326
99176
88618
115959
66989
48051
60030
76267
108152
75088
89319
79309
71021
43174
91966
45751
102810
95368
83087
56170
103073
68747
111896
89155
53402
103086
94620
91755
109108
35276
64179
85820
101388
100328
92135
37770
95285
108131
67149
86995
59418
70836
28014
80034
90612
57489
56555
86372
43357
90605
75222
78880
101977
35065
50362
87432
107371
96137
104969
95234
59272
88389
82915
103786
65705
104897
77098
70190
37785
96207
92550
97361
78845
57282
28468
78675
62903
56968
102127
91095
64665
54075
103197
78420
47244
68123
53730
57438
92449
38849
84622
104943
90860
66334
90036
73570
96117
42920
93473
100516
76815
106525
60499
40379
46840
75627
41886
75763
73513
74196
86289
93451
100525
52082
82359
77749
108468
91634
82497
81494
87091
80479
99367
100510
76354
93373
72329
92485
106205
106107
46185
63642
93608
84944
83033
104641
89863
73846
88595
57135
74643
79662
70464
87907
66939
72831
69360
73499
110540
49529
98067
90632
109611
46895
52092
52766
64665
93536
103088
86335
103798
40554
64697
96607
90386
104400
111627
47502
69055
83322
105402
34507
84121
105577
50048
79978
68549
66871
61435
64239
100690
101425
96334
52917
60897
101930
75754
85068
44943
68317
85499
95534
77227
99275
96652
72258
91452
84064
55211
44791
70928
90753
45673
94324
94011
46028
74796
92219
92269
101853
95065
75478
96935
74983
95942
60582
106867
103443
74833
51076
56797
92263
77027
92979
88137
87878
77947
81905
68416
105724
98867
65953
98783
104867
80860
63282
77739
100873
87316
100163
80875
57257
75458
28969
85006
61929
89073
77613
25595
87686
74298
101209
94235
54632
75666
70587
102769
99475
104820
61428
84017
41069
110307
81213
100954
66999
100659
108491
101657
46166
98470
73937
104251
100897
94826
69565
89222
43137
92459
103316
56286
55478
73492
76533
89823
39667
84612
105288
69480
69181
46531
34647
90006
107196
110561
60837
101444
55448
93756
96377
86510
62658
81631
42965
95532
41493
47192
85125
95703
102480
105714
58132
64239
56773
82764
100345
86370
89034
67480
62355
88533
60030
70296
77576
70329
96669
88014
89640
102452
88860
70924
84060
82311
93714
73228
104796
108594
80346
46486
90394
72435
42939
91255
63623
66381
51883
86561
80162
97715
103118
64993
32276
42157
77253
95850
106680
44149
100727
56582
67228
107998
107170
43733
11169
94776
98732
53814
95816
91702
95647
101508
25555
89446
44735
78524
91532
105570
102636
101527
82132
83188
87811
97201
84724
106210
81634
82169
69548
58709
88456
94881
34048
94468
103901
67211
81382
93144
47556
104342
67665
77028
81435
84127
99383
67291
100256
101726
70011
67650
89430
101849
89638
106453
66380
35285
29602
105531
20078
69841
39984
95229
65258
98171
37405
98140
110304
108126
78628
44900
95829
32444
98441
92751
76606
93200
67646
46786
45447
93455
71458
81290
87504
94885
89731
83064
49757
58881
69781
64184
87766
89079
75296
31078
66503
90547
103238
84389
70814
59484
44075
98665
64826
29590
43143
97696
95041
75357
55525
103975
101338
59033
73623
71867
94909
68155
70134
37846
98134
104190
64861
99084
88499
71593
101975
62069
65859
70824
35895
93591
77589
45749
73160
84089
65491
96426
75001
81473
102659
66645
86836
58964
93874
62373
92862
58815
81611
99712
81182
69486
101885
55187
81174
108830
38999
74339
86143
83464
95075
102897
74796
101821
80723
106939
93721
61829
72522
43235
82504
97710
103813
97249
82859
35411
109245
86548
75686
67868
80350
105812
91859
51453
75320
60902
74626
88943
61064
69990
51657
70913
51825
86161
79480
66473
98648
100323
80023
86223
74791
67410
108140
35660
78367
109634
72875
41833
67807
70275
43535
98399
69265
98220
100816
72367
53199
111902
43630
104805
73891
106746
90024
78150
98648
100624
60782
106132
106501
116869
93718
61093
101383
89550
78140
79592
35571
66288
44831
100058
85996
74577
42966
94879
101095
93341
38691
75007
76522
76489
90547
108903
44841
104263
74138
76042
71335
90291
71367
37790
84833
69396
37281
102619
87026
88096
93659
107455
97518
88218
102786
83532
41454
109615
41003
89544
96361
77339
86313
95505
95859
40264
74778
112739
107906
48166
60386
92812
80053
57449
108168
77378
106620
95852
91071
94976
104410
102052
116775
87921
61558
44976
102800
70226
115568
99080
76424
105047
93843
102730
49827
37922
61274
70405
92735
47623
103407
105174
69770
95891
74540
72156
103916
99218
89914
78140
44745
77312
43220
79576
80067
104624
98876
62183
86424
95824
76022
91935
93396
84147
108490
66943
98038
76013
46056
67549
100690
100859
45447
94163
97173
100657
79592
57249
71733
86252
96637
71765
62041
76363
80086
71319
100705
53099
88298
65355
68337
41310
101902
103068
85656
58979
77024
108540
98657
51907
104160
98756
98416
85959
97410
79821
65528
102111
85728
58126
106493
81563
42326
56548
93744
46571
89518
95032
98734
94977
81676
71497
96702
75805
70423
63953
111846
101159
88429
73897
87542
62058
101615
81694
92941
97658
53112
105150
101752
102232
60426
86407
81157
58329
98731
74691
96647
39308
97663
44001
101068
114010
76204
82311
106708
32229
55146
71043
95817
32112
65622
67010
99019
60396
108715
40709
84494
56950
63265
92394
72170
47493
98922
64149
72595
55548
48740
102101
71561
85682
102164
87206
41469
69561
109756
49433
64772
66301
101553
46056
56238
50595
34034
106799
59174
44939
63433
78158
74733
75866
64169
84415
98678
50539
50972
93530
83033
68137
106013
95655
41331
41846
37791
70960
103879
107292
93267
46007
87179
94493
108230
106418
90937
60960
91610
70606
49376
85984
82224
96197
58925
65086
39260
59503
78448
74809
89901
65391
108738
93821
94692
66084
66645
55739
71421
81276
68484
52425
89883
49308
105009
94556
92188
97725
98877
56164
84628
95736
102940
64601
87619
38318
38446
66951
103561
75759
76484
87566
76662
108831
46180
102656
59150
102922
88030
71052
72361
35521
101716
98555
98529
40223
74889
89576
84118
64899
79081
44907
101093
87112
89231
47235
70696
107333
95445
79178
75528
111487
52495
38393
48102
79305
78218
99303
98983
96334
92334
85332
95582
70924
98064
44570
82704
71299
104973
93507
85161
91443
98989
50073
80880
64073
80368
92678
94304
81048
72036
61783
77433
100368
52923
75591
61212
43864
73933
96892
88170
80687
68140
79645
97515
81942
44077
69989
65157
108232
47614
77701
66803
48111
99275
108886
100488
73780
45206
103068
27615
59792
67511
47916
49682
99300
48598
69736
45795
82104
94620
42599
72427
69957
82569
72806
105505
95181
86986
57688
77264
101653
101782
53143
51536
69770
72885
40884
80268
99339
61974
63104
99783
82650
29588
75634
56136
75327
89041
46600
81610
97458
35590
49979
107075
37004
95065
78047
108910
46265
69103
66119
64917
89377
56950
100961
114010
101450
97138
94937
91592
69032
111678
56637
75092
71584
74510
51446
41062
104037
84483
97148
100131
106826
99368
81579
68910
99398
56816
94916
68118
67982
86760
75678
61761
103009
51086
49901
63957
91101
36781
84904
91999
101384
57684
92552
94384
83992
43162
98291
76055
65482
32327
37004
93387
98425
68710
94210
74162
35631
106789
82022
97012
105210
74596
37955
90013
60745
90064
101648
103591
61213
47355
73827
70663
94413
51797
69591
71993
101976
112046
57331
79740
104294
68681
87771
97259
73253
55672
84828
90828
75432
49207
72050
101323
70894
90238
61636
77714
81284
58134
84624
74807
58871
56399
52748
44904
34343
86448
88521
74688
81435
83634
50429
78610
106799
50923
100753
44318
52306
88780
81094
92022
105635
40045
45694
64432
94639
115381
96117
97131
98308
58543
89300
65495
98778
50251
78965
58135
64179
76449
83642
80186
49506
87913
78622
96996
94970
109920
73889
92760
65028
69567
57322
36270
43354
73455
105272
44178
73448
47052
43092
78313
83563
105846
104841
52594
67106
99690
63283
60271
43837
79700
99369
64746
78041
90954
73410
99778
99370
45428
64044
72248
70855
92836
81974
98620
101691
48420
41924
110116
108219
98990
72258
82993
88684
68609
100131
86637
43498
88591
68242
112585
81947
63150
107781
78031
78291
44265
48727
110850
88858
92484
67310
78513
52570
76064
54757
90954
67197
97939
88880
103011
109794
73431
83263
35459
86603
87597
106459
71263
104730
67782
106107
43204
101304
99922
82667
80264
90611
106523
100222
79803
79377
54691
94542
55257
84777
100278
94267
82215
67377
74383
88809
79094
70809
80414
63076
77549
37791
76016
99333
69955
92159
53304
71855
100191
78007
86967
56791
90584
30739
107366
45684
69474
62750
40239
90887
79539
83250
99067
59457
41075
103703
90602
84190
70866
60097
111074
101837
51405
88804
75662
60888
93360
66512
92750
107959
100595
99783
57964
81399
85495
108640
37188
68908
93802
85479
98362
53852
62446
75528
107824
87463
71465
61085
83156
92751
85637
67935
89876
106842
71259
68360
77104
101436
112205
69301
88780
52870
94968
75459
80526
104108
90633
67141
110474
95798
76039
80985
96762
53994
88995
105649
47399
90352
79727
58458
104544
107107
84050
76866
99027
43396
42157
93491
77589
83622
104580
83087
41061
87753
100069
75668
44685
107980
76291
104224
86984
70745
88513
51077
83173
62948
68926
94266
70485
46904
79365
99377
48404
84876
63004
105660
65566
88440
97135
34875
49429
37310
85769
97140
58493
93547
110534
51433
108527
50430
55868
93743
96082
95673
79858
65093
95606
100345
92748
81482
41445
63211
79162
104977
31119
114296
52515
49924
49899
72258
98120
86616
59114
89031
48279
71963
97235
104247
53858
64601
50014
107189
98982
106598
91096
75065
52501
98888
71697
90104
93549
98249
67982
63211
93054
35764
76982
93117
81997
64216
95195
101066
38766
69274
101876
79972
108981
106809
70057
45450
73230
103552
76926
42328
102237
94725
77365
62477
105237
79431
73615
76998
97160
45183
90915
61852
52026
75873
76877
86500
99104
106772
87926
93420
59317
88588
89046
51078
102820
81894
53306
52858
67789
70961
75399
100637
53417
82853
87966
100635
103894
41361
77216
50726
89601
75300
98723
100600
102847
56007
79176
82630
98961
62916
96786
102445
87922
60976
87388
86800
53295
89262
37856
100024
80437
97226
67511
98900
69129
108540
101093
75729
87378
30536
48279
102287
84185
82168
50726
28509
63146
73340
81421
101185
32930
107730
78941
31104
57131
62920
60150
85007
34514
50665
73359
69108
39656
105786
74449
90915
100248
89322
41514
73589
84655
85092
69982
38017
113419
72273
100245
37052
80637
71605
73638
82633
90385
54044
90307
61829
74153
89543
97001
79074
47814
73276
105321
72645
84142
32168
86801
71207
87469
102765
91206
80901
56971
98116
72763
57367
66410
74367
79655
67914
99934
90584
104346
63481
73474
93950
95978
100885
54490
74352
90077
91228
67710
95883
80159
79806
88185
70031
99850
43043
104031
50690
86454
83728
102033
73401
56428
100278
36334
100972
36187
98717
92678
102081
74634
93206
102548
68559
91327
51758
37527
54583
68099
103415
81414
72065
93486
66666
80007
75088
81782
53295
97354
90921
98594
72298
93295
69996
93911
111491
45487
75622
51586
63281
67598
102889
54680
69471
105897
76203
54677
76538
69779
79608
100781
36937
62842
95201
94461
100348
88443
44862
85563
76557
57990
88323
98598
67575
98849
65742
101876
87751
99172
32273
40545
97177
63311
92573
74543
85826
82909
49490
110280
92307
90369
62534
102052
68266
56544
67421
91777
102138
50622
112482
97538
75771
37891
69265
76977
91761
104016
70312
101469
83952
89218
76739
61695
55221
82630
70344
78578
96214
85858
44093
101484
59733
105421
41093
104585
74641
70733
72202
78959
80466
101404
93659
72822
39221
87240
82154
61565
91297
72290
77843
44883
81883
83500
71725
93469
76939
56498
62353
97518
94895
61191
78843
99854
105006
88370
87323
107449
76598
36700
104580
93902
91317
77453
38842
68420
102587
100757
73228
45667
65763
76731
106977
86885
40650
63686
111073
105802
88964
90304
68569
96874
83956
80264
92766
94659
80694
87747
70381
94788
105490
34836
65374
74820
71655
80109
95892
91638
110232
94168
66549
96969
69425
100888
98399
86712
99691
61047
66985
99984
63458
51001
93600
102636
83645
27977
68948
45696
89686
94955
72772
80956
78010
51114
98815
50617
70745
51050
107439
68281
65886
95922
64133
41176
49220
79862
87736
98382
85024
68709
78941
95484
78886
101733
59831
66103
111339
54139
102328
87875
76277
72728
88628
78898
82516
92437
39783
41158
89763
83161
98837
89833
74808
99177
105008
93280
99979
57532
72216
52881
89763
47700
70104
49256
84448
74020
69437
91345
52049
73253
97190
72904
67591
83915
100195
52438
66126
67353
72897
77140
48161
35412
101980
47461
76280
95916
79781
87901
50049
87563
83156
103257
33982
89831
70972
69331
106221
85567
48476
99304
84117
66269
47021
57684
92839
65263
103335
56241
105533
70810
53099
43360
74941
101716
63751
98124
29703
58586
70277
62916
73878
63924
36295
87869
98241
72700
76645
74427
48236
75225
77855
88443
72378
98780
71336
103208
82770
95029
49979
95246
65566
91971
65272
89875
98227
94716
48242
48358
90365
63761
58266
83034
103033
73757
88007
101877
27659
100545
48632
84097
105753
103440
60277
93766
36526
21360
106237
108118
87174
82395
43117
76481
85866
98012
66881
52184
103120
96816
102609
92797
108282
77732
80162
45447
75821
106210
84594
37777
84547
87527
63827
93309
64920
101254
104466
45932
78700
52261
71583
79567
110993
67627
97003
72528
37593
76470
98484
109438
76981
94125
110190
34307
103439
108158
74170
110574
87790
83033
66976
52710
56797
70308
39499
65216
86072
43754
105313
44124
86967
64109
53306
109581
105530
106331
89364
86245
107515
53435
85710
80093
58595
90189
92887
66663
104978
101892
101362
53800
97587
63882
61213
108762
50957
70077
47935
104777
98391
27061
61861
59987
72767
70606
96944
96851
83614
90096
67591
69060
79224
70430
67110
68720
108201
105062
77014
59853
43901
105740
76037
68002
95422
97016
81586
100476
65819
30010
47862
102683
76986
69680
76017
93428
68985
67316
99402
81107
92767
79480
67232
86884
67918
98377
71333
106584
77712
92672
92224
94882
97270
93443
97791
74841
57536
51949
34954
65272
90064
53840
87840
66971
87122
65855
109877
76849
100850
61773
89430
68498
82882
49514
97987
91949
88304
73026
98679
101706
108636
91049
84964
58266
85557
89863
101124
77314
101980
83590
41240
71968
112639
61473
108257
99377
74225
55994
100635
81912
85600
44032
98228
49291
48223
92442
36691
52072
78821
68266
102776
38125
49635
102927
110210
75837
51592
69734
79350
78995
85887
75492
74699
55686
36428
59169
34883
82955
103296
72553
104928
69779
58757
94781
76115
48902
69337
68730
88075
53318
94268
96466
70541
109456
91383
84865
99492
91366
99481
97068
102374
71871
105043
60681
105802
71698
53048
104449
70604
58764
99668
82568
71155
93103
62443
64218
53129
64180
40834
68141
111654
46786
75574
84472
69133
71462
96361
74225
94498
108252
95065
86235
99171
93189
95272
106843
76827
104900
72925
86080
95186
65707
46364
85936
67957
82630
102174
102451
66486
43611
64234
36947
60013
86005
94323
101802
65216
28046
38344
87969
110677
70046
96750
63335
65506
74499
93826
76152
74018
39177
40803
67213
105687
73942
55497
38146
99678
101962
84539
107101
80036
33884
52325
43488
85295
86584
75745
98039
83130
70534
105069
106386
87340
95499
76696
48848
52093
58463
72844
71049
44534
104292
96982
74170
108459
73160
52545
38158
83536
67625
63622
73384
62593
89198
104349
40635
58604
82607
48611
80010
65097
108152
74704
91209
93834
43257
55472
93588
86594
70052
105088
45989
79133
89963
64024
107741
94746
87128
77163
101706
84039
68155
42044
39345
69827
61607
45897
100457
74433
45453
88910
94090
78297
43471
67710
99232
91896
89846
98771
77231
51829
80594
100704
68035
74751
68681
39057
98738
101997
70576
75365
54549
58516
66781
74465
103432
84889
76886
79532
65178
19454
74169
95935
51435
94320
76035
63819
110774
85771
79427
69982
98483
47837
46759
79362
70015
64776
92342
43236
70968
105881
93612
91971
76097
108715
109658
25242
98001
66020
94234
40551
95211
74597
49754
85030
59242
49407
102863
92397
102440
115146
49237
84455
55357
85059
67233
92857
106864
83172
72657
74451
64334
56783
76596
82034
98913
75758
35724
76293
90485
98462
85900
85971
70073
66198
41855
100292
74639
77445
75716
91961
102817
83966
51747
42864
61561
59165
94304
68840
91042
80289
105509
91408
81433
71335
51330
44710
89510
79931
72369
102291
70339
49756
84925
69585
106930
74962
70169
104767
49776
49913
73874
89220
110116
79645
48110
87998
42541
106168
97117
50606
52773
82577
105300
63850
89225
87423
67169
88926
73388
36461
26693
39168
70170
52495
100209
104769
72750
55853
35813
50820
93694
82685
85367
45438
110051
77186
84223
104916
56481
83127
100402
92206
69825
71592
86584
77258
41341
74035
45669
78506
73638
73633
60895
71513
105365
67301
43234
32021
97515
75333
57204
57748
72443
101741
67259
52419
72509
56666
45112
108185
62546
66380
105942
98872
75848
99243
83172
93650
91420
82287
96832
97155
82376
37068
37461
81212
51424
57383
108519
78867
68856
53514
75627
106025
92714
59242
90768
91946
61809
76164
70770
108994
102469
25411
105192
100869
86922
93594
33844
54911
105932
77391
38288
108886
70718
56140
70942
98581
41599
65558
45822
80637
68856
81804
38036
52527
36516
84958
97733
48823
99208
44318
75832
66439
31378
48125
96272
66410
68248
102026
83975
65899
93574
105702
89447
74309
85044
75713
68975
103318
63265
104173
102455
95919
88761
103096
72974
104337
78110
105443
100105
94698
111019
109915
88698
91861
80132
87416
106450
104482
98973
104273
95740
91507
69328
69644
96779
76538
83674
92857
74709
107750
96823
59945
98399
82149
101000
103963
88146
74125
97719
93930
76316
81436
75755
91830
48509
87045
68026
99686
89704
86659
105773
76788
72390
95999
32407
75872
69967
74383
91562
79260
110150
51582
77951
55996
42168
66193
45609
105851
57108
89669
45735
64347
101130
100330
51973
58352
93883
106832
39004
60474
75781
71770
48430
91446
106109
84477
73740
95950
108752
108286
72306
78124
99187
73447
41069
88426
56265
81174
95788
90367
115923
104235
103922
104958
75153
94614
70422
81426
95260
95141
91707
102180
74409
40213
96256
51697
40884
95166
40154
60936
76614
102941
90304
84327
71158
103042
33475
95302
55639
76002
99542
42715
99737
77127
97084
72552
64185
82902
48684
95009
97808
112914
46533
96938
40633
56126
51590
74135
86879
104621
76568
87671
95653
83846
71992
76411
78295
96726
53239
100383
74963
99169
107906
62044
80702
75105
94198
103236
109257
71765
111448
100582
54768
32276
55936
80346
80725
43289
101497
37518
102793
58520
106155
35310
74602
89439
87055
77921
103490
56816
93315
47482
105401
80235
40045
75805
88330
88872
91263
71309
86154
54074
72185
86371
35512
98983
51169
80828
106255
44571
84461
68248
67327
49034
94248
101794
73818
73490
95719
56637
80570
37559
105972
98734
71927
75135
93759
88638
80875
86076
31848
83530
43981
46855
97443
50611
69212
107219
43073
84092
87055
107823
45205
88659
57309
83861
83572
66382
38505
73187
65374
98860
61502
105009
68058
94877
72580
18112
39128
100861
42799
97447
88264
100402
113235
109794
73926
41498
82232
98301
90644
96888
16743
38048
79988
38362
76152
97756
63391
67586
83318
100521
85413
75640
87080
99009
77727
73182
102270
44294
78455
105268
35232
78066
90312
103131
94528
106418
99357
64102
52742
86001
76426
103327
63051
94403
67662
69568
86416
82948
49563
17958
76449
79123
87474
57587
49571
98729
104882
40254
89369
94003
33404
102077
80353
52077
98606
106052
52444
86799
78101
65829
75551
103255
77068
98228
38673
93537
53972
80204
99426
55971
91500
84613
56856
83632
19454
86445
100405
51693
63128
96060
108542
61238
66889
70539
77941
105494
68334
87710
48345
97289
92573
45339
76127
74394
42542
82115
41822
94795
77712
62508
56151
90314
55121
71106
102079
49707
62178
91823
111531
98225
102270
106973
101648
102596
74977
98947
62142
73101
94903
36275
68400
99140
95942
86082
71423
85344
73828
61014
82709
96369
99632
66573
97021
91949
91104
65798
98858
88466
91413
66633
63863
31952
87747
38293
92945
106142
90633
57210
84127
97795
67858
102809
67935
74498
42715
104491
94753
52207
58517
55079
106932
93054
82831
66829
106583
69986
85742
64169
68249
71864
48322
67609
72489
45050
100837
89161
45198
100622
91917
99997
94591
68111
50039
92439
93525
93399
84072
95717
36736
84992
70127
106109
67485
81894
69644
105113
84145
54521
66662
97723
97269
98373
96776
109650
75480
56318
85726
57162
94359
74833
72745
108120
102875
36362
60681
107679
48100
108232
24656
56835
94436
97107
86556
99045
53093
78475
76426
76868
64035
83443
109015
85659
93028
71805
72433
106996
86256
53435
97156
58566
93365
65860
52600
104940
92035
97395
97691
77510
81179
60526
57821
101022
38565
89729
74559
76268
74889
34954
71126
116029
69388
81944
106509
69524
97083
35455
67868
106748
69366
39909
49509
81586
105094
81414
98670
88310
84878
52679
94050
88175
99263
107296
46806
92090
91452
74922
92766
42850
71290
70402
103752
72851
66524
73835
66551
105898
25026
68276
75771
57426
54739
103998
102198
106907
86072
31312
56210
37183
108282
76110
76393
60163
95267
56637
88638
85499
47628
102493
65841
103438
77086
52725
56933
76230
72042
92092
54763
52419
84442
79558
91388
72198
99334
97887
44048
102255
80256
109194
43980
108118
104584
101869
105373
86891
32511
102381
106366
80647
43360
49643
61656
104594
71515
78247
80472
71623
68633
79847
89319
58063
82594
38674
93535
78033
51556
67608
98351
101581
73345
73893
100706
70788
64705
49836
50917
66898
86072
96583
87129
76196
80127
88160
107349
104863
84779
102325
105477
105686
79729
78271
82975
89036
77535
43011
109875
65796
100221
96223
68043
100754
34202
75012
42157
88881
98674
60474
53230
98493
96533
82109
104281
90808
97409
50263
52137
95297
64721
97309
77209
92921
103587
58120
83194
69363
93017
67843
104612
99614
70410
99075
108134
97613
38616
53763
98012
66985
78066
92022
98434
102359
67333
81118
63222
79069
93573
66955
74656
73627
102993
51452
75514
75874
80131
98641
76950
63541
68459
64910
37432
88782
55673
107616
55600
102459
101549
110722
108257
70167
97032
98595
95905
101937
63481
100736
103120
57738
83224
52483
82497
103655
73822
105364
103344
108521
43895
49119
92633
84142
41615
56191
75809
99678
80620
88096
37121
101896
65648
85298
81251
56540
47947
97172
85375
81494
98673
103407
46498
76731
76872
67485
91157
84939
46102
37023
72806
51187
49579
70456
100033
45316
100131
94557
85477
99297
57089
97098
70159
102495
36082
69428
53738
101763
105871
91653
82492
96468
108569
74717
72521
86050
70996
46066
72810
77972
75224
86468
95211
72052
110749
79894
57132
45904
92767
74160
105997
77235
44767
93138
94401
75135
57542
94248
110689
78971
58537
72382
76411
79605
76318
58919
47556
98036
91999
94757
61785
60788
75380
76678
100442
91208
92166
34858
46263
99517
97094
34530
64974
40193
74930
103218
44849
52647
104814
46415
72488
92791
73512
53322
46265
107436
71423
65697
85174
102335
103857
101995
97347
74692
101239
83708
63551
63930
99524
87122
103582
103080
67591
66334
83482
66005
106238
40872
44668
74922
49761
75470
104227
60013
105936
69952
48328
70913
75803
76356
86458
76568
86863
81752
95624
112254
97709
67945
72375
73578
89149
77805
46806
101357
82414
87265
80547
98093
87948
103752
70908
99970
109701
105968
63953
66829
55399
64767
80004
39461
52364
99678
84752
109057
111475
99066
76016
50606
70837
89430
98769
26350
90538
32453
98245
92069
61502
101284
92270
86346
83920
98078
103656
61232
98860
82955
61369
81160
65754
101733
65999
98860
77429
60949
37539
77293
103157
103440
75732
24067
70342
77179
72701
53357
99300
93357
29703
104470
86943
87983
109258
99166
49625
55330
104593
45827
75645
55525
104139
89738
87987
96622
40779
96211
37921
98434
48167
68606
72048
87839
40678
85908
105372
104482
88598
99016
91479
95353
83612
93295
60856
73964
50324
106237
104856
101930
89876
95431
90411
99781
102984
74065
69641
108984
100248
89409
86900
79258
78090
90416
102537
82561
73698
98057
73695
59415
89366
95124
105954
99218
106920
90371
68971
77308
77320
81983
76688
23789
74238
76013
62083
52725
72078
97770
73846
92711
75992
103023
94977
104918
42216
98644
69770
60515
40411
92386
99977
86414
97201
57684
101022
33942
94885
89362
83045
97259
102359
106721
106217
47541
51857
106432
69278
75645
64222
36496
97953
53174
42590
93339
79583
66560
57087
79231
79784
99444
36877
103117
106583
73349
83879
88053
57404
68337
100664
86093
73604
100557
65608
79445
87504
90705
48420
58135
72829
90470
101863
37766
74837
70913
77420
45438
78284
95740
74541
72623
81180
109836
43793
111220
104734
62703
88968
100181
73749
67683
107959
87082
70606
48305
63311
73101
90002
69808
75567
80192
80261
103822
92640
36673
104306
68846
49540
86333
79629
61917
49863
84662
111572
66704
92858
61708
76223
74511
52018
105822
105393
86206
65983
73898
114474
109099
101276
49580
54304
49540
67266
101147
63806
65586
44078
51829
102601
77150
97732
78396
84590
88556
87646
100063
75345
62534
70096
77072
63245
75246
58665
90595
62637
94390
62939
68117
65749
69766
79600
85187
83413
75137
66302
88622
106221
81392
58009
61553
54858
106854
100461
69471
58955
69411
85572
95670
60410
83235
68972
106789
83540
95592
55978
106201
87625
106462
94753
66574
40728
76031
97915
102623
82119
53174
81799
109712
85987
103411
81815
81547
76432
85410
101851
30582
93642
43011
93352
44632
74618
98399
100240
102078
71727
78803
64592
82461
83620
98084
69437
104911
50604
83034
89818
58516
50962
96066
90024
78101
86898
58230
104979
61037
105299
86763
77590
69161
100442
84336
60181
105157
74163
100151
66302
100883
45459
77346
68407
78766
59912
95356
74177
102170
71733
101633
84133
49256
82488
102686
34435
68553
83523
55922
79444
94929
70899
50235
97400
64790
61680
100516
65244
69347
99287
52283
86457
91856
90568
73175
77007
80418
94485
68411
72728
40912
73395
90336
91174
92109
77896
32476
92051
92556
100069
95822
75034
74376
49476
38972
108844
39410
80239
84812
83563
85028
94788
62142
92691
70086
80003
99560
90213
62805
84710
90066
42714
24505
90107
69459
99333
54680
100423
114247
66103
99699
85288
103682
49490
67836
71628
110295
58458
97925
65471
45582
93284
66239
89762
55617
73231
94085
70786
75157
78441
109427
107744
100634
106522
69818
41252
76997
76317
45451
42892
86245
55526
102955
71461
34384
81562
104765
60819
73935
71287
81172
98568
67399
54732
84582
66695
71894
98521
101022
61761
72285
77644
77824
113981
93621
32001
60104
89315
79559
100513
104958
59530
44376
47133
88946
104730
63068
70268
76000
100351
93338
81482
48802
88806
66737
66449
75151
107836
41590
70853
73158
98277
105336
102986
105040
92279
81306
50675
46837
77849
92824
85684
74526
84986
40563
53844
91030
99049
88145
77270
55180
92120
100604
94184
77204
53844
101839
69902
43014
36861
77036
103959
98142
38674
97551
67288
50151
96633
86923
73803
43857
92947
46391
92081
78732
99875
59097
87018
78373
93465
54149
61474
69910
83004
97864
34153
101909
101108
102112
92479
91638
107337
101294
71606
86935
112123
40779
101147
69290
77113
85716
89309
49258
90048
70001
50037
70368
61211
97618
39668
59061
106973
97312
81344
73118
51076
79817
106628
98888
68968
66455
86665
50173
70077
81933
106345
93493
40570
103840
73040
93745
69825
42798
91900
103061
87364
90519
95229
68698
41970
53337
71145
74691
90961
30086
68398
95942
97942
86469
65502
98465
94324
54894
57367
69103
75683
83685
58502
96991
105596
84501
102446
95535
99744
111242
92650
79059
105976
78672
92921
61688
70796
116036
106518
94508
95399
92578
62332
63770
56903
100660
82289
79281
61592
105570
99304
109184
98265
49152
73635
93796
90967
96786
94020
100921
93375
87160
67523
94812
102947
69035
43271
84050
71805
104818
69973
36798
53114
80807
58424
81300
102190
102262
78984
38625
98083
87734
68242
84425
64335
63433
92858
74939
66892
92485
79918
96701
102518
94527
98481
108690
71628
108438
102732
96674
88160
104389
76324
42540
92791
81770
65483
47879
73360
78117
90066
73171
83358
71581
100463
94467
90879
83268
106251
102799
102721
99645
94058
103077
99642
41404
76742
101668
99866
58437
82290
76571
102965
108007
65355
53195
54804
89540
59187
101938
87790
56019
76830
72299
109057
94885
91600
55740
53535
88009
37745
71498
89956
102628
102849
106084
42261
101768
96932
96497
42059
88660
52669
41527
104099
84864
49384
95994
76511
99402
59912
55151
50245
66237
87318
103208
70837
107001
44689
69412
91855
92063
111657
66243
76191
90697
44152
105635
38149
53174
102467
95112
68771
32166
92061
98768
95726
108051
61716
89422
74806
77098
89351
39541
102517
62137
85616
101927
44395
101233
98360
53289
45562
108726
52175
65566
56337
97756
72094
107287
81423
58761
49292
85491
95980
33643
95656
59526
50723
99524
102680
48144
60687
86717
100459
68071
91219
68796
101484
74393
64874
27079
54947
104457
72976
64656
70461
60304
64149
90754
65677
78378
90631
83156
105357
97414
54458
62920
69795
88959
106507
68149
96155
71417
81078
77511
48102
70326
71444
94264
94115
98181
99872
80555
90104
82674
51433
39909
70112
114093
96106
31378
102613
92772
108200
95972
98830
99560
100963
109054
63386
77252
50073
105047
75926
56937
75674
46210
71202
103307
57821
89447
55068
35226
97940
89614
70245
90027
79116
48357
36730
78088
94760
100033
51552
76639
101771
62392
70435
42274
107528
82868
96242
80346
112591
74719
68319
75345
90043
100613
75168
49937
52425
98386
93580
81080
68669
97115
62735
75160
86448
63954
70104
75068
106034
79962
77405
90337
45066
98085
103371
102190
68895
97476
86747
32580
93762
98313
65798
103003
100527
70348
31271
90803
75318
102794
73013
86904
90760
98941
82130
99573
92752
96402
66282
102232
88352
87492
92267
95920
100938
109566
94403
53514
73313
63554
85034
92797
76240
85826
90372
47017
100327
107413
88439
75365
47273
52007
105691
92506
76328
42326
77296
83475
105927
74795
48076
