28992899 2902
2902
10481048 1049
1049
41944192 4195
-1
24322426 2433
-1
42564253 4258
-1
14761469 1481
-1
17691699 1801
-1
36543653 3658
-1
31723169 3181
-1
11621160 1163
-1
14051405 1409
1409
48834882 4889
-1
39223919 3923
-1
42734269 4282
-1
816815 818
-1
38023802 3803
3803
38233823 3826
3826
21452143 2153
-1
682682 683
683
662662 664
664
26462645 2648
-1
19921992 1993
1993
27382699 2801
-1
873866 881
-1
20672066 2069
-1
16451643 1646
-1
19731968 1980
-1
31293126 3130
-1
35743569 3581
-1
18371832 1838
-1
35853583 3593
-1
12281226 1229
-1
43414339 4343
-1
245244 246
-1
676669 682
-1
29652965 2966
2966
44064406 4409
4409
847845 848
-1
47884695 4801
-1
26652665 2666
2666
44634463 4469
4469
15851583 1595
-1
7069 80
-1
30013001 3005
3005
981968 982
-1
14941493 1495
-1
31343133 3138
-1
36583658 3659
3659
10161013 1018
-1
47884695 4801
-1
16351630 1636
-1
30183018 3019
3019
4545 46
46
185184 186
-1
483482 484
-1
48904889 4892
-1
11081103 1109
-1
44194415 4421
-1
32123209 3215
-1
175169 180
-1
806806 808
808
18321832 1838
1838
44594451 4460
-1
27472699 2801
-1
41104106 4111
-1
347345 349
-1
45894589 4591
4591
28412833 2843
-1
38323826 3833
-1
22142213 2215
-1
17551699 1801
-1
30433041 3046
-1
997996 998
-1
49054904 4906
-1
13291329 1331
1331
46624660 4663
-1
881881 883
883
40644061 4069
-1
26392638 2641
-1
12861286 1289
1289
26242624 2626
2626
38003698 3802
-1
30733065 3083
-1
45734569 4580
-1
511509 512
-1
38453844 3846
-1
10711069 1082
-1
977968 982
-1
20052005 2008
2008
49144910 4915
-1
23612353 2362
-1
17131699 1801
-1
21592155 2161
-1
37293698 3802
-1
15611559 1563
-1
14041403 1405
-1
954953 955
-1
23882386 2389
-1
36513649 3652
-1
13661366 1381
1381
970968 982
-1
11931193 1195
1195
12461245 1249
-1
453453 458
458
864863 866
-1
42654265 4269
4269
45164516 4519
4519
35453543 3559
-1
21402138 2141
-1
7169 80
-1
12141213 1219
-1
15681565 1569
-1
854853 859
-1
852849 853
-1
124124 125
125
18621861 1864
-1
17811699 1801
-1
35243511 3529
-1
30263023 3029
-1
24492446 2452
-1
19981996 1999
-1
16881688 1689
1689
30133013 3018
3018
35443543 3559
-1
17081699 1801
-1
35643559 3569
-1
39013898 3902
-1
18881886 1889
-1
47614695 4801
-1
47534695 4801
-1
40944093 4096
-1
23342333 2339
-1
440440 443
443
18061805 1808
-1
4646 48
48
8888 89
89
33623362 3364
3364
48874882 4889
-1
10551055 1058
1058
584583 586
-1
38453844 3846
-1
25242524 2525
2525
20222020 2024
-1
25042504 2509
2509
35453543 3559
-1
10651063 1066
-1
24482446 2452
-1
21852182 2186
-1
19681968 1980
1980
46134612 4618
-1
197195 198
-1
36263624 3629
-1
14091409 1415
1415
113113 115
115
17031699 1801
-1
29752969 2986
-1
12161213 1219
-1
28492846 2851
-1
44584451 4460
-1
37843698 3802
-1
40394036 4040
-1
13581353 1359
-1
12361236 1238
1238
507506 509
-1
45664565 4569
-1
607606 610
-1
866866 881
881
39243923 3926
-1
45864586 4589
4589
784699 800
-1
49364933 4938
-1
815815 818
818
307305 309
-1
20392039 2042
2042
45494549 4555
4555
30193019 3022
3022
31463138 3153
-1
572569 580
-1
513512 515
-1
15381531 1543
-1
42044204 4205
4205
442440 443
-1
3939 40
40
255253 256
-1
30233023 3029
3029
39643964 3966
3966
13451345 1353
1353
12831283 1286
1286
13251325 1328
1328
16591658 1660
-1
10571055 1058
-1
34883481 3489
-1
29362930 2938
-1
626626 631
631
15181515 1523
-1
43074306 4309
-1
41034100 4105
-1
30373030 3039
-1
30413041 3046
3046
34713469 3481
-1
41094106 4111
-1
24352433 2438
-1
684683 689
-1
810809 811
-1
30853083 3086
-1
836832 838
-1
49454945 4951
4951
19101910 1913
1913
29622962 2963
2963
31353133 3138
-1
19901990 1991
1991
36973693 3698
-1
13511345 1353
-1
17271699 1801
-1
12261226 1229
1229
44894486 4490
-1
19071906 1909
-1
15231523 1525
1525
32133209 3215
-1
47254695 4801
-1
45724569 4580
-1
435433 436
-1
11761166 1180
-1
48574853 4859
-1
16331630 1636
-1
42594259 4261
4261
569569 580
580
16221622 1623
1623
22402239 2242
-1
13831383 1389
1389
32453245 3246
3246
45234523 4525
4525
31873183 3189
-1
28602859 2861
-1
25582551 2559
-1
27142699 2801
-1
23482341 2351
-1
36613659 3662
-1
46504649 4651
-1
23802369 2381
-1
34813481 3489
3489
872866 881
-1
40964096 4098
4098
15781569 1583
-1
10621061 1063
-1
41004100 4105
4105
39353932 3936
-1
16331630 1636
-1
31403138 3153
-1
24392438 2440
-1
47884695 4801
-1
946943 953
-1
636636 638
638
38343833 3838
-1
614613 615
-1
23222321 2323
-1
44754469 4481
-1
11591159 1160
1160
33603359 3361
-1
408404 409
-1
22132213 2215
2215
850849 853
-1
55 6
6
30163013 3018
-1
45134513 4516
4516
117116 118
-1
49704969 4980
-1
35813581 3583
3583
2222 23
23
38153812 3818
-1
11041103 1109
-1
855853 859
-1
19451945 1949
1949
32763265 3280
-1
25122510 2515
-1
339339 341
341
393393 396
396
27772699 2801
-1
18621861 1864
-1
19981996 1999
-1
49174916 4918
-1
35843583 3593
-1
19031901 1906
-1
653653 655
655
39433943 3949
3949
634633 636
-1
46004598 4603
-1
387386 389
-1
38753866 3881
-1
787699 800
-1
144143 145
-1
38233823 3826
3826
36973693 3698
-1
41154115 4120
4120
19231923 1928
1928
23122311 2315
-1
37083698 3802
-1
35073503 3509
-1
474466 480
-1
14051405 1409
1409
12101210 1212
1212
17991699 1801
-1
651650 652
-1
11751166 1180
-1
25222521 2524
-1
25482545 2549
-1
37233698 3802
-1
684683 689
-1
26072606 2608
-1
43814364 4391
-1
521521 523
523
47024695 4801
-1
21232123 2126
2126
16281625 1629
-1
43744364 4391
-1
10131013 1018
1018
20242024 2026
2026
43714364 4391
-1
32513251 3253
3253
11951195 1196
1196
35413541 3543
3543
19601959 1963
-1
25022501 2503
-1
31383138 3153
3153
44304430 4433
4433
839839 841
841
46794666 4681
-1
40164016 4019
4019
11901189 1192
-1
27502699 2801
-1
24552455 2458
2458
30873086 3089
-1
537533 538
-1
131131 132
132
49234920 4924
-1
15791569 1583
-1
21732165 2180
-1
39883986 3989
-1
21982195 2203
-1
37583698 3802
-1
19051901 1906
-1
40514051 4052
4052
33333333 3338
3338
31263126 3130
3130
41264126 4129
4129
27732699 2801
-1
43844364 4391
-1
369369 382
382
27422699 2801
-1
39123911 3918
-1
305305 309
309
691691 695
695
35903583 3593
-1
580580 583
583
17411699 1801
-1
14121409 1415
-1
630626 631
-1
45074504 4510
-1
32863286 3289
3289
37473698 3802
-1
692691 695
-1
39923992 3993
3993
4545 46
46
34453445 3449
3449
964964 965
965
44414441 4442
4442
17881699 1801
-1
27132699 2801
-1
31663166 3169
3169
19171915 1919
-1
36973693 3698
-1
40014001 4003
4003
45014499 4502
-1
20162015 2018
-1
27802699 2801
-1
33213320 3322
-1
49074906 4909
-1
34813481 3489
3489
344341 345
-1
39423939 3943
-1
281281 283
283
720699 800
-1
28842883 2893
-1
48974892 4903
-1
35303529 3533
-1
37863698 3802
-1
30563050 3061
-1
38913889 3898
-1
15211515 1523
-1
32273226 3229
-1
31973193 3200
-1
11921192 1193
1193
20492049 2050
2050
39313931 3932
3932
23082306 2309
-1
46384633 4639
-1
40504049 4051
-1
13851383 1389
-1
593593 596
596
23962396 2398
2398
29682966 2969
-1
15171515 1523
-1
148145 149
-1
434433 436
-1
16441643 1646
-1
35403539 3541
-1
29262918 2929
-1
13291329 1331
1331
10621061 1063
-1
49384938 4939
4939
34063403 3413
-1
31963193 3200
-1
17251699 1801
-1
39233923 3926
3926
42054205 4208
4208
40774069 4083
-1
507506 509
-1
13471345 1353
-1
18771866 1882
-1
22762269 2281
-1
39913989 3992
-1
15481545 1549
-1
21492143 2153
-1
28152815 2818
2818
31263126 3130
3130
37873698 3802
-1
364363 366
-1
47034695 4801
-1
33433343 3345
3345
25762566 2581
-1
34563455 3459
-1
35233511 3529
-1
30993099 3106
3106
40084006 4009
-1
16921691 1693
-1
11211121 1123
1123
48004695 4801
-1
920920 922
922
40924091 4093
-1
22212221 2222
2222
49804980 4983
4983
5252 53
53
15561555 1559
-1
41254124 4126
-1
28442843 2845
-1
993993 995
995
39813968 3982
-1
46214621 4622
4622
201200 202
-1
21622161 2164
-1
47064695 4801
-1
47744695 4801
-1
40914091 4093
4093
32593259 3260
3260
49594955 4960
-1
15001499 1509
-1
45294528 4532
-1
17211699 1801
-1
39283928 3929
3929
45354533 4538
-1
38433839 3844
-1
16381636 1639
-1
27942699 2801
-1
33463345 3359
-1
12001199 1201
-1
34903489 3491
-1
42574253 4258
-1
18681866 1882
-1
3333 36
36
18931893 1899
1899
742699 800
-1
130130 131
131
21782165 2180
-1
670669 682
-1
46064604 4609
-1
38093809 3812
3812
17421699 1801
-1
18641864 1866
1866
30703065 3083
-1
34133413 3415
3415
10341033 1039
-1
41414141 4143
4143
34063403 3413
-1
11291129 1130
1130
25232521 2524
-1
25782566 2581
-1
13381338 1339
1339
667664 669
-1
39113911 3918
3918
41784168 4184
-1
38543853 3856
-1
8180 82
-1
39613949 3963
-1
40544052 4055
-1
40864084 4090
-1
29542953 2959
-1
32203218 3221
-1
26642663 2665
-1
4241 43
-1
22312230 2239
-1
31353133 3138
-1
36633662 3664
-1
18141812 1815
-1
35173511 3529
-1
42104210 4211
4211
800800 802
802
19761968 1980
-1
17621699 1801
-1
34233421 3433
-1
10031000 1004
-1
111110 113
-1
978968 982
-1
39433943 3949
3949
23822381 2383
-1
568566 569
-1
688683 689
-1
19891986 1990
-1
32313229 3232
-1
17471699 1801
-1
45824580 4583
-1
47794695 4801
-1
19531951 1959
-1
23052305 2306
2306
14851483 1489
-1
173169 180
-1
24582458 2459
2459
38083803 3809
-1
22382230 2239
-1
478466 480
-1
26192615 2620
-1
43954393 4399
-1
32463246 3250
3250
16001600 1601
1601
46924691 4695
-1
40764069 4083
-1
312311 313
-1
465465 466
466
16881688 1689
1689
42574253 4258
-1
19511951 1959
1959
491491 492
492
49384938 4939
4939
40154013 4016
-1
579569 580
-1
34153415 3419
3419
39103909 3911
-1
410410 412
412
37623698 3802
-1
230230 232
232
44334433 4436
4436
37523698 3802
-1
899899 902
902
10631063 1066
1066
563563 565
565
287286 290
-1
406404 409
-1
23112311 2315
2315
16041604 1609
1609
24662463 2469
-1
46334633 4639
4639
700699 800
-1
371369 382
-1
39153911 3918
-1
32633263 3265
3265
33973396 3398
-1
47474695 4801
-1
17991699 1801
-1
36073606 3608
-1
17531699 1801
-1
25302530 2531
2531
626626 631
631
26292629 2630
2630
31083106 3109
-1
47114695 4801
-1
11241124 1126
1126
30743065 3083
-1
28482846 2851
-1
224223 226
-1
49544951 4955
-1
28742869 2882
-1
43674364 4391
-1
311311 313
313
16261625 1629
-1
35173511 3529
-1
25332532 2539
-1
657656 659
-1
19541951 1959
-1
497496 498
-1
34523449 3453
-1
303303 305
305
27222699 2801
-1
24792469 2480
-1
26652665 2666
2666
3939 40
40
350349 353
-1
38613858 3862
-1
33983398 3399
3399
46114610 4612
-1
276269 281
-1
45184516 4519
-1
29712969 2986
-1
32803280 3284
3284
11851181 1186
-1
121121 122
122
17131699 1801
-1
612610 613
-1
26102609 2612
-1
881881 883
883
26922690 2693
-1
19911991 1992
1992
21252123 2126
-1
21172116 2119
-1
45324532 4533
4533
22462246 2248
2248
34783469 3481
-1
15681565 1569
-1
41824168 4184
-1
32423242 3244
3244
37473698 3802
-1
36333631 3636
-1
21562155 2161
-1
31363133 3138
-1
11481145 1149
-1
211211 212
212
30913091 3093
3093
11941193 1195
-1
18451845 1849
1849
31973193 3200
-1
17991699 1801
-1
726699 800
-1
33333333 3338
3338
424424 429
429
10241024 1025
1025
10801069 1082
-1
19231923 1928
1928
44054405 4406
4406
27792699 2801
-1
46464646 4649
4649
21682165 2180
-1
34813481 3489
3489
31623161 3163
-1
14851483 1489
-1
38213821 3823
3823
17561699 1801
-1
2929 30
30
797699 800
-1
412412 415
415
15411531 1543
-1
506506 509
509
45584555 4561
-1
29412939 2945
-1
804802 806
-1
16151613 1616
-1
709699 800
-1
927926 928
-1
38313826 3833
-1
396396 398
398
30233023 3029
3029
48844882 4889
-1
18101810 1811
1811
41224120 4124
-1
39763968 3982
-1
36383636 3639
-1
11911189 1192
-1
33 4
4
49394939 4943
4943
44974496 4499
-1
23892389 2392
2392
42704269 4282
-1
37823698 3802
-1
653653 655
655
42914289 4295
-1
12261226 1229
1229
18991899 1901
1901
26462645 2648
-1
20942092 2095
-1
37353698 3802
-1
41074106 4111
-1
37803698 3802
-1
38933889 3898
-1
11161115 1118
-1
18391839 1840
1840
13351333 1338
-1
40894084 4090
-1
16351630 1636
-1
19941993 1996
-1
777699 800
-1
32383238 3242
3242
11731166 1180
-1
44504449 4451
-1
38373833 3838
-1
249249 250
250
593593 596
596
17801699 1801
-1
15831583 1595
1595
45524549 4555
-1
25702566 2581
-1
33653364 3368
-1
45304528 4532
-1
48394839 4840
4840
10401040 1042
1042
22612260 2264
-1
25292529 2530
2530
41944192 4195
-1
640640 641
641
145145 149
149
40564055 4058
-1
41874184 4190
-1
48844882 4889
-1
990990 991
991
525524 526
-1
30713065 3083
-1
12501250 1252
1252
14831483 1489
1489
31933193 3200
3200
23772369 2381
-1
33023301 3305
-1
11761166 1180
-1
47184695 4801
-1
653653 655
655
15701569 1583
-1
49684966 4969
-1
12801280 1282
1282
17941699 1801
-1
5050 52
52
29452945 2949
2949
44324430 4433
-1
32433242 3244
-1
36403639 3641
-1
14121409 1415
-1
21702165 2180
-1
13681366 1381
-1
17601699 1801
-1
39293929 3931
3931
44564451 4460
-1
23032302 2305
-1
836832 838
-1
11301130 1132
1132
32423242 3244
3244
36943693 3698
-1
657656 659
-1
549549 551
551
44214421 4423
4423
23932393 2396
2396
925922 926
-1
45074504 4510
-1
12941293 1298
-1
403403 404
404
34123403 3413
-1
33293329 3331
3331
15651565 1569
1569
12961293 1298
-1
19981996 1999
-1
48604859 4861
-1
16411640 1642
-1
21192119 2120
2120
18621861 1864
-1
416416 418
418
17691699 1801
-1
168166 169
-1
47604695 4801
-1
47724695 4801
-1
13101310 1312
1312
29772969 2986
-1
6262 64
64
41684168 4184
4184
46724666 4681
-1
26632663 2665
2665
32963296 3299
3299
33123310 3313
-1
18491849 1852
1852
35783569 3581
-1
11391138 1145
-1
274269 281
-1
788699 800
-1
32893289 3292
3292
33983398 3399
3399
28722869 2882
-1
806806 808
808
739699 800
-1
47354695 4801
-1
202202 205
205
231230 232
-1
40534052 4055
-1
19231923 1928
1928
48214820 4822
-1
11581153 1159
-1
46094609 4610
4610
33943392 3396
-1
14111409 1415
-1
20072005 2008
-1
28102810 2815
2815
30053005 3011
3011
25942593 2596
-1
236236 239
239
10731069 1082
-1
10871086 1089
-1
23382333 2339
-1
42404240 4241
4241
25172515 2518
-1
28702869 2882
-1
40134013 4016
4016
34523449 3453
-1
18771866 1882
-1
557551 559
-1
46324631 4633
-1
813811 815
-1
33413338 3343
-1
862862 863
863
535533 538
-1
36083608 3609
3609
45724569 4580
-1
987984 989
-1
14871483 1489
-1
741699 800
-1
26972693 2699
-1
19801980 1982
1982
10141013 1018
-1
21542153 2155
-1
28842883 2893
-1
43614359 4363
-1
45084504 4510
-1
20282026 2029
-1
49944993 4996
-1
19581951 1959
-1
33143313 3316
-1
932932 933
933
10911091 1093
1093
39753968 3982
-1
17291699 1801
-1
48204820 4822
4822
24402440 2441
2441
42894289 4295
4295
19871986 1990
-1
715699 800
-1
13251325 1328
1328
23052305 2306
2306
12981298 1299
1299
474466 480
-1
47764695 4801
-1
49744969 4980
-1
46684666 4681
-1
45664565 4569
-1
16921691 1693
-1
42294229 4231
4231
20062005 2008
-1
20342029 2036
-1
32243224 3226
3226
48814869 4882
-1
23512351 2353
2353
39013898 3902
-1
47414695 4801
-1
377369 382
-1
169169 180
180
47914695 4801
-1
26942693 2699
-1
15471545 1549
-1
45384538 4541
4541
35743569 3581
-1
17111699 1801
-1
674669 682
-1
571569 580
-1
13531353 1359
1359
26932693 2699
2699
38793866 3881
-1
26972693 2699
-1
135132 138
-1
28822882 2883
2883
24542453 2455
-1
10121012 1013
1013
24422441 2445
-1
22192218 2221
-1
30183018 3019
3019
37213698 3802
-1
13161315 1318
-1
11141111 1115
-1
211211 212
212
995995 996
996
12441244 1245
1245
40624061 4069
-1
17551699 1801
-1
49214920 4924
-1
3533 36
-1
438436 439
-1
47044695 4801
-1
11321132 1133
1133
20682066 2069
-1
324320 325
-1
39533949 3963
-1
42934289 4295
-1
32613260 3263
-1
21052105 2110
2110
25122510 2515
-1
26422642 2643
2643
55 6
6
17941699 1801
-1
10551055 1058
1058
26082608 2609
2609
39443943 3949
-1
43874364 4391
-1
48074805 4808
-1
44354433 4436
-1
33663364 3368
-1
46814681 4682
4682
30743065 3083
-1
49824980 4983
-1
21842182 2186
-1
756699 800
-1
792699 800
-1
17901699 1801
-1
42454245 4246
4246
15571555 1559
-1
48154813 4820
-1
28472846 2851
-1
16181618 1619
1619
45764569 4580
-1
21532153 2155
2155
28182818 2819
2819
24702469 2480
-1
13941389 1396
-1
8786 88
-1
32863286 3289
3289
23102309 2311
-1
42904289 4295
-1
25152515 2518
2518
16081604 1609
-1
11311130 1132
-1
17211699 1801
-1
32543253 3258
-1
48404840 4846
4846
46504649 4651
-1
526526 529
529
28812869 2882
-1
256256 258
258
45484545 4549
-1
21542153 2155
-1
25802566 2581
-1
26262626 2629
2629
31443138 3153
-1
24492446 2452
-1
552551 559
-1
15511549 1553
-1
237236 239
-1
38103809 3812
-1
25792566 2581
-1
46434643 4645
4645
24962495 2498
-1
375369 382
-1
45414541 4545
4545
26842683 2689
-1
851849 853
-1
28772869 2882
-1
162160 163
-1
29112909 2915
-1
21642164 2165
2165
40214021 4022
4022
27612699 2801
-1
795699 800
-1
20552053 2060
-1
935933 939
-1
42174215 4219
-1
47454695 4801
-1
38433839 3844
-1
17171699 1801
-1
25092509 2510
2510
28492846 2851
-1
48184813 4820
-1
17151699 1801
-1
41044100 4105
-1
4141 43
43
24312426 2433
-1
37893698 3802
-1
47524695 4801
-1
14911489 1493
-1
808808 809
809
13741366 1381
-1
31163113 3118
-1
22042203 2206
-1
37963698 3802
-1
29052903 2906
-1
38873883 3889
-1
27352699 2801
-1
18421840 1844
-1
21102110 2111
2111
36673664 3669
-1
16481648 1655
1655
48754869 4882
-1
42184215 4219
-1
36713669 3688
-1
49014892 4903
-1
645645 649
649
11251124 1126
-1
15811569 1583
-1
619619 620
620
21192119 2120
2120
33863386 3389
3389
14631459 1465
-1
34063403 3413
-1
369369 382
382
10171013 1018
-1
38213821 3823
3823
44264426 4429
4429
12301230 1231
1231
14211415 1423
-1
21212120 2122
-1
34903489 3491
-1
47474695 4801
-1
19341933 1945
-1
37493698 3802
-1
25712566 2581
-1
39873986 3989
-1
36483646 3649
-1
39543949 3963
-1
518515 520
-1
33163316 3319
3319
303303 305
305
17591699 1801
-1
22352230 2239
-1
32813280 3284
-1
22 3
3
633633 636
636
17501699 1801
-1
352349 353
-1
38963889 3898
-1
40834083 4084
4084
45604555 4561
-1
28122810 2815
-1
20622062 2063
2063
34603459 3461
-1
32723265 3280
-1
11941193 1195
-1
25112510 2515
-1
38803866 3881
-1
3939 40
40
43574353 4359
-1
43964393 4399
-1
30903090 3091
3091
46004598 4603
-1
123123 124
124
35153511 3529
-1
36833669 3688
-1
31743169 3181
-1
21922189 2195
-1
15591559 1563
1563
25652564 2566
-1
743699 800
-1
17851699 1801
-1
26662666 2683
2683
15651565 1569
1569
7269 80
-1
202202 205
205
34933491 3495
-1
13171315 1318
-1
31443138 3153
-1
39213919 3923
-1
36003599 3602
-1
15111511 1515
1515
12561255 1259
-1
11811181 1186
1186
33833369 3386
-1
10791069 1082
-1
17271699 1801
-1
10751069 1082
-1
127125 128
-1
24322426 2433
-1
804802 806
-1
12531252 1255
-1
23662362 2369
-1
248248 249
249
45714569 4580
-1
37573698 3802
-1
20992099 2101
2101
24742469 2480
-1
44274426 4429
-1
18611861 1864
1864
36693669 3688
3688
35723569 3581
-1
370369 382
-1
44874486 4490
-1
913913 915
915
13401339 1345
-1
49494945 4951
-1
2120 22
-1
14161415 1423
-1
40044003 4006
-1
270269 281
-1
605605 606
606
538538 541
541
16181618 1619
1619
700699 800
-1
28332833 2843
2843
14671465 1469
-1
298298 299
299
30943093 3095
-1
11321132 1133
1133
187186 190
-1
25522551 2559
-1
30453041 3046
-1
26672666 2683
-1
25762566 2581
-1
32563253 3258
-1
426424 429
-1
31813181 3183
3183
20792069 2080
-1
37883698 3802
-1
19431933 1945
-1
43424339 4343
-1
29652965 2966
2966
26802666 2683
-1
46454645 4646
4646
33963396 3398
3398
30473046 3049
-1
23122311 2315
-1
538538 541
541
37123698 3802
-1
42154215 4219
4219
30323030 3039
-1
350349 353
-1
42254225 4226
4226
665664 669
-1
41694168 4184
-1
32473246 3250
-1
22672266 2269
-1
9896 99
-1
34193419 3421
3421
31673166 3169
-1
26612659 2662
-1
18521852 1856
1856
165165 166
166
702699 800
-1
26622662 2663
2663
42764269 4282
-1
14091409 1415
1415
23482341 2351
-1
30883086 3089
-1
21462143 2153
-1
659659 660
660
20422042 2045
2045
21612161 2164
2164
525524 526
-1
568566 569
-1
47504695 4801
-1
21162116 2119
2119
27662699 2801
-1
38783866 3881
-1
19211920 1922
-1
428424 429
-1
35623559 3569
-1
16481648 1655
1655
19981996 1999
-1
33893389 3391
3391
859859 862
862
37903698 3802
-1
25312531 2532
2532
48394839 4840
4840
35533543 3559
-1
25062504 2509
-1
11071103 1109
-1
17051699 1801
-1
34983495 3499
-1
11201118 1121
-1
20172015 2018
-1
510509 512
-1
498498 499
499
34303421 3433
-1
46264622 4629
-1
18051805 1808
1808
40434043 4045
4045
23832383 2384
2384
35963593 3599
-1
11951195 1196
1196
28922883 2893
-1
23062306 2309
2309
551551 559
559
11761166 1180
-1
40804069 4083
-1
23402339 2341
-1
12571255 1259
-1
38993898 3902
-1
13711366 1381
-1
30783065 3083
-1
20842084 2089
2089
303303 305
305
21432143 2153
2153
21382138 2141
2141
231230 232
-1
15331531 1543
-1
7469 80
-1
29942990 2995
-1
278269 281
-1
16341630 1636
-1
35173511 3529
-1
29082906 2909
-1
49234920 4924
-1
19231923 1928
1928
631631 633
633
23452341 2351
-1
247246 248
-1
35613559 3569
-1
30563050 3061
-1
35643559 3569
-1
33223322 3323
3323
36533653 3658
3658
30163013 3018
-1
15501549 1553
-1
116116 118
118
14471441 1451
-1
29642963 2965
-1
17001699 1801
-1
21782165 2180
-1
18681866 1882
-1
48674866 4869
-1
18751866 1882
-1
37193698 3802
-1
39343932 3936
-1
38083803 3809
-1
37683698 3802
-1
40694069 4083
4083
41714168 4184
-1
41614160 4162
-1
932932 933
933
46464646 4649
4649
38323826 3833
-1
700699 800
-1
31173113 3118
-1
37873698 3802
-1
27312699 2801
-1
36143613 3616
-1
31963193 3200
-1
48874882 4889
-1
911911 913
913
36663664 3669
-1
44584451 4460
-1
12011201 1202
1202
39113911 3918
3918
35263511 3529
-1
13621361 1364
-1
37563698 3802
-1
44674463 4469
-1
823823 824
824
34703469 3481
-1
878866 881
-1
46924691 4695
-1
15321531 1543
-1
21132113 2116
2116
34143413 3415
-1
12501250 1252
1252
36253624 3629
-1
31223121 3125
-1
112110 113
-1
76 8
-1
11011098 1102
-1
11441138 1145
-1
32453245 3246
3246
28182818 2819
2819
27852699 2801
-1
38993898 3902
-1
45854583 4586
-1
23152315 2318
2318
34253421 3433
-1
44364436 4439
4439
29212918 2929
-1
193193 195
195
46464646 4649
4649
10831082 1086
-1
775699 800
-1
23202320 2321
2321
23152315 2318
2318
26342633 2636
-1
41554153 4159
-1
36753669 3688
-1
47064695 4801
-1
23562353 2362
-1
18241823 1826
-1
47914695 4801
-1
30133013 3018
3018
147145 149
-1
16651664 1669
-1
43254323 4328
-1
25782566 2581
-1
154151 155
-1
17271699 1801
-1
19521951 1959
-1
262262 263
263
165165 166
166
25412539 2543
-1
740699 800
-1
18891889 1891
1891
15071499 1509
-1
447446 449
-1
28592859 2861
2861
17121699 1801
-1
470466 480
-1
25232521 2524
-1
331331 332
332
30143013 3018
-1
25062504 2509
-1
37443698 3802
-1
21832182 2186
-1
654653 655
-1
18251823 1826
-1
36893688 3691
-1
37733698 3802
-1
18501849 1852
-1
10261025 1030
-1
634633 636
-1
40594059 4061
4061
19831983 1984
1984
12471245 1249
-1
33173316 3319
-1
352349 353
-1
18901889 1891
-1
20742069 2080
-1
31963193 3200
-1
15861583 1595
-1
124124 125
125
34843481 3489
-1
38503849 3851
-1
27182699 2801
-1
25112510 2515
-1
498498 499
499
33073305 3309
-1
32163215 3218
-1
21592155 2161
-1
27402699 2801
-1
15751569 1583
-1
22542252 2255
-1
20002000 2003
2003
38253823 3826
-1
11171115 1118
-1
49124910 4915
-1
180180 181
181
45134513 4516
4516
24482446 2452
-1
136132 138
-1
17541699 1801
-1
44094409 4411
4411
11831181 1186
-1
327326 328
-1
33513345 3359
-1
49604960 4961
4961
13681366 1381
-1
27252699 2801
-1
13781366 1381
-1
16361636 1639
1639
37003698 3802
-1
409409 410
410
13101310 1312
1312
15651565 1569
1569
17031699 1801
-1
270269 281
-1
5453 55
-1
11911189 1192
-1
18751866 1882
-1
18181818 1822
1822
37273698 3802
-1
25762566 2581
-1
571569 580
-1
10231023 1024
1024
34313421 3433
-1
47044695 4801
-1
29242918 2929
-1
19671966 1968
-1
13061306 1310
1310
31793169 3181
-1
36723669 3688
-1
24042404 2406
2406
704699 800
-1
35663559 3569
-1
37003698 3802
-1
402401 403
-1
15551555 1559
1559
19541951 1959
-1
38093809 3812
3812
44614460 4463
-1
39983998 3999
3999
15691569 1583
1583
204202 205
-1
734699 800
-1
31333133 3138
3138
43514351 4353
4353
21222122 2123
2123
42454245 4246
4246
22272225 2230
-1
40774069 4083
-1
831830 832
-1
30283023 3029
-1
22702269 2281
-1
921920 922
-1
26352633 2636
-1
30573050 3061
-1
24322426 2433
-1
192192 193
193
12891289 1290
1290
34133413 3415
3415
30133013 3018
3018
29172915 2918
-1
815815 818
818
549549 551
551
12961293 1298
-1
43814364 4391
-1
646645 649
-1
641641 643
643
492492 495
495
8180 82
-1
12741266 1280
-1
305305 309
309
43314330 4339
-1
39283928 3929
3929
538538 541
541
26582658 2659
2659
37673698 3802
-1
37843698 3802
-1
46354633 4639
-1
270269 281
-1
24772469 2480
-1
19591959 1963
1963
17291699 1801
-1
40704069 4083
-1
41664166 4168
4168
701699 800
-1
22892281 2290
-1
11641163 1165
-1
23402339 2341
-1
25162515 2518
-1
40804069 4083
-1
43544353 4359
-1
4746 48
-1
12111210 1212
-1
17461699 1801
-1
44414441 4442
4442
18131812 1815
-1
10691069 1082
1082
665664 669
-1
712699 800
-1
32203218 3221
-1
31023099 3106
-1
241241 242
242
809809 811
811
37773698 3802
-1
6161 62
62
36773669 3688
-1
35443543 3559
-1
34873481 3489
-1
3131 32
32
49544951 4955
-1
10231023 1024
1024
25922591 2593
-1
16331630 1636
-1
906906 909
909
20732069 2080
-1
16811681 1682
1682
17381699 1801
-1
916916 919
919
767699 800
-1
38363833 3838
-1
26912690 2693
-1
32653265 3280
3280
243242 244
-1
14731469 1481
-1
416416 418
418
20262026 2029
2029
30263023 3029
-1
23142311 2315
-1
773699 800
-1
20912090 2092
-1
27792699 2801
-1
35833583 3593
3593
28022801 2803
-1
33353333 3338
-1
34013399 3403
-1
18831882 1886
-1
24672463 2469
-1
29112909 2915
-1
88 9
9
36303629 3631
-1
47004695 4801
-1
15381531 1543
-1
42824282 4283
4283
786699 800
-1
36953693 3698
-1
21242123 2126
-1
44584451 4460
-1
11481145 1149
-1
30593050 3061
-1
23112311 2315
2315
44404439 4441
-1
33 4
4
44674463 4469
-1
27202699 2801
-1
31743169 3181
-1
25092509 2510
2510
23142311 2315
-1
532530 533
-1
354353 359
-1
35033503 3509
3509
17021699 1801
-1
20372036 2038
-1
26372636 2638
-1
27042699 2801
-1
23782369 2381
-1
29732969 2986
-1
13841383 1389
-1
49484945 4951
-1
23792369 2381
-1
20812081 2083
2083
47934695 4801
-1
19311931 1933
1933
41734168 4184
-1
30633063 3065
3065
20032003 2005
2005
42924289 4295
-1
48854882 4889
-1
29452945 2949
2949
43314330 4339
-1
721699 800
-1
29582953 2959
-1
729699 800
-1
17311699 1801
-1
43434343 4349
4349
23372333 2339
-1
9696 99
99
37323698 3802
-1
21602155 2161
-1
43074306 4309
-1
30133013 3018
3018
44494449 4451
4451
19571951 1959
-1
46244622 4629
-1
14021399 1403
-1
7469 80
-1
27002699 2801
-1
46524652 4659
4659
29332930 2938
-1
23512351 2353
2353
28002699 2801
-1
30723065 3083
-1
43424339 4343
-1
20212020 2024
-1
34513449 3453
-1
42724269 4282
-1
106106 109
109
154151 155
-1
17731699 1801
-1
12921291 1293
-1
26772666 2683
-1
36403639 3641
-1
30393039 3041
3041
34373433 3439
-1
25942593 2596
-1
12651265 1266
1266
29082906 2909
-1
43724364 4391
-1
30333030 3039
-1
12401240 1243
1243
27442699 2801
-1
11601160 1163
1163
27722699 2801
-1
11571153 1159
-1
404404 409
409
20152015 2018
2018
411410 412
-1
46744666 4681
-1
30403039 3041
-1
38423839 3844
-1
41834168 4184
-1
35273511 3529
-1
17801699 1801
-1
36133613 3616
3616
27632699 2801
-1
33133313 3316
3316
49914990 4993
-1
41624162 4163
4163
28282825 2829
-1
47834695 4801
-1
29572953 2959
-1
131131 132
132
22392239 2242
2242
24832483 2486
2486
13241324 1325
1325
517515 520
-1
4948 50
-1
29922990 2995
-1
44924492 4493
4493
39823982 3984
3984
36033603 3606
3606
19071906 1909
-1
15231523 1525
1525
12151213 1219
-1
14751469 1481
-1
10501049 1051
-1
35093509 3511
3511
11331133 1138
1138
34233421 3433
-1
21312131 2132
2132
196195 198
-1
46864682 4689
-1
43964393 4399
-1
11611160 1163
-1
8383 86
86
21162116 2119
2119
30573050 3061
-1
14101409 1415
-1
29642963 2965
-1
31233121 3125
-1
101101 103
103
506506 509
509
28072806 2809
-1
45924591 4593
-1
14811481 1483
1483
250250 251
251
403403 404
404
309309 310
310
35993599 3602
3602
25202519 2521
-1
266265 269
-1
34863481 3489
-1
18301830 1831
1831
24772469 2480
-1
48214820 4822
-1
30913091 3093
3093
17921699 1801
-1
33273326 3328
-1
431431 433
433
323320 325
-1
902902 904
904
1515 16
16
3838 39
39
37833698 3802
-1
15261525 1529
-1
36693669 3688
3688
943943 953
953
27522699 2801
-1
29982998 2999
2999
19281928 1929
1929
47014695 4801
-1
49044904 4906
4906
20582053 2060
-1
17841699 1801
-1
17821699 1801
-1
23482341 2351
-1
24482446 2452
-1
19591959 1963
1963
760699 800
-1
623622 625
-1
29862986 2990
2990
12461245 1249
-1
11061103 1109
-1
22702269 2281
-1
24382438 2440
2440
28312831 2833
2833
49004892 4903
-1
23172315 2318
-1
44254423 4426
-1
848848 849
849
37343698 3802
-1
49144910 4915
-1
49814980 4983
-1
38393839 3844
3844
36323631 3636
-1
49674966 4969
-1
43814364 4391
-1
49564955 4960
-1
30263023 3029
-1
126125 128
-1
36853669 3688
-1
25562551 2559
-1
29732969 2986
-1
43604359 4363
-1
289286 290
-1
13451345 1353
1353
37263698 3802
-1
921920 922
-1
38903889 3898
-1
36103609 3613
-1
18791866 1882
-1
26012600 2602
-1
44134412 4415
-1
38173812 3818
-1
12131213 1219
1219
40324031 4036
-1
23792369 2381
-1
40534052 4055
-1
646645 649
-1
37843698 3802
-1
35733569 3581
-1
42864286 4289
4289
11951195 1196
1196
16671664 1669
-1
39773968 3982
-1
25452545 2549
2549
14021399 1403
-1
768699 800
-1
43374330 4339
-1
44714469 4481
-1
11051103 1109
-1
26402638 2641
-1
27932699 2801
-1
343341 345
-1
20332029 2036
-1
21332132 2138
-1
26122612 2615
2615
19571951 1959
-1
18381838 1839
1839
20612060 2062
-1
15601559 1563
-1
39303929 3931
-1
251251 253
253
44524451 4460
-1
39133911 3918
-1
762699 800
-1
22382230 2239
-1
16121612 1613
1613
6565 66
66
43004299 4303
-1
41184115 4120
-1
25342532 2539
-1
284283 286
-1
16551655 1658
1658
29222918 2929
-1
34843481 3489
-1
13081306 1310
-1
24382438 2440
2440
20722069 2080
-1
46324631 4633
-1
13351333 1338
-1
21242123 2126
-1
44184415 4421
-1
29802969 2986
-1
264264 265
265
272269 281
-1
35703569 3581
-1
49544951 4955
-1
12401240 1243
1243
983983 984
984
441440 443
-1
235233 236
-1
13011301 1303
1303
26262626 2629
2629
793699 800
-1
121121 122
122
35093509 3511
3511
13831383 1389
1389
450449 451
-1
12471245 1249
-1
605605 606
606
28992899 2902
2902
19031901 1906
-1
47454695 4801
-1
47944695 4801
-1
44 5
5
18471845 1849
-1
43194315 4321
-1
16761669 1681
-1
13171315 1318
-1
44454444 4449
-1
280269 281
-1
12001199 1201
-1
668664 669
-1
23252323 2326
-1
26722666 2683
-1
981968 982
-1
621620 622
-1
14361433 1439
-1
18901889 1891
-1
987984 989
-1
13461345 1353
-1
42804269 4282
-1
181181 183
183
11121111 1115
-1
33503345 3359
-1
794699 800
-1
20472046 2048
-1
41874184 4190
-1
272269 281
-1
22042203 2206
-1
49824980 4983
-1
21802180 2182
2182
41874184 4190
-1
32883286 3289
-1
22892281 2290
-1
38673866 3881
-1
27992699 2801
-1
37563698 3802
-1
159159 160
160
45244523 4525
-1
48604859 4861
-1
980968 982
-1
20672066 2069
-1
38193818 3821
-1
19711968 1980
-1
28182818 2819
2819
407404 409
-1
20762069 2080
-1
15031499 1509
-1
918916 919
-1
591590 593
-1
962961 964
-1
39153911 3918
-1
200200 202
202
38163812 3818
-1
22242222 2225
-1
41854184 4190
-1
22842281 2290
-1
47874695 4801
-1
18991899 1901
1901
14511451 1453
1453
13021301 1303
-1
20902090 2092
2092
32973296 3299
-1
314313 318
-1
923922 926
-1
31443138 3153
-1
980968 982
-1
43734364 4391
-1
16911691 1693
1693
14881483 1489
-1
38363833 3838
-1
46064604 4609
-1
20472046 2048
-1
41764168 4184
-1
12951293 1298
-1
12521252 1255
1255
13151315 1318
1318
35663559 3569
-1
25812581 2582
2582
26592659 2662
2662
16211621 1622
1622
36123609 3613
-1
31063106 3109
3109
543543 545
545
987984 989
-1
12701266 1280
-1
38513851 3853
3853
33813369 3386
-1
31623161 3163
-1
31023099 3106
-1
795699 800
-1
13841383 1389
-1
783699 800
-1
11911189 1192
-1
32323232 3233
3233
692691 695
-1
36883688 3691
3691
38413839 3844
-1
21792165 2180
-1
27452699 2801
-1
31763169 3181
-1
17761699 1801
-1
44184415 4421
-1
20922092 2095
2095
26882683 2689
-1
305305 309
309
36653664 3669
-1
38333833 3838
3838
325325 326
326
321320 325
-1
20792069 2080
-1
24842483 2486
-1
16671664 1669
-1
26492649 2650
2650
37053698 3802
-1
17691699 1801
-1
12191219 1220
1220
9999 100
100
35293529 3533
3533
10781069 1082
-1
40354031 4036
-1
44604460 4463
4463
49414939 4943
-1
46274622 4629
-1
47924695 4801
-1
16641664 1669
1669
47974695 4801
-1
10141013 1018
-1
15331531 1543
-1
22832281 2290
-1
20742069 2080
-1
876866 881
-1
34733469 3481
-1
43994399 4405
4405
13211321 1322
1322
13281328 1329
1329
37043698 3802
-1
48114808 4812
-1
21392138 2141
-1
29432939 2945
-1
512512 515
515
20122012 2015
2015
21522143 2153
-1
23742369 2381
-1
600599 601
-1
22152215 2218
2218
265265 269
269
42564253 4258
-1
577569 580
-1
13161315 1318
-1
46844682 4689
-1
18751866 1882
-1
26202620 2621
2621
41404139 4141
-1
25392539 2543
2543
26092609 2612
2612
37393698 3802
-1
649649 650
650
42784269 4282
-1
36503649 3652
-1
27702699 2801
-1
43564353 4359
-1
22722269 2281
-1
12631263 1265
1265
37723698 3802
-1
15751569 1583
-1
29472945 2949
-1
786699 800
-1
12311231 1236
1236
11801180 1181
1181
15281525 1529
-1
34453445 3449
3449
485484 488
-1
24522452 2453
2453
26102609 2612
-1
130130 131
131
870866 881
-1
39913989 3992
-1
957955 960
-1
696695 698
-1
473466 480
-1
49254924 4926
-1
24592459 2460
2460
49204920 4924
4924
13131313 1315
1315
43374330 4339
-1
43554353 4359
-1
12261226 1229
1229
16171616 1618
-1
16691669 1681
1681
41494149 4153
4153
852849 853
-1
31323131 3133
-1
28952893 2899
-1
36013599 3602
-1
15791569 1583
-1
31543153 3155
-1
600599 601
-1
14591459 1465
1465
44834483 4486
4486
28652861 2866
-1
42944289 4295
-1
27442699 2801
-1
30203019 3022
-1
736699 800
-1
18501849 1852
-1
35853583 3593
-1
41224120 4124
-1
11021102 1103
1103
30113011 3013
3013
34393439 3443
3443
22972293 2299
-1
28862883 2893
-1
48584853 4859
-1
41954195 4196
4196
2222 23
23
55 6
6
11031103 1109
1109
35213511 3529
-1
17741699 1801
-1
45884586 4589
-1
9595 96
96
30953095 3098
3098
20952095 2096
2096
41934192 4195
-1
778699 800
-1
19851984 1986
-1
17831699 1801
-1
410410 412
412
21882186 2189
-1
39893989 3992
3992
41074106 4111
-1
26762666 2683
-1
25192519 2521
2521
24262426 2433
2433
32973296 3299
-1
897892 898
-1
31243121 3125
-1
28862883 2893
-1
49144910 4915
-1
2626 29
29
41734168 4184
-1
47504695 4801
-1
46994695 4801
-1
12461245 1249
-1
14931493 1495
1495
46624660 4663
-1
22022195 2203
-1
30413041 3046
3046
15751569 1583
-1
25132510 2515
-1
30343030 3039
-1
102101 103
-1
42684265 4269
-1
31383138 3153
3153
15791569 1583
-1
24992498 2500
-1
15721569 1583
-1
48974892 4903
-1
610610 613
613
22262225 2230
-1
25952593 2596
-1
36303629 3631
-1
792699 800
-1
20002000 2003
2003
49524951 4955
-1
49834983 4989
4989
668664 669
-1
14011399 1403
-1
291290 293
-1
791699 800
-1
600599 601
-1
46264622 4629
-1
21542153 2155
-1
22132213 2215
2215
33473345 3359
-1
31743169 3181
-1
17921699 1801
-1
17231699 1801
-1
46754666 4681
-1
10831082 1086
-1
40524052 4055
4055
5755 58
-1
132132 138
138
44624460 4463
-1
18811866 1882
-1
16321630 1636
-1
46584652 4659
-1
609606 610
-1
196195 198
-1
22362230 2239
-1
29222918 2929
-1
40474045 4049
-1
17321699 1801
-1
42164215 4219
-1
29552953 2959
-1
41264126 4129
4129
28222819 2823
-1
48034803 4804
4804
26692666 2683
-1
49624961 4965
-1
17991699 1801
-1
983983 984
984
606606 610
610
44904490 4492
4492
604604 605
605
49824980 4983
-1
48794869 4882
-1
40484045 4049
-1
29512949 2953
-1
46574652 4659
-1
12481245 1249
-1
23822381 2383
-1
301299 302
-1
988984 989
-1
44864486 4490
4490
226226 229
229
41754168 4184
-1
5150 52
-1
605605 606
606
17651699 1801
-1
35043503 3509
-1
49694969 4980
4980
46224622 4629
4629
15381531 1543
-1
33863386 3389
3389
9595 96
96
26032602 2605
-1
34493449 3453
3453
25652564 2566
-1
23972396 2398
-1
38493849 3851
3851
40684061 4069
-1
27462699 2801
-1
277269 281
-1
710699 800
-1
28712869 2882
-1
19751968 1980
-1
23512351 2353
2353
709699 800
-1
18291829 1830
1830
546545 549
-1
29692969 2986
2986
12701266 1280
-1
14421441 1451
-1
36233623 3624
3624
19021901 1906
-1
32603260 3263
3263
19881986 1990
-1
5252 53
53
611610 613
-1
29402939 2945
-1
18201818 1822
-1
36743669 3688
-1
42994299 4303
4303
22092206 2213
-1
17661699 1801
-1
912911 913
-1
39163911 3918
-1
995995 996
996
29622962 2963
2963
47844695 4801
-1
11561153 1159
-1
551551 559
559
14901489 1493
-1
11351133 1138
-1
12721266 1280
-1
46134612 4618
-1
26162615 2620
-1
389389 393
393
13331333 1338
1338
27342699 2801
-1
11781166 1180
-1
34083403 3413
-1
409409 410
410
20542053 2060
-1
447446 449
-1
46244622 4629
-1
15671565 1569
-1
612610 613
-1
26702666 2683
-1
47824695 4801
-1
192192 193
193
17481699 1801
-1
24152411 2416
-1
45394538 4541
-1
28652861 2866
-1
19881986 1990
-1
751699 800
-1
36283624 3629
-1
32923292 3295
3295
20252024 2026
-1
543543 545
545
24932490 2495
-1
36983698 3802
3802
43104310 4315
4315
294293 295
-1
24432441 2445
-1
28792869 2882
-1
37063698 3802
-1
23202320 2321
2321
14871483 1489
-1
33023301 3305
-1
44484444 4449
-1
249249 250
250
12691266 1280
-1
28722869 2882
-1
43134310 4315
-1
36683664 3669
-1
28892883 2893
-1
28152815 2818
2818
43634363 4364
4364
45674565 4569
-1
39883986 3989
-1
11821181 1186
-1
39813968 3982
-1
49664966 4969
4969
37433698 3802
-1
36493649 3652
3652
47244695 4801
-1
721699 800
-1
32363236 3238
3238
15301529 1531
-1
578569 580
-1
28082806 2809
-1
35253511 3529
-1
18721866 1882
-1
26632663 2665
2665
12671266 1280
-1
41424141 4143
-1
16291629 1630
1630
20362036 2038
2038
804802 806
-1
426424 429
-1
34323421 3433
-1
124124 125
125
10821082 1086
1086
45954595 4598
4598
12251223 1226
-1
771699 800
-1
11651165 1166
1166
39903989 3992
-1
45774569 4580
-1
33353333 3338
-1
15931583 1595
-1
18651864 1866
-1
49944993 4996
-1
184184 186
186
42144213 4215
-1
43294328 4330
-1
29912990 2995
-1
14701469 1481
-1
35633559 3569
-1
24802480 2483
2483
16021601 1604
-1
459458 460
-1
11361133 1138
-1
38743866 3881
-1
651650 652
-1
716699 800
-1
204202 205
-1
42324232 4238
4238
11381138 1145
1145
14541453 1459
-1
49114910 4915
-1
830830 832
832
419419 421
421
43544353 4359
-1
42914289 4295
-1
20222020 2024
-1
649649 650
650
35913583 3593
-1
14191415 1423
-1
32963296 3299
3299
15781569 1583
-1
21452143 2153
-1
41614160 4162
-1
11521151 1153
-1
36603659 3662
-1
5959 60
60
38383838 3839
3839
28122810 2815
-1
39483943 3949
-1
18771866 1882
-1
2020 22
22
32903289 3292
-1
387386 389
-1
35303529 3533
-1
20802080 2081
2081
995995 996
996
47964695 4801
-1
21802180 2182
2182
415415 416
416
49694969 4980
4980
29502949 2953
-1
26822666 2683
-1
15621559 1563
-1
43024299 4303
-1
42534253 4258
4258
36613659 3662
-1
25412539 2543
-1
35583543 3559
-1
22342230 2239
-1
49094909 4910
4910
12581255 1259
-1
18441844 1845
1845
46804666 4681
-1
49174916 4918
-1
831830 832
-1
18191818 1822
-1
25752566 2581
-1
15511549 1553
-1
27102699 2801
-1
37073698 3802
-1
633633 636
636
13801366 1381
-1
2826 29
-1
381369 382
-1
324320 325
-1
909909 911
911
19521951 1959
-1
23072306 2309
-1
37923698 3802
-1
41854184 4190
-1
24102410 2411
2411
11061103 1109
-1
148145 149
-1
33513345 3359
-1
37733698 3802
-1
43334330 4339
-1
15751569 1583
-1
999998 1000
-1
12811280 1282
-1
38303826 3833
-1
354353 359
-1
17681699 1801
-1
31783169 3181
-1
25682566 2581
-1
39733968 3982
-1
49654965 4966
4966
18351832 1838
-1
3838 39
39
16581658 1660
1660
12501250 1252
1252
634633 636
-1
29692969 2986
2986
22032203 2206
2206
37653698 3802
-1
22732269 2281
-1
32373236 3238
-1
13211321 1322
1322
33523345 3359
-1
451451 452
452
538538 541
541
34103403 3413
-1
12041203 1205
-1
36593659 3662
3662
485484 488
-1
46594659 4660
4660
49254924 4926
-1
14671465 1469
-1
21322132 2138
2138
44294429 4430
4430
30813065 3083
-1
35243511 3529
-1
21082105 2110
-1
433433 436
436
749699 800
-1
10801069 1082
-1
38633863 3866
3866
29902990 2995
2995
10071006 1009
-1
20542053 2060
-1
18201818 1822
-1
265265 269
269
45894589 4591
4591
38643863 3866
-1
43174315 4321
-1
36353631 3636
-1
42574253 4258
-1
10681066 1069
-1
33243323 3326
-1
32243224 3226
3226
353353 359
359
20962096 2098
2098
35263511 3529
-1
32783265 3280
-1
37053698 3802
-1
26032602 2605
-1
13911389 1396
-1
23892389 2392
2392
30363030 3039
-1
456453 458
-1
20302029 2036
-1
606606 610
610
16591658 1660
-1
22652264 2266
-1
21802180 2182
2182
28792869 2882
-1
822821 823
-1
29642963 2965
-1
34553455 3459
3459
40184016 4019
-1
546545 549
-1
30013001 3005
3005
32813280 3284
-1
16031601 1604
-1
30373030 3039
-1
33353333 3338
-1
18081808 1810
1810
47564695 4801
-1
27992699 2801
-1
220220 223
223
11141111 1115
-1
149149 151
151
10991098 1102
-1
19891986 1990
-1
11761166 1180
-1
29262918 2929
-1
25122510 2515
-1
48974892 4903
-1
15371531 1543
-1
649649 650
650
38033803 3809
3809
21862186 2189
2189
41904190 4192
4192
941941 943
943
36153613 3616
-1
11791166 1180
-1
261260 262
-1
13511345 1353
-1
895892 898
-1
39333932 3936
-1
405404 409
-1
18891889 1891
1891
38613858 3862
-1
33063305 3309
-1
15191515 1523
-1
767699 800
-1
25092509 2510
2510
49974996 4999
-1
605605 606
606
17361699 1801
-1
33803369 3386
-1
46114610 4612
-1
321320 325
-1
48534853 4859
4859
19751968 1980
-1
10041004 1006
1006
11471145 1149
-1
46424642 4643
4643
20582053 2060
-1
13051304 1306
-1
45024502 4504
4504
47194695 4801
-1
25852582 2586
-1
10171013 1018
-1
49774969 4980
-1
38003698 3802
-1
44834483 4486
4486
784699 800
-1
45424541 4545
-1
684683 689
-1
238236 239
-1
300299 302
-1
13421339 1345
-1
11161115 1118
-1
11861186 1189
1189
882881 883
-1
21402138 2141
-1
26202620 2621
2621
31713169 3181
-1
34693469 3481
3481
529529 530
530
43554353 4359
-1
780699 800
-1
20372036 2038
-1
21752165 2180
-1
461461 463
463
38223821 3823
-1
15791569 1583
-1
29812969 2986
-1
719699 800
-1
973968 982
-1
862862 863
863
11661166 1180
1180
19671966 1968
-1
12721266 1280
-1
18041804 1805
1805
24502446 2452
-1
48494848 4852
-1
37493698 3802
-1
43294328 4330
-1
15031499 1509
-1
22612260 2264
-1
19191919 1920
1920
22582258 2260
2260
918916 919
-1
902902 904
904
35313529 3533
-1
32563253 3258
-1
38913889 3898
-1
46754666 4681
-1
21522143 2153
-1
39293929 3931
3931
39953993 3998
-1
45954595 4598
4598
609606 610
-1
38553853 3856
-1
455453 458
-1
5252 53
53
684683 689
-1
826824 829
-1
31103110 3113
3113
25782566 2581
-1
16431643 1646
1646
20642063 2066
-1
22792269 2281
-1
27862699 2801
-1
8583 86
-1
10081006 1009
-1
25802566 2581
-1
40974096 4098
-1
41664166 4168
4168
10721069 1082
-1
316313 318
-1
39533949 3963
-1
23442341 2351
-1
35243511 3529
-1
34353433 3439
-1
28532851 2858
-1
17751699 1801
-1
35113511 3529
3529
25642564 2566
2566
36133613 3616
3616
47574695 4801
-1
17921699 1801
-1
23712369 2381
-1
11121111 1115
-1
18321832 1838
1838
19071906 1909
-1
480480 482
482
10631063 1066
1066
486484 488
-1
653653 655
655
19541951 1959
-1
32603260 3263
3263
32333233 3236
3236
14021399 1403
-1
26092609 2612
2612
992992 993
993
24692469 2480
2480
20452045 2046
2046
23962396 2398
2398
629626 631
-1
14381433 1439
-1
44884486 4490
-1
27522699 2801
-1
28122810 2815
-1
43274323 4328
-1
28022801 2803
-1
25232521 2524
-1
32163215 3218
-1
26202620 2621
2621
15101509 1511
-1
19981996 1999
-1
22492248 2251
-1
47884695 4801
-1
963961 964
-1
654653 655
-1
44374436 4439
-1
37043698 3802
-1
48554853 4859
-1
465465 466
466
37803698 3802
-1
18321832 1838
1838
39653964 3966
-1
42984295 4299
-1
21252123 2126
-1
46814681 4682
4682
46164612 4618
-1
19941993 1996
-1
37483698 3802
-1
27312699 2801
-1
25902589 2591
-1
20612060 2062
-1
10121012 1013
1013
37393698 3802
-1
656656 659
659
31143113 3118
-1
33773369 3386
-1
20072005 2008
-1
200200 202
202
17501699 1801
-1
14961495 1499
-1
25062504 2509
-1
38083803 3809
-1
8989 90
90
30843083 3086
-1
48604859 4861
-1
49434943 4945
4945
25342532 2539
-1
13551353 1359
-1
30573050 3061
-1
827824 829
-1
44444444 4449
4449
10741069 1082
-1
31633163 3165
3165
24202420 2423
2423
29692969 2986
2986
35863583 3593
-1
497496 498
-1
19021901 1906
-1
20592053 2060
-1
35983593 3599
-1
14551453 1459
-1
175169 180
-1
29902990 2995
2995
11081103 1109
-1
582580 583
-1
40084006 4009
-1
30793065 3083
-1
19281928 1929
1929
4545 46
46
246246 248
248
513512 515
-1
11931193 1195
1195
34093403 3413
-1
247246 248
-1
30963095 3098
-1
43494349 4351
4351
42174215 4219
-1
453453 458
458
29542953 2959
-1
21082105 2110
-1
33923392 3396
3396
16381636 1639
-1
120120 121
121
119118 120
-1
40734069 4083
-1
29992999 3001
3001
32643263 3265
-1
767699 800
-1
24172416 2419
-1
44864486 4490
4490
487484 488
-1
801800 802
-1
427424 429
-1
43244323 4328
-1
41814168 4184
-1
29802969 2986
-1
693691 695
-1
40084006 4009
-1
21462143 2153
-1
20592053 2060
-1
12301230 1231
1231
28252825 2829
2829
30953095 3098
3098
17161699 1801
-1
666664 669
-1
39483943 3949
-1
26342633 2636
-1
25912591 2593
2593
32513251 3253
3253
706699 800
-1
774699 800
-1
33293329 3331
3331
38693866 3881
-1
48044804 4805
4805
18071805 1808
-1
13841383 1389
-1
318318 319
319
4848 50
50
106106 109
109
40464045 4049
-1
24032402 2404
-1
352349 353
-1
25552551 2559
-1
46664666 4681
4681
10231023 1024
1024
16751669 1681
-1
43364330 4339
-1
531530 533
-1
40754069 4083
-1
18711866 1882
-1
13221322 1324
1324
230230 232
232
25522551 2559
-1
32133209 3215
-1
30023001 3005
-1
46504649 4651
-1
23492341 2351
-1
49984996 4999
-1
30733065 3083
-1
793699 800
-1
18211818 1822
-1
134132 138
-1
671669 682
-1
160160 163
163
122122 123
123
34903489 3491
-1
45324532 4533
4533
710699 800
-1
46314631 4633
4633
4746 48
-1
34233421 3433
-1
365363 366
-1
34993499 3503
3503
20452045 2046
2046
23822381 2383
-1
2323 24
24
680669 682
-1
39843984 3986
3986
49194919 4920
4920
22662266 2269
2269
19101910 1913
1913
47794695 4801
-1
34973495 3499
-1
26932693 2699
2699
36603659 3662
-1
46484646 4649
-1
29352930 2938
-1
49184918 4919
4919
824824 829
829
17421699 1801
-1
28102810 2815
2815
30033001 3005
-1
737699 800
-1
38203818 3821
-1
574569 580
-1
24282426 2433
-1
30973095 3098
-1
25192519 2521
2521
21482143 2153
-1
21272126 2129
-1
20872084 2089
-1
40944093 4096
-1
22102206 2213
-1
38723866 3881
-1
42844283 4286
-1
46954695 4801
4801
49784969 4980
-1
17331699 1801
-1
26862683 2689
-1
28682866 2869
-1
20782069 2080
-1
30483046 3049
-1
249249 250
250
45964595 4598
-1
837832 838
-1
30403039 3041
-1
19701968 1980
-1
21572155 2161
-1
35723569 3581
-1
36183616 3622
-1
22982293 2299
-1
44884486 4490
-1
45864586 4589
4589
46774666 4681
-1
34883481 3489
-1
45074504 4510
-1
21592155 2161
-1
30153013 3018
-1
17751699 1801
-1
37983698 3802
-1
43524351 4353
-1
934933 939
-1
34523449 3453
-1
43634363 4364
4364
18551852 1856
-1
17921699 1801
-1
46594659 4660
4660
583583 586
586
349349 353
353
23742369 2381
-1
21992195 2203
-1
878866 881
-1
16891689 1690
1690
25002500 2501
2501
954953 955
-1
40434043 4045
4045
38413839 3844
-1
10541052 1055
-1
681669 682
-1
39133911 3918
-1
43544353 4359
-1
41474145 4149
-1
12611259 1262
-1
47874695 4801
-1
31243121 3125
-1
34053403 3413
-1
545545 549
549
28152815 2818
2818
15741569 1583
-1
35423541 3543
-1
745699 800
-1
25222521 2524
-1
35623559 3569
-1
44634463 4469
4469
43594359 4363
4363
32253224 3226
-1
18611861 1864
1864
29772969 2986
-1
16851684 1686
-1
33923392 3396
3396
48724869 4882
-1
35353533 3539
-1
26242624 2626
2626
36933693 3698
3698
12111210 1212
-1
42674265 4269
-1
12661266 1280
1280
684683 689
-1
34903489 3491
-1
412412 415
415
22932293 2299
2299
35653559 3569
-1
24472446 2452
-1
20812081 2083
2083
21352132 2138
-1
44264426 4429
4429
30813065 3083
-1
39843984 3986
3986
30083005 3011
-1
45014499 4502
-1
31533153 3155
3155
33943392 3396
-1
42774269 4282
-1
13291329 1331
1331
11421138 1145
-1
12221220 1223
-1
247246 248
-1
37883698 3802
-1
49004892 4903
-1
43654364 4391
-1
35663559 3569
-1
939939 941
941
21462143 2153
-1
776699 800
-1
35643559 3569
-1
