100 1 1
96 1 1
95 1 1
92 1 1
91 1 1
90 1 1
89 1 1
88 1 1
85 1 1
84 1 1
83 1 1
82 1 1
81 1 1
80 1 1
79 1 1
78 1 1
73 1 1
72 1 1
71 1 1
70 1 1
69 1 1
68 1 1
67 1 1
66 1 1
64 1 1
62 1 1
61 1 1
55 1 1
53 1 1
51 1 1
50 1 1
49 1 1
47 1 1
46 1 1
44 1 1
43 1 1
42 1 1
41 1 1
40 1 1
39 1 1
37 1 1
35 1 1
33 1 1
31 1 1
30 1 1
29 1 1
27 1 1
25 1 1
23 1 1
20 1 1
19 1 1
17 1 1
16 1 1
14 1 1
11 1 1
9 1 1
7 1 1
4 1 1
3 1 1
2 1 1
1 1 1
86 63 69
48 49 83
26 7 13
52 10 35
15 27 31
75 75 51
60 25 18
21 94 65
76 73 34
97 93 26
77 60 91
28 88 50
18 22 57
59 5 47
38 1 14
98 97 97
57 89 89
58 87 87
74 81 81
36 80 80
8 79 79
54 78 78
65 74 74
56 72 72
45 71 71
63 68 68
22 61 61
32 56 56
12 54 54
94 53 53
10 45 45
13 39 39
34 38 38
93 23 23
99 20 20
87 19 19
6 15 15
24 12 12
5 8 8
