4 1 92
37 11 41
34 88 97
58 94 16
49 64 99
31 43 52
23 65 80
13 98 79
19 14 4
59 5 48
48 75 47
36 71 44
43 77 60
6 53 49
3 18 54
51 83 87
28 58 27
7 96 21
9 3 25
35 56 12
18 24 62
21 51 63
39 13 66
24 86 46
56 20 91
30 28 57
57 29 74
26 61 17
52 100 38
47 95 95
45 93 93
38 90 90
44 89 89
25 85 85
46 84 84
41 82 82
8 81 81
69 78 78
16 76 76
40 73 73
68 72 72
15 70 70
63 68 68
62 67 67
54 59 59
55 55 55
20 50 50
67 45 45
70 42 42
50 40 40
66 39 39
29 37 37
11 36 36
22 35 35
32 34 34
17 33 33
10 32 32
53 31 31
60 30 30
65 26 26
61 23 23
33 22 22
27 19 19
2 15 15
1 10 10
64 9 9
14 8 8
5 7 7
42 6 6
12 2 2
