11 48 58
23 17 3
5 42 12
70 35 100
55 2 68
32 77 38
3 15 75
8 47 59
63 46 11
56 31 92
1 63 99
28 98 13
40 94 36
38 66 51
2 34 83
35 9 54
21 90 73
26 74 89
13 85 96
59 97 76
39 1 81
36 64 25
31 62 69
7 95 24
54 65 91
9 53 87
4 80 49
45 86 52
14 57 20
69 93 93
33 88 88
19 84 84
18 82 82
44 79 79
64 78 78
53 72 72
60 71 71
10 70 70
51 67 67
49 61 61
65 60 60
61 56 56
52 55 55
67 50 50
46 45 45
34 44 44
58 43 43
37 41 41
57 40 40
22 39 39
15 37 37
16 33 33
41 32 32
47 30 30
62 29 29
17 28 28
25 27 27
20 26 26
68 23 23
48 22 22
27 21 21
66 19 19
43 18 18
42 16 16
24 14 14
29 10 10
30 8 8
12 7 7
6 6 6
50 5 5
