18 76 26
58 41 15
17 44 19
63 8 54
65 16 27
61 3 59
48 36 64
20 24 68
3 97 94
25 14 33
23 77 48
5 81 71
14 89 60
60 75 11
8 55 73
41 6 78
54 2 92
44 95 86
52 93 63
46 17 74
50 7 83
15 22 12
51 52 4
62 90 67
34 96 10
21 30 69
10 99 5
27 32 98
40 58 9
1 25 80
7 100 100
16 91 91
6 88 88
49 87 87
24 85 85
13 84 84
33 82 82
4 79 79
31 72 72
22 70 70
29 66 66
28 65 65
37 62 62
36 61 61
12 57 57
45 56 56
64 53 53
68 51 51
59 50 50
66 49 49
9 47 47
42 46 46
35 45 45
32 43 43
39 42 42
57 40 40
11 39 39
53 38 38
67 37 37
56 35 35
26 34 34
43 31 31
30 29 29
2 28 28
38 23 23
19 21 21
55 20 20
70 18 18
69 13 13
47 1 1
