33 51 93
11 56 42
39 91 35
47 48 60
36 19 6
3 69 32
28 37 99
60 1 43
27 59 52
50 55 80
34 44 90
62 71 24
63 63 92
18 14 40
49 13 70
26 68 53
69 73 81
35 88 85
12 22 41
41 58 12
40 75 74
21 82 77
52 79 16
4 66 25
2 98 65
51 87 26
46 9 8
16 38 57
65 76 47
38 84 31
17 100 100
19 97 97
57 96 96
22 95 95
10 94 94
64 89 89
7 86 86
29 83 83
48 78 78
23 72 72
6 67 67
54 64 64
55 62 62
24 61 61
59 54 54
45 50 50
70 49 49
32 46 46
1 45 45
8 39 39
53 36 36
56 34 34
44 33 33
5 30 30
66 29 29
25 28 28
30 27 27
58 23 23
68 21 21
42 20 20
13 18 18
20 17 17
15 15 15
37 11 11
31 10 10
9 7 7
43 5 5
14 4 4
61 3 3
67 2 2
