67 1 40
14 27 75
31 83 62
50 38 74
54 48 46
39 81 3
19 19 43
23 13 59
47 95 88
4 92 66
41 93 53
3 84 57
60 56 35
56 22 32
45 85 11
32 68 63
10 55 7
16 49 24
27 97 72
37 71 30
66 37 8
64 42 25
36 28 69
69 18 76
6 15 12
5 14 9
13 86 44
43 52 26
1 10 54
17 100 100
21 99 99
20 98 98
52 96 96
2 94 94
24 91 91
59 90 90
46 89 89
51 87 87
22 82 82
53 80 80
38 79 79
70 78 78
63 77 77
65 73 73
8 67 67
25 65 65
28 64 64
15 61 61
55 60 60
18 58 58
61 51 51
57 50 50
49 47 47
58 45 45
62 41 41
29 39 39
42 36 36
30 34 34
35 33 33
11 31 31
7 29 29
34 23 23
33 21 21
12 20 20
26 17 17
68 16 16
40 6 6
9 5 5
44 4 4
48 2 2
