51 21 10
56 55 63
14 48 19
28 69 16
38 42 89
64 29 74
48 14 18
62 37 64
23 50 88
60 36 53
25 58 23
49 8 47
54 79 7
29 90 13
57 66 24
67 60 39
59 86 75
27 17 100
44 45 96
11 76 70
17 12 35
47 51 30
34 92 61
43 41 49
37 40 81
61 71 95
70 77 73
3 4 97
1 46 98
9 99 99
66 94 94
20 93 93
65 91 91
63 87 87
33 85 85
16 84 84
19 83 83
46 82 82
13 80 80
7 78 78
35 72 72
53 68 68
30 67 67
21 65 65
69 62 62
2 59 59
58 57 57
8 54 54
15 52 52
40 44 44
18 43 43
42 38 38
55 34 34
24 33 33
68 32 32
4 31 31
52 28 28
10 27 27
26 26 26
41 25 25
50 22 22
6 20 20
36 15 15
32 11 11
22 9 9
5 6 6
45 5 5
31 3 3
12 2 2
39 1 1
