97 1 1
94 1 1
93 1 1
92 1 1
91 1 1
90 1 1
85 1 1
84 1 1
83 1 1
80 1 1
79 1 1
77 1 1
76 1 1
74 1 1
73 1 1
71 1 1
69 1 1
67 1 1
66 1 1
61 1 1
59 1 1
58 1 1
56 1 1
55 1 1
54 1 1
53 1 1
49 1 1
46 1 1
45 1 1
44 1 1
43 1 1
41 1 1
39 1 1
38 1 1
37 1 1
35 1 1
32 1 1
31 1 1
30 1 1
29 1 1
26 1 1
23 1 1
19 1 1
17 1 1
15 1 1
14 1 1
13 1 1
12 1 1
11 1 1
10 1 1
9 1 1
5 1 1
4 1 1
3 1 1
27 31 27
95 1 21
33 23 81
2 51 14
68 53 46
42 75 42
70 26 60
47 87 62
34 56 77
22 93 69
63 25 98
24 79 40
48 47 6
75 15 35
16 100 100
78 97 97
1 94 94
8 91 91
98 90 90
57 86 86
99 85 85
96 84 84
36 83 83
20 82 82
7 76 76
86 73 73
60 71 71
87 68 68
51 67 67
28 66 66
89 65 65
64 59 59
62 58 58
72 45 45
82 44 44
81 38 38
25 37 37
88 32 32
6 30 30
21 22 22
18 18 18
52 11 11
100 9 9
40 5 5
65 3 3
50 2 2
