94 1 1
92 1 1
91 1 1
90 1 1
89 1 1
85 1 1
84 1 1
83 1 1
81 1 1
80 1 1
77 1 1
75 1 1
74 1 1
73 1 1
70 1 1
68 1 1
66 1 1
65 1 1
63 1 1
61 1 1
59 1 1
57 1 1
54 1 1
53 1 1
51 1 1
48 1 1
47 1 1
46 1 1
45 1 1
44 1 1
43 1 1
42 1 1
41 1 1
40 1 1
38 1 1
36 1 1
35 1 1
30 1 1
29 1 1
28 1 1
27 1 1
26 1 1
23 1 1
19 1 1
18 1 1
17 1 1
16 1 1
14 1 1
13 1 1
11 1 1
10 1 1
9 1 1
7 1 1
6 1 1
5 1 1
4 1 1
3 1 1
62 5 17
82 26 62
71 12 46
58 42 57
56 95 18
55 35 81
22 39 74
24 78 48
69 25 53
60 20 93
97 52 29
78 100 40
34 38 99
37 33 83
50 91 75
79 97 97
52 96 96
12 94 94
87 90 90
8 80 80
86 79 79
25 76 76
99 72 72
88 70 70
1 68 68
72 67 67
20 66 66
96 65 65
2 47 47
15 43 43
93 41 41
64 37 37
32 34 34
31 32 32
98 28 28
33 27 27
21 21 21
95 19 19
49 16 16
39 15 15
100 13 13
67 7 7
76 1 1
