98 1 1
97 1 1
96 1 1
95 1 1
93 1 1
91 1 1
90 1 1
89 1 1
88 1 1
87 1 1
86 1 1
85 1 1
83 1 1
82 1 1
80 1 1
79 1 1
76 1 1
73 1 1
70 1 1
69 1 1
66 1 1
63 1 1
62 1 1
60 1 1
59 1 1
57 1 1
56 1 1
54 1 1
53 1 1
50 1 1
49 1 1
46 1 1
45 1 1
40 1 1
37 1 1
36 1 1
35 1 1
34 1 1
33 1 1
32 1 1
30 1 1
29 1 1
25 1 1
24 1 1
21 1 1
20 1 1
19 1 1
17 1 1
16 1 1
14 1 1
13 1 1
12 1 1
3 1 1
2 1 1
1 1 1
92 92 10
64 29 44
100 89 4
67 71 84
31 82 95
11 83 17
22 56 77
18 47 93
78 32 8
43 52 66
47 74 51
41 23 11
38 41 75
4 20 24
75 5 58
9 100 100
65 98 98
26 90 90
55 88 88
44 87 87
10 81 81
39 80 80
58 79 79
61 70 70
94 69 69
81 64 64
42 63 63
51 61 61
77 60 60
48 57 57
15 53 53
72 49 49
27 45 45
23 36 36
74 34 34
28 31 31
7 26 26
71 22 22
52 21 21
99 16 16
5 13 13
84 7 7
68 6 6
6 3 3
8 2 2
