98 1 1
97 1 1
95 1 1
94 1 1
92 1 1
91 1 1
89 1 1
88 1 1
86 1 1
85 1 1
84 1 1
83 1 1
80 1 1
79 1 1
78 1 1
77 1 1
76 1 1
74 1 1
73 1 1
72 1 1
71 1 1
70 1 1
69 1 1
68 1 1
67 1 1
63 1 1
60 1 1
58 1 1
57 1 1
54 1 1
53 1 1
52 1 1
48 1 1
47 1 1
46 1 1
44 1 1
41 1 1
39 1 1
38 1 1
37 1 1
34 1 1
33 1 1
29 1 1
24 1 1
22 1 1
21 1 1
19 1 1
18 1 1
17 1 1
13 1 1
12 1 1
11 1 1
10 1 1
8 1 1
5 1 1
4 1 1
2 1 1
90 21 83
56 16 88
26 8 28
96 17 93
43 74 11
61 18 66
51 1 14
100 53 9
45 62 100
1 7 5
64 44 61
65 94 35
55 2 37
31 96 96
49 95 95
40 92 92
59 89 89
82 86 86
3 81 81
28 80 80
87 76 76
50 72 72
36 70 70
93 69 69
23 67 67
30 65 65
62 58 58
15 55 55
35 52 52
27 51 51
6 47 47
66 46 46
99 43 43
75 42 42
32 36 36
20 33 33
81 30 30
25 29 29
14 27 27
7 26 26
9 22 22
42 20 20
16 6 6
