100 1 1
99 1 1
98 1 1
97 1 1
96 1 1
95 1 1
93 1 1
92 1 1
91 1 1
88 1 1
87 1 1
85 1 1
84 1 1
83 1 1
82 1 1
80 1 1
79 1 1
74 1 1
73 1 1
71 1 1
68 1 1
67 1 1
65 1 1
64 1 1
62 1 1
61 1 1
59 1 1
58 1 1
57 1 1
56 1 1
55 1 1
53 1 1
52 1 1
51 1 1
50 1 1
48 1 1
43 1 1
41 1 1
37 1 1
35 1 1
32 1 1
30 1 1
29 1 1
28 1 1
24 1 1
20 1 1
19 1 1
17 1 1
15 1 1
14 1 1
13 1 1
9 1 1
5 1 1
4 1 1
3 1 1
63 55 81
86 91 5
25 89 39
21 9 92
90 70 54
6 65 48
76 46 28
36 85 99
18 57 2
78 95 95
34 87 87
69 84 84
75 83 83
60 82 82
89 80 80
44 74 74
2 71 71
72 69 69
10 67 67
70 66 66
12 63 63
22 62 62
94 61 61
42 60 60
31 53 53
77 52 52
27 51 51
46 50 50
16 47 47
1 45 45
39 44 44
45 43 43
81 42 42
7 41 41
26 38 38
66 36 36
49 35 35
47 32 32
23 31 31
11 25 25
40 22 22
54 14 14
8 10 10
38 3 3
33 1 1
