100 1 1
98 1 1
97 1 1
92 1 1
90 1 1
87 1 1
83 1 1
81 1 1
80 1 1
79 1 1
78 1 1
75 1 1
74 1 1
69 1 1
67 1 1
66 1 1
65 1 1
64 1 1
54 1 1
53 1 1
52 1 1
51 1 1
50 1 1
49 1 1
48 1 1
47 1 1
46 1 1
43 1 1
42 1 1
41 1 1
39 1 1
38 1 1
36 1 1
35 1 1
34 1 1
32 1 1
28 1 1
27 1 1
24 1 1
23 1 1
21 1 1
18 1 1
17 1 1
15 1 1
14 1 1
13 1 1
11 1 1
10 1 1
8 1 1
7 1 1
6 1 1
5 1 1
3 1 1
2 1 1
91 100 18
9 44 14
73 28 78
26 49 51
77 76 58
29 93 61
33 50 13
55 70 2
44 10 52
62 74 22
19 17 85
93 23 8
63 5 42
4 99 99
60 98 98
16 89 89
12 88 88
89 84 84
71 83 83
37 81 81
72 69 69
30 67 67
86 66 66
84 65 65
96 64 64
45 62 62
40 60 60
31 59 59
1 56 56
70 54 54
61 53 53
85 48 48
59 47 47
22 41 41
68 40 40
20 39 39
76 33 33
94 32 32
88 30 30
25 27 27
95 25 25
57 19 19
99 15 15
56 7 7
58 3 3
82 1 1
