100 1 1
99 1 1
96 1 1
94 1 1
91 1 1
90 1 1
89 1 1
88 1 1
87 1 1
86 1 1
85 1 1
84 1 1
83 1 1
82 1 1
80 1 1
76 1 1
74 1 1
73 1 1
67 1 1
66 1 1
64 1 1
63 1 1
62 1 1
59 1 1
58 1 1
57 1 1
56 1 1
55 1 1
52 1 1
51 1 1
50 1 1
46 1 1
45 1 1
42 1 1
41 1 1
37 1 1
36 1 1
35 1 1
33 1 1
32 1 1
30 1 1
27 1 1
25 1 1
24 1 1
23 1 1
22 1 1
21 1 1
18 1 1
16 1 1
12 1 1
11 1 1
10 1 1
5 1 1
3 1 1
31 72 82
69 38 41
65 45 64
60 81 11
6 73 98
8 36 43
39 91 86
71 95 57
70 1 7
19 13 12
9 37 88
26 2 18
48 69 3
20 100 100
14 99 99
7 97 97
47 94 94
61 89 89
98 87 87
95 83 83
2 80 80
43 77 77
28 68 68
79 67 67
72 62 62
4 60 60
29 59 59
81 58 58
49 55 55
68 53 53
44 48 48
92 46 46
38 44 44
34 35 35
53 33 33
77 31 31
15 28 28
93 27 27
13 22 22
75 20 20
1 17 17
17 16 16
78 15 15
54 10 10
97 9 9
40 8 8
