10 24 12
48 2 4
57 28 10
45 39 82
37 51 88
21 57 49
15 96 90
13 70 60
19 25 7
38 87 44
69 86 92
65 56 34
49 68 81
42 41 17
67 14 6
68 73 3
29 94 32
52 58 55
43 23 77
61 38 29
34 76 9
30 31 83
26 36 79
70 98 61
66 40 75
17 95 52
5 21 43
25 85 64
16 35 80
1 8 37
20 100 100
36 99 99
33 97 97
9 93 93
41 91 91
23 89 89
55 84 84
47 78 78
56 74 74
24 72 72
63 71 71
11 69 69
12 67 67
39 66 66
44 65 65
60 63 63
50 62 62
51 59 59
22 54 54
46 53 53
54 50 50
31 48 48
2 47 47
35 46 46
8 45 45
64 42 42
14 33 33
32 30 30
7 27 27
4 26 26
28 22 22
18 20 20
6 19 19
53 18 18
59 16 16
58 15 15
27 13 13
40 11 11
3 5 5
62 1 1
