135199595146
201856376766
118954914866
34386994268
115515744220
189712035462
21236023400
57270493366
129992894096
185507497410
189533392174
138762867628
63090637240
92988649832
128787233366
17554673552
104096311378
154581292492
32573719832
13409221372
113308810070
23181566424
121227553772
167428560424
13608478706
53723179006
82701323812
201875404008
141909578432
18924993826
129297628470
80172876620
32560429288
24688293670
30361340280
63874989514
43887460732
108401316634
145418688400
210242201114
128550486108
147826053884
79447638406
154474337710
113234331648
213348652538
86183350680
90059221204
15658732904
144240184980
43231153682
148459289288
180390674092
100657565972
136377057894
85075802998
127808063866
7845717150
63638106120
73140115820
189101622146
65098269662
51960674632
166687880340
40506893066
136395051500
147505908194
126399657508
96225547312
76802838900
55107969964
137761564688
35883397086
66295787454
108061529224
70232754564
170535539788
65753100826
131119639868
36699428000
160178799024
108281909196
138237231692
172735253692
122783069498
51835069546
28250049918
215071734668
116034576948
74305041334
104702603598
148247901182
158189452042
149592274308
162262940796
70293179072
106333638836
9775519484
75847469868
119947769172
98411566672
32252278498
35602706326
142658070774
74778646964
110037310782
119398576844
72190655122
132513322004
73144312344
86483778254
104535748152
97258395982
167188252288
144051917418
161686146838
119376044438
89337123414
121902732532
91804539484
74791032490
56499314760
191635614694
40004505554
155613827974
15506072644
159414612778
175530692408
83432652086
28317983832
51966046294
92608964056
21013135514
77819075572
184534922504
108882637352
107989283040
46098347090
149470951474
188396074112
26783041914
168712674776
63388333624
15654026288
165036651582
49767060216
95861026852
139933250138
176329998460
79283416108
139134746382
46568501280
3949667592
74420542962
32007809858
30177400418
101829004006
186175663818
46467683742
135110016964
108640583098
127536500068
148971520242
144425641896
116566179230
32283210356
77031459164
98828268794
124392473238
24421956814
103077716958
42634147200
121643346880
108560640236
58694786342
146623049540
65561922038
39205823306
129399130634
63517045736
68536940466
96937986366
56244032502
140363665574
76145810830
29141371472
120725019544
64001701174
188454885484
35163774364
96497761158
146947777894
75214680086
96042495294
126609996388
53350621216
159230172000
99214610888
94182966644
23101979810
114892474938
13641331130
110678424550
73321950818
212693262650
86356289180
1981215886
202767785266
135809189624
153015701920
35446770088
85579256898
87741094330
37319143350
107262997370
188444470936
156114273388
118926118922
89338231366
1985754564
176634457778
107294081482
130909145458
167969836434
22796065162
120535069674
58171773706
142387154866
100632541984
139233608630
58999977112
153821210250
225072960248
61721513014
172430015982
149530675372
167814932942
24650133522
5919420990
92135650378
64685025372
139072172932
161065658720
139370214536
7878254550
156612093336
141533886070
196192675260
121436704046
102968121654
153484956208
207464144512
166325405636
101470164676
102018958320
129649296778
79771990922
139044859274
149212302184
86735063338
96837169852
110864332354
146747223854
88604355218
70949145996
95499068832
56082159270
107680571570
35740314956
13447055950
51062569084
81137533896
182512835200
182637497566
167497046816
141689062846
70801214312
138387681866
98996468696
142619555880
144805823670
89585217504
128164601070
126573949218
11556656068
84631473394
125996309802
74511909206
30061415322
119506285530
99978685276
15387194840
149001310658
107274305374
80193324050
112651792352
15227349552
103995909164
106490426416
154923129542
43695386524
81890924350
62931929264
17598827996
97896580674
79267708498
9820616492
45126340406
60338748252
70752874536
162011431330
130885669778
179629370336
99222598632
99520506546
152981090896
136688236902
129714660830
9847373810
122705785214
116991722018
90144030406
184900629684
178794122484
34452894300
146079801796
35892523094
5910857340
85722490028
19379576600
187964550518
109896520208
177189177554
136163556540
94729590510
154974759762
156824089936
143948134794
7894346946
63949906678
35859978666
88223304574
91715212512
154906729972
84820438594
59425611442
81871194160
145906090742
93112085698
56131433824
69184787908
145471076500
108989533352
106691898492
163634040098
22509539210
103615921662
120039085574
107826563708
194982131922
44798186320
114593254312
44406346786
151656560772
118774379474
81148999424
103341554924
85217816996
122805479400
60182262862
118325632818
13458593056
86777832148
62052981452
31983807038
122212040570
65913179846
125302361018
63537338054
176655341038
153273782344
207255291594
21440599768
40440404522
68421887806
204053787042
132303480582
171962874264
33423689172
132344067682
154562589098
93593417402
22572072142
144906999700
104864809304
80957291290
114730896154
105593164334
39602503436
83610521074
171833439224
122620364432
156478232782
99503251798
165824444146
182723366312
65261386768
36205226580
19513670798
109593068000
173305437942
135755880940
89677643436
9864009114
71618922416
131590758600
110440719602
131787274522
61837649642
104409701588
53145213162
165652595738
145759813126
127221465208
133131348602
117677692542
72613354248
106089159990
144948715264
119216095540
205130615952
218460525208
113503480192
71274242720
130749532062
121729866224
196131335168
65961261960
194188013338
106817978722
95087119990
68571213298
28266413256
94380159150
100660229886
122761510676
58461090204
58010323626
111350063242
193032669962
44230047508
167679702378
175905246346
160515144966
126017487942
157073459094
148459406868
123697101340
31826945018
35934044632
164477088366
7894346946
153144479724
84721483570
157437960340
167167826208
122730091542
190786712672
100275524664
24315904320
48927280856
62107680604
15384895084
115064680306
169801500896
44061109134
131860817568
37473897542
144916157450
97871206778
124414028018
69877947152
3952023780
91207719454
176767703822
98405785308
140753717970
103327317574
114275397856
101502682008
143182975138
96735289518
177289080822
81241335510
125532067258
3966970450
13641331130
123491359992
113270214220
93198692272
