1 1678
2 1648
3 1690
4 1742
5 1659
6 1676
7 1653
8 1692
9 1706
10 1669
11 1645
12 1594
13 1726
14 1646
15 1695
16 1660
17 1638
18 1695
19 1685
20 1727
21 1692
22 1693
23 1762
24 1629
25 1626
26 1645
27 1699
28 1673
29 1648
30 1759
31 1646
32 1730
33 1683
34 1760
35 1658
36 1669
37 1747
38 1737
39 1630
40 1607
41 1607
42 1668
43 1680
44 1672
45 1647
46 1726
47 1648
48 1606
49 1627
50 1685
51 1654
52 1782
53 1629
54 1609
55 1622
56 1756
57 1724
58 1686
59 1654
60 1654
61 1644
62 1669
63 1771
64 1676
65 1763
66 1680
67 1589
68 1693
69 1613
70 1679
71 1691
72 1646
73 1783
74 1735
75 1763
76 1745
77 1758
78 1745
79 1646
80 1596
81 1739
82 1604
83 1684
84 1736
85 1662
86 1691
87 1601
88 1667
89 1586
90 1669
91 1647
92 1777
93 1750
94 1621
95 1677
96 1728
97 1684
98 1731
99 1730
100 1681
101 1673
102 1751
103 1653
104 1772
105 1672
106 1684
107 1592
108 1755
109 1680
110 1649
111 1754
112 1593
113 1643
114 1654
115 1656
116 1741
117 1743
118 1760
119 1730
120 1619
121 1623
122 1683
123 1669
124 1641
125 1619
126 1648
127 1629
128 1654
129 1749
130 1649
131 1730
132 1603
133 1729
134 1731
135 1758
136 1668
137 1755
138 1650
139 1697
140 1683
141 1662
142 1665
143 1728
144 1675
145 1617
146 1695
147 1684
148 1671
149 1731
150 1669
151 1768
152 1650
153 1676
154 1616
155 1683
156 1687
157 1645
158 1635
159 1741
160 1766
161 1754
162 1729
163 1622
164 1745
165 1721
166 1758
167 1724
168 1631
169 1732
170 1705
171 1718
172 1726
173 1741
174 1756
175 1771
176 1649
177 1697
178 1699
179 1733
180 1743
181 1650
182 1749
183 1732
184 1672
185 1734
186 1731
187 1744
188 1679
189 1626
190 1760
191 1694
192 1671
193 1725
194 1686
195 1734
196 1648
197 1733
198 1648
199 1607
200 1727
201 1706
202 1586
203 1672
204 1688
205 1589
206 1762
207 1756
208 1737
209 1615
210 1695
211 1757
212 1663
213 1758
214 1646
215 1757
216 1707
217 1738
218 1745
219 1622
220 1733
221 1669
222 1702
223 1765
224 1654
225 1774
226 1621
227 1681
228 1655
229 1731
230 1622
231 1653
232 1706
233 1649
234 1736
235 1659
236 1751
237 1648
238 1610
239 1684
240 1693
241 1606
242 1684
243 1646
244 1634
245 1671
246 1679
247 1648
248 1681
249 1646
250 1750
251 1667
252 1755
253 1735
254 1645
255 1649
256 1647
257 1732
258 1741
259 1736
260 1676
261 1660
262 1627
263 1606
264 1699
265 1692
266 1705
267 1768
268 1690
269 1646
270 1661
271 1762
272 1645
273 1751
274 1734
275 1726
276 1629
277 1757
278 1732
279 1698
280 1670
281 1752
282 1732
283 1680
284 1726
285 1684
286 1649
287 1706
288 1624
289 1607
290 1654
291 1627
292 1687
293 1745
294 1781
295 1671
296 1738
297 1756
298 1738
299 1589
300 1699
301 1649
302 1753
303 1687
304 1621
305 1696
306 1682
307 1763
308 1631
309 1742
310 1669
311 1614
312 1781
313 1595
314 1751
315 1768
316 1644
317 1772
318 1685
319 1682
320 1613
321 1742
322 1628
323 1741
324 1643
325 1768
326 1603
327 1784
328 1680
329 1678
330 1735
331 1656
332 1657
333 1707
334 1730
335 1648
336 1591
337 1761
338 1731
339 1622
340 1736
341 1744
342 1687
343 1679
344 1643
345 1758
346 1741
347 1694
348 1736
349 1734
350 1648
351 1677
352 1692
353 1672
354 1629
355 1725
356 1675
357 1729
358 1669
359 1680
360 1771
361 1596
362 1593
363 1680
364 1590
365 1768
366 1645
367 1616
368 1678
369 1611
370 1764
371 1639
372 1688
373 1604
374 1589
375 1592
376 1698
377 1668
378 1726
379 1659
380 1756
381 1663
382 1586
383 1677
384 1743
385 1604
386 1709
387 1762
388 1722
389 1670
390 1605
391 1733
392 1743
393 1653
394 1604
395 1757
396 1725
397 1678
398 1694
399 1757
400 1635
401 1678
402 1679
403 1647
404 1596
405 1648
406 1640
407 1681
408 1739
409 1656
410 1586
411 1663
412 1662
413 1613
414 1736
415 1698
416 1688
417 1606
418 1767
419 1631
420 1629
421 1731
422 1656
423 1624
424 1592
425 1753
426 1736
427 1685
428 1705
429 1726
430 1675
431 1634
432 1779
433 1730
434 1679
435 1669
436 1646
437 1607
438 1674
439 1743
440 1682
441 1763
442 1737
443 1763
444 1730
445 1632
446 1741
447 1655
448 1622
449 1730
450 1737
451 1697
452 1671
453 1594
454 1734
455 1677
456 1748
457 1638
458 1693
459 1728
460 1729
461 1622
462 1655
463 1753
464 1630
465 1669
466 1729
467 1683
468 1722
469 1631
470 1689
471 1595
472 1762
473 1605
474 1656
475 1643
476 1723
477 1628
478 1647
479 1764
480 1685
481 1751
482 1739
483 1706
484 1653
485 1719
486 1699
487 1609
488 1692
489 1644
490 1726
491 1727
492 1687
493 1769
494 1705
495 1649
496 1639
497 1703
498 1603
499 1697
500 1729
1586
