56 31 31
58 13 13
41 4 4
44 11 87
47 18 40
45 94 94
48 66 70
49 84 9
50 85 85
53 45 35
54 71 71
39 37 37
37 72 72
59 22 61
60 33 33
61 95 50
62 88 88
63 34 34
40 2 23
64 90 90
65 19 42
66 43 43
68 16 69
67 36 79
55 27 27
1 98 98
35 76 14
42 41 41
52 24 24
36 56 56
57 73 73
69 32 32
70 28 28
20 57 8
18 53 53
21 77 77
5 52 52
22 99 51
17 82 64
16 12 12
28 78 25
15 38 60
11 83 75
13 59 59
12 15 15
9 46 46
8 21 21
6 26 26
7 100 100
4 65 58
3 81 81
2 68 7
51 5 92
23 74 6
24 30 30
19 97 97
33 62 62
25 49 49
26 20 20
32 39 39
29 47 47
30 86 86
34 96 91
14 17 67
31 29 3
27 55 10
10 93 48
38 63 44
43 54 80
46 1 89
