43 59848
65 56516
69 64565
73 23805
115 34542
117 80635
148 55632
154 69748
158 49858
198 17740
239 76305
240 25267
282 95246
283 62420
284 41663
302 89127
323 87593
329 6839
349 81373
368 52254
375 18358
402 99581
416 45997
417 16729
418 14663
433 23117
468 32623
477 77766
478 58644
483 10573
516 85218
529 78062
538 96612
539 77790
549 43975
550 16916
574 18094
617 15891
621 97618
639 69025
669 50708
675 14252
727 22780
754 16348
766 29797
780 86581
809 18964
821 35053
823 62425
828 84907
845 16891
849 93317
852 16993
860 75685
880 75689
901 46679
904 65611
928 72139
950 27699
960 74956
965 16196
976 22592
1018 94546
1044 26832
1066 12010
1076 73883
1090 65931
1140 12290
1181 66951
1185 4022
1190 22452
1193 49324
1211 55979
1239 84826
1274 63435
1276 74551
1302 17226
1317 58004
1325 8775
1344 3508
1368 75085
1375 1157
1383 44796
1405 61723
1423 95340
1432 56888
1445 524
1455 64396
1504 86678
1528 51240
1537 53044
1539 94710
1543 37294
1557 43844
1590 14791
1603 10736
1623 66064
1630 80054
1631 10028
1645 24509
1664 88804
1708 6845
1730 81483
1741 49568
1759 38951
1769 31895
1823 53405
1835 1665
1844 79958
1849 29995
1853 50655
1862 64333
1865 79642
1878 -21
1907 13223
1909 30216
1914 67539
1920 3541
1936 2530
1942 29139
1955 1900
1973 41514
1996 19355
2012 51271
2014 95472
2015 51155
2018 94822
2030 74391
2033 44663
2097 46172
2100 76186
2107 1884
2119 -2038
2130 29150
2131 26742
2147 95559
2148 58025
2165 12439
2194 3818
2214 84003
2249 42525
2261 90490
2270 76148
2282 66937
2284 43307
2292 36673
2324 6145
2338 69465
2341 9478
2350 86893
2362 85620
2399 18504
2402 49212
2406 95305
2407 93822
2408 72577
2429 -2337
2440 73582
2441 23582
2450 49907
2470 21245
2473 53510
2475 32724
2491 10838
2521 20648
2532 96321
2533 92332
2534 14158
2548 97140
2580 9774
2593 46926
2621 14034
2627 92827
2647 26156
2653 1230
2664 56409
2669 9163
2690 92134
2714 69967
2715 45770
2722 14783
2730 -2498
2737 56585
2752 14545
2762 97109
2806 72375
2813 59557
2824 5372
2832 26807
2836 68402
2837 26796
2845 35265
2857 19201
2890 3096
2934 44996
2943 54135
2947 54455
2948 49082
2949 3823
2967 17894
2976 71887
2999 95009
3002 15024
3007 64025
3020 -2172
3033 74668
3034 52852
3077 21552
3079 65906
3102 79171
3126 68727
3135 7262
3149 95890
3175 9220
3184 66080
3202 89949
3214 76354
3215 32058
3222 77096
3271 73361
3286 96122
3322 20316
3344 86098
3350 31509
3352 -2150
3380 31771
3387 64491
3403 28999
3405 65431
3425 17222
3431 2298
3437 76825
3460 64000
3486 30231
3504 68458
3511 53450
3515 8744
3524 22163
3527 28719
3541 9954
3547 89039
3576 63965
3596 75474
3597 24458
3609 23318
3613 72322
3617 16584
3623 6045
3649 7306
3654 61439
3656 62096
3658 48339
3692 44350
3695 61174
3701 85892
3702 -2838
3718 73091
3723 -3000
3736 44254
3741 82513
3754 50186
3761 67190
3779 2399
3783 86678
3802 33428
3843 32992
3871 10136
3910 92288
3911 49036
3913 83233
3914 40088
3925 6231
3957 40094
3966 10877
3979 88760
3995 4221
4012 17497
4062 15016
4099 44260
4101 31516
4103 58154
4104 30092
4112 78539
4116 90795
4126 38148
4155 55251
4172 88219
4199 1560
4208 55537
4226 72033
4229 21813
4231 49944
4240 67515
4255 79435
4258 81320
4264 44808
4272 -778
4304 94117
4313 86149
4370 16513
4378 19372
4384 79839
4402 18616
4418 83162
4419 4782
4447 49618
4452 65563
4465 22481
4501 42187
4544 34806
4618 9260
4623 68702
4681 20683
4695 57193
4717 13568
4722 24340
4726 13393
4786 -4641
4811 69412
4817 84047
4868 9621
4893 85680
4897 14964
4912 95132
4927 27800
4938 72187
4948 61070
4954 -4079
4974 39959
4984 10724
4991 33620
5030 75499
5032 80874
5036 16800
5037 9160
5061 84171
5073 81647
5089 63972
5103 85979
5156 31971
5161 11043
5163 -409
5173 11097
5195 -2532
5197 66221
5238 16165
5241 66691
5252 66820
5259 2962
5291 42894
5294 31216
5307 63005
5316 61023
5391 5719
5393 49507
5398 87040
5470 53500
5475 69487
5478 29445
5495 9511
5511 59769
5530 23928
5532 -3383
5545 36594
5559 77923
5567 15350
5630 -3833
5641 80836
5642 35624
5654 39830
5665 67227
5704 87899
5722 30653
5775 50529
5794 35859
5811 10316
5820 61921
5828 87258
5834 77521
5838 -5309
5862 71148
5878 93642
5884 62270
5895 -3244
5929 -1060
5957 52829
5972 73309
5988 86451
5997 50839
6015 91358
6023 70400
6027 40197
6029 87293
6044 70098
6060 39635
6061 2076
6084 38033
6103 40392
6123 -1003
6174 63741
6182 17066
6184 87984
6209 25816
6214 53254
6226 1779
6237 48501
6245 42907
6250 15889
6252 67784
6309 65867
6312 66679
6330 50058
6332 33014
6340 64819
6366 93304
6377 1376
6382 67318
6396 71554
6414 77077
6420 24061
6447 67097
6451 39805
6454 60181
6483 73578
6485 56469
6490 54712
6508 30886
6514 42203
6516 51
6521 87049
6566 40949
6576 -1982
6606 47114
6622 43286
6628 70457
6645 6283
6657 78344
6660 10825
6669 81982
6672 80249
6694 67325
6730 61581
6733 25736
6747 85585
6751 65176
6760 10230
6765 42555
6770 2597
6779 48087
6801 70477
6803 53160
6806 5713
6819 85300
6840 21579
6889 68304
6937 77769
6960 3488
6985 58767
6996 75075
7003 92205
7009 76047
7072 36287
7096 57341
7097 29895
7121 77483
7131 44093
7158 66088
7161 10380
7194 77647
7204 75891
7222 55498
7238 5087
7244 17666
7278 1050
7288 92512
7309 46519
7317 52499
7366 48544
7382 51850
7493 54227
7508 26880
7519 79202
7524 -1501
7534 23008
7553 82125
7564 54085
7571 56343
7572 49719
7577 70166
7604 74902
7622 30415
7655 -188
7656 -7211
7661 31706
7679 9670
7692 34030
7721 88562
7739 4115
7762 87495
7764 -734
7773 18647
7785 74434
7796 72162
7816 74802
7826 55228
7832 60303
7842 48435
7850 26403
7855 4037
7861 48838
7894 49335
7904 12259
7941 14411
7968 50102
7990 -1601
8001 64353
8004 30477
8008 24883
8015 1084
8018 77416
8022 33171
8036 44937
8046 26753
8047 7788
8053 -7090
8076 76945
8124 47810
8127 7272
8136 12973
8139 1447
8148 1814
8152 2187
8166 1155
8176 82972
8192 28916
8193 28866
8197 38924
8200 -2328
8209 49349
8233 43195
8239 79131
8252 45483
8274 30201
8277 83822
8288 62731
8297 15815
8308 27434
8346 12808
8373 17306
8428 79826
8459 11194
8505 60432
8510 28362
8519 41982
8523 26976
8524 7098
8537 37465
8547 55637
8555 66680
8591 85245
8615 62336
8630 89456
8631 23096
8657 4537
8664 48443
8675 80455
8676 38464
8677 9948
8719 34495
8723 21343
8726 75424
8727 70823
8736 -4914
8745 1395
8758 3966
8773 59290
8789 -1365
8826 3371
8833 25008
8876 28970
8891 19573
8906 67398
8907 3448
8912 -1480
8938 58014
8945 87952
8949 35640
8956 74213
8957 -7191
8960 82896
8961 8583
8965 -2286
8980 -474
8984 12055
8991 51483
9004 28725
9005 24904
9014 27963
9018 40323
9036 4776
9052 74577
9054 56647
9072 15158
9096 83380
9136 55693
9153 59457
9160 10279
9167 82436
9170 12290
9213 25881
9225 68107
9239 21181
9247 28021
9260 1356
9270 89885
9279 83281
9338 89243
9377 42347
9389 50268
9402 17853
9436 22720
9450 64513
9460 2194
9473 39062
9481 -3538
9485 1570
9492 47936
9508 80510
9509 52482
9558 69011
9584 81784
9632 60736
9639 50395
9641 63484
9654 76027
9662 79085
9675 65878
9693 -8402
9696 33825
9726 26710
9742 34040
9743 31381
9749 86958
9764 57279
9770 75894
9775 81020
9799 79913
9819 23123
9871 13715
9882 2172
9888 47527
9898 73352
9908 -5092
9921 60578
9923 4303
9930 73926
9945 62272
9965 71311
9987 66090
9999 71356
10002 80959
10023 28329
10026 47461
10030 66329
10031 60604
10033 17512
10036 86269
10041 -3576
10084 21209
10134 22638
10149 36311
10151 76594
10187 -8060
10196 80655
10197 -3926
10202 70397
10207 56827
10211 62847
10281 54186
10287 4969
10293 10578
10312 -4903
10315 32065
10329 11738
10336 48217
10345 82079
10348 58966
10352 -6378
10358 66821
10372 65543
10381 51590
10401 -875
10411 -7459
10415 42592
10423 45884
10437 69792
10447 28317
10476 71937
10494 65905
10508 65179
10516 10299
10519 60356
10525 25289
10541 -1794
10562 8321
10581 51195
10595 28319
10606 20942
10623 22572
10642 65786
10648 58044
10657 52219
10688 52332
10694 77633
10710 6186
10738 88611
10770 5749
10785 22102
10795 79548
10803 40365
10841 34825
10851 77500
10873 67046
10874 4055
10878 12276
10889 77598
10891 42753
10898 15217
10928 30219
10941 28128
10955 47625
10964 49188
10998 53654
11005 -1150
11010 88789
11014 86987
11015 73347
11054 24474
11067 86572
11071 -5160
11091 42403
11094 1188
11103 -3762
11105 25938
11108 13456
11127 6549
11134 28537
11155 31133
11159 36810
11160 31914
11162 72488
11173 55534
11175 60413
11184 73641
11196 31798
11200 23018
11217 48884
11290 33586
11314 40347
11319 -7852
11320 -10950
11326 79768
11336 63506
11339 49061
11354 23369
11379 -11194
11417 36604
11435 13003
11454 32316
11459 35628
11460 22823
11469 45943
11479 85967
11486 -8287
11499 63562
11511 72092
11514 34949
11533 51628
11582 -5912
11608 53608
11615 16046
11619 -9194
11621 42021
11645 17559
11649 18433
11652 66711
11656 80982
11667 73910
11710 81404
11764 17035
11779 70567
11782 -798
11826 8851
11847 16531
11854 30243
11864 54603
11872 3745
11873 -8973
11890 21620
11915 71430
11917 86088
11918 -7587
11937 43177
11939 68790
11957 49448
11996 -9065
12005 72007
12030 29550
12040 50201
12048 30347
12089 64625
12134 46523
12151 34112
12169 -1545
12182 55678
12205 42077
12213 13635
12228 6775
12232 31560
12245 -7564
12264 1533
12278 60724
12280 36980
12308 70574
12316 58511
12318 87205
12330 42470
12351 39920
12384 -6738
12388 39808
12422 19804
12488 71759
12492 13185
12497 10897
12518 55875
12520 -2362
12526 22702
12530 4284
12556 75123
12600 22859
12637 39651
12638 -1275
12651 56779
12661 10745
12684 66989
12689 33459
12693 19792
12700 66710
12704 73531
12733 49406
12744 34210
12768 18033
12786 -1383
12793 -664
12803 -10119
12810 68085
12874 48046
12906 24422
12907 21572
12932 1755
12976 -10578
12985 19260
12996 59717
13004 3596
13014 5945
13020 83537
13061 15164
13063 80641
13067 -3628
13097 29751
13125 74994
13127 42566
13163 25375
13164 -8048
13173 2048
13180 1158
13185 -4299
13188 25807
13194 -12200
13241 64786
13243 79092
13266 55579
13271 82402
13309 75948
13351 54592
13363 74631
13367 41941
13373 34466
13378 -8126
13385 -4910
13400 24642
13437 37444
13438 11515
13446 36181
13467 -11335
13469 -8493
13484 44967
13499 -8816
13512 62444
13527 45867
13530 67126
13531 -1660
13566 39290
13573 11785
13587 17205
13618 72284
13625 85499
13629 -13383
13681 12100
13723 4562
13726 13145
13737 21327
13742 50069
13753 17021
13758 44493
13767 21630
13802 21269
13808 58152
13814 76250
13857 3422
13880 38632
13881 35064
13890 9560
13896 78062
13902 -6081
13908 -3971
13945 81019
13946 61834
13960 93
13991 83910
14045 64928
14050 75821
14051 12534
14059 7759
14066 72896
14068 -1963
14092 28847
14112 15254
14135 73271
14143 14035
14156 11004
14166 50814
14170 -10626
14180 75135
14182 46213
14191 56785
14195 46246
14218 -10722
14227 70325
14230 71065
14245 29916
14318 75928
14322 24986
14364 -1051
14374 71452
14377 57400
14413 32967
14445 -7971
14478 20952
14479 12131
14481 -9789
14500 35747
14507 12216
14529 39634
14543 67921
14568 82379
14573 5271
14576 -2433
14631 72983
14664 25824
14675 -4878
14694 39511
14727 -12860
14775 -7109
14804 21995
14807 14307
14848 25425
14864 -1182
14872 71069
14873 23482
14878 67545
14895 -11340
14898 42304
14919 13242
14928 28994
14930 78188
14942 12323
14952 78143
14971 77225
14974 81678
14978 34754
14988 -1687
15001 58590
15005 38632
15012 51667
15021 1939
15024 64928
15032 26102
15044 10
15047 57158
15058 22147
15064 -14810
15068 55120
15075 11273
15077 60200
15081 80596
15100 -3091
15116 25773
15119 44385
15184 27983
15199 -341
15216 29278
15241 10234
15253 62495
15261 61232
15349 21647
15351 11798
15362 53828
15404 34706
15431 650
15454 70370
15491 5528
15541 71329
15564 35683
15581 893
15610 35860
15613 13973
15640 7688
15652 51617
15683 77404
15693 68113
15706 77996
15761 -7802
15767 35506
15778 23285
15784 36315
15811 46328
15813 70157
15830 71958
15843 81436
15848 23207
15877 54074
15910 3880
15921 29545
15947 34856
15952 42375
15954 56818
15956 82893
15969 11576
15974 82249
16011 51950
16022 52183
16027 -15649
16038 26568
16060 21113
16073 38037
16075 40624
16104 55787
16168 65962
16193 14520
16196 30128
16225 41350
16259 64077
16294 9672
16300 79119
16307 79527
16354 16521
16355 10239
16367 7498
16384 -8145
16403 -15323
16420 16608
16434 21958
16441 31991
16454 30736
16457 38006
16469 44206
16481 52610
16528 47884
16539 154
16549 39490
16557 38597
16564 -696
16582 26560
16608 31222
16621 74225
16622 -13849
16625 64644
16665 31352
16681 66706
16747 -696
16768 80876
16769 13003
16777 -14846
16789 -11391
16792 20394
16848 75382
16864 78663
16876 15564
16881 77578
16906 30598
16910 49334
16921 -2270
16925 6197
16938 -3616
16957 67975
16994 46370
17001 25854
17040 78685
17054 32006
17060 42046
17076 23994
17089 65309
17095 78093
17097 31788
17098 16211
17108 -2606
17119 32804
17122 71135
17123 24442
17129 7258
17133 46718
17147 8741
17159 -6710
17168 36920
17208 73266
17213 45534
17224 2948
17240 64671
17242 73838
17251 6291
17257 -3727
17268 58888
17272 -11807
17276 705
17282 21581
17284 58536
17323 33356
17364 11154
17366 45548
17418 3968
17422 33584
17427 17704
17455 38247
17457 45634
17466 -9537
17524 41247
17528 57890
17570 78817
17573 15722
17575 40115
17586 40635
17588 17172
17670 10226
17675 25331
17684 25535
17686 39963
17757 26696
17761 58946
17769 35276
17808 24309
17848 12638
17876 10137
17896 5808
17899 3808
17915 74547
17935 75203
17940 2779
17946 20376
17947 12615
17960 52929
17965 26132
18020 17773
18022 -5057
18061 -1003
18069 25527
18071 -7934
18112 -5306
18126 -12945
18175 69090
18183 52606
18193 -15830
18214 19574
18236 2820
18240 61848
18265 49946
18330 64964
18342 80824
18357 81435
18367 -7792
18378 -15900
18402 56947
18426 12788
18435 50800
18471 51139
18474 -13762
18476 47673
18495 18497
18504 47708
18511 21435
18533 -3276
18547 28453
18552 28295
18570 34917
18605 2125
18684 77053
18692 54377
18696 61856
18705 -2403
18717 8518
18732 28382
18769 75397
18785 56821
18790 1650
18793 72565
18823 33409
18854 -739
18879 47260
18884 26107
18907 64276
18915 36748
18940 74792
18946 583
18951 31816
18969 67235
19011 -6668
19033 8410
19068 43132
19071 38974
19072 30515
19092 48047
19114 70975
19123 56459
19124 -13744
19134 7807
19161 -8949
19211 -3537
19222 5919
19229 53628
19238 -15453
19242 16749
19245 -110
19267 58161
19273 13458
19279 19707
19282 28597
19288 -7315
19299 36028
19301 67793
19306 5137
19314 15316
19319 76611
19322 32238
19326 13206
19331 -14701
19340 26567
19360 -11477
19366 58026
19369 20024
19379 45904
19410 9192
19418 17136
19425 41865
19442 69677
19453 35150
19455 67162
19461 72451
19468 46001
19476 42572
19495 38287
19510 57565
19522 -17349
19527 54664
19548 45672
19565 58282
19570 13017
19593 -17723
19606 20981
19623 29062
19625 57555
19639 13836
19643 62442
19646 -11257
19649 -4207
19650 -14094
19663 67326
19669 -15930
19676 8586
19696 -3433
19738 16650
19740 70345
19743 44790
19763 56412
19786 1587
19818 18961
19851 19628
19874 48865
19876 -16566
19885 25368
19918 6372
19974 6019
19981 24634
19983 41194
19987 66416
19988 19125
19989 520
19999 70212
20052 42012
20059 14605
20061 47965
20110 52224
20113 39518
20128 -168
20149 28349
20191 8281
20196 57388
20205 69819
20227 76775
20303 70244
