53 35 45
48 70 66
44 11 87
4 58 65
68 16 69
47 40 18
61 50 95
15 60 38
35 76 14
22 51 99
46 89 1
17 64 82
28 78 25
49 84 9
11 83 75
51 5 92
23 6 74
20 57 8
65 42 19
67 36 79
40 23 2
59 22 61
2 68 7
14 17 67
31 3 29
10 48 93
27 10 55
34 91 96
38 44 63
43 80 54
1 98 98
3 81 81
5 52 52
6 26 26
7 100 100
8 21 21
9 46 46
12 15 15
13 59 59
16 12 12
18 53 53
19 97 97
21 77 77
24 30 30
25 49 49
26 20 20
29 47 47
30 86 86
32 39 39
33 62 62
36 56 56
37 72 72
39 37 37
41 4 4
42 41 41
45 94 94
50 85 85
52 24 24
54 71 71
55 27 27
56 31 31
57 73 73
58 13 13
60 33 33
62 88 88
63 34 34
64 90 90
66 43 43
69 32 32
70 28 28
