53 35 45
44 87 11
48 70 66
22 51 99
49 9 84
17 64 82
15 38 60
61 50 95
68 69 16
28 25 78
11 75 83
20 8 57
67 79 36
59 61 22
2 7 68
35 76 14
46 1 89
43 54 80
38 63 44
4 65 58
47 18 40
51 5 92
34 96 91
14 67 17
23 6 74
65 42 19
40 23 2
27 55 10
10 93 48
31 29 3
7 100 100
1 98 98
19 97 97
45 94 94
64 90 90
62 88 88
30 86 86
50 85 85
3 81 81
21 77 77
57 73 73
37 72 72
54 71 71
33 62 62
13 59 59
36 56 56
18 53 53
5 52 52
25 49 49
29 47 47
9 46 46
66 43 43
42 41 41
32 39 39
39 37 37
63 34 34
60 33 33
69 32 32
56 31 31
24 30 30
70 28 28
55 27 27
6 26 26
52 24 24
8 21 21
26 20 20
12 15 15
58 13 13
16 12 12
41 4 4
