486010036
809328837
597736795
642415341
794842767
110672233
976155135
715262157
61668166
643131434
10402604
262295299
523655589
145350584
542589351
260170898
33968054
228351989
121679786
391770050
243176258
430329753
662742296
251639680
409461977
376738056
88967677
451725493
931992537
565388407
829121129
522012447
165869741
172186430
345896503
584695938
524301636
638979959
471896941
410469032
99118149
915819461
919366813
693350912
361385047
791852594
257538501
985316632
953035840
253473204
728290954
514125753
688827249
126659700
479412529
44730125
133475505
435668903
775265622
936196229
420993310
777133895
749410003
678016599
594855297
538364492
819439464
592224807
46559604
687937267
965874251
453828908
892760114
270577782
162123343
966489246
471005262
482333221
563747752
463029068
266414144
19771013
660410475
183232994
651974174
328437872
670353548
854009734
10542587
183668298
69980645
217102019
826512463
408045369
414294059
778308467
320637561
978627944
654590504
