2976082188
2280415161
2807508695
2981906255
2964691620
2966289645
2989718402
2989718402
2881296328
2924208170
865940251
2989718402
2981906255
2981906255
2951268526
2988817995
2989718402
2981906255
2989718402
2905877992
2922727902
2892135897
2966289645
2724367111
2970768473
2917917381
2964691620
2796556891
2977613568
2977613568
2989718402
2970768473
2333348522
2890409138
2988817995
2976082188
2981906255
2988817995
2981490931
2929264721
2981906255
2970768473
2934323308
2970768473
2904833956
2929264721
2988817995
2924208170
1404592233
2981490931
2988817995
2856839721
2981906255
2981906255
2929264721
2981490931
2976082188
2981906255
2981906255
2905433173
2988817995
2847050435
2989718402
2976082188
2624853795
2929264721
2989718402
2970768473
2977613568
2981490931
2981906255
2929264721
2981490931
2970768473
2988817995
2977613568
2970768473
2938213385
2856839721
2970768473
2989718402
2981906255
2960225743
2981906255
2708782952
2901621493
2989718402
2981490931
2836455654
2989718402
2924208170
2981490931
2925896016
2970768473
2981490931
2981906255
2925896016
2981906255
2875014158
2970768473
2904833956
2926412264
2307475405
2935867386
2922727902
2890409138
2981906255
2981906255
2976082188
2964691620
2989718402
2927557891
2981906255
2812911475
2977613568
2966289645
2929264721
2977613568
2981490931
2924208170
2905877992
2988817995
2977613568
2977613568
2989718402
2981906255
2915972350
2929264721
1164084045
2989718402
2988817995
2989718402
2856839721
2724367111
2929264721
2981906255
2981906255
2981906255
2977613568
2977613568
2970768473
2989718402
2724367111
2854975154
2989718402
2988817995
2802366505
2964691620
2976082188
2598528416
2922727902
2981906255
2981490931
2981906255
2672063823
2905877992
2875014158
2821572124
2970768473
2929264721
2977613568
2708782952
2708782952
2977613568
2988817995
2715299506
2929264721
2929264721
2929264721
2977613568
2976082188
2988817995
2377960416
2964691620
2807508695
2988817995
2245097621
2964691620
2924208170
2847050435
2754542728
2981906255
2989718402
2989718402
2861813743
2981906255
2795322145
2970768473
2715299506
2977613568
2539207669
2287650635
2904833956
2929264721
2856797515
2981490931
2977613568
2856839721
2862281445
2981490931
2245097621
2977613568
2976082188
2929264721
2989718402
2989718402
2904833956
2977613568
2913537290
2981906255
2981490931
2929264721
2779895893
2988817995
2989718402
2929264721
2981490931
1702111484
2989718402
2988817995
2647364926
2966289645
2807508695
2926412264
2602553958
2964691620
2955940539
2924208170
2988817995
2989718402
2981906255
2988817995
2929264721
2905877992
2922727902
2847050435
2981490931
2917917381
2989718402
2966289645
2981490931
2812911475
2875014158
2981906255
2964691620
2964691620
2879351805
2988817995
2988817995
2970768473
2812911475
2989718402
2861813743
2856797515
2904833956
2981906255
2988817995
2977613568
2989718402
2811937147
2988817995
2881296328
2555039750
2812911475
2924208170
2856797515
2988817995
2515378251
2922727902
2487405814
2989718402
2964691620
2981490931
2472043235
2970768473
2865431040
2964691620
2977613568
2970768473
2981490931
2988817995
2981906255
2905877992
2929264721
2876720148
2488319767
2964691620
2981490931
2354162669
2924208170
2796556891
2977613568
2881296328
2905877992
2977613568
2981490931
2964691620
2915972350
2779895893
2988817995
2970768473
2977613568
2724367111
2976082188
2981490931
2929264721
2988817995
2929264721
2960225743
2977613568
2929264721
2929264721
2981490931
2977613568
2964691620
2977613568
2970768473
2989718402
2864327770
2856797515
2922727902
2708782952
2715299506
2724367111
2981490931
2981906255
2900520248
2981490931
2977613568
2966289645
2989718402
2762086575
2977613568
2927733341
2905877992
2981490931
2905877992
2811937147
2924208170
2988817995
2566477477
2966289645
2929264721
2924208170
2977613568
2981906255
2966289645
2976082188
2981490931
2989718402
2981490931
2926412264
2989718402
2981906255
2708782952
2989718402
2929264721
2915972350
2764989525
2988817995
2708308421
2926412264
2938213385
2604200987
2981906255
2905433173
2988817995
2929264721
2861813743
2976082188
2977613568
2989718402
2981906255
2989718402
2981906255
2989718402
2981490931
2483136033
2981906255
2964691620
2981490931
2929264721
2981906255
2966289645
2861813743
2811937147
2981490931
2964691620
2929264721
2988817995
2988817995
2904833956
2926412264
2966289645
2970768473
2708782952
2981906255
2981490931
2966289645
2812911475
2981490931
2368506508
2922727902
2989718402
2848331088
2960225743
2927557891
2929264721
2981906255
2966289645
2924208170
1921373807
2691686184
2762086575
2988817995
2812911475
2708782952
2981906255
2929264721
2981490931
2988817995
2387330023
2856839721
2977613568
2976082188
2989718402
2724367111
2746618153
2970768473
2981906255
2922727902
2977613568
2988817995
2988817995
2989718402
2977613568
2802366505
2748965445
2988817995
2981906255
2981906255
2964691620
2929264721
2981490931
2988817995
2988817995
2929264721
2715299506
2905877992
2966289645
2981490931
2970768473
2970768473
2977613568
2724367111
2802366505
2754542728
2894866717
2929264721
2422696057
2989718402
2767382327
2951515460
2848331088
2981490931
2658651554
2883751400
2905877992
2989718402
2927733341
2966289645
2981906255
2955940539
2989718402
2981906255
2981906255
2662363538
2929264721
2447761315
2966289645
2964691620
2929264721
2803054169
2507592659
2976082188
2970768473
2929264721
2924208170
2989718402
2647193932
2929264721
2715299506
2927557891
2981906255
2989718402
2807508695
2929264721
2976082188
2935867386
2861813743
