0
0
0
0
0
0
0
0
0
148
0
0
26
86
273
4
60
180
121
6
20
233
40
42
20
34
103
0
0
2
1
80
266
24
150
180
0
0
0
108
43
0
39
63
12
849
670
376
548
96
141
4
0
126
305
0
36
0
178
146
67
257
27
65
59
8
695
10
1300
635
472
16
147
27
364
39
86
111
90
13
42
0
18
0
643
0
551
371
1963
635
43
70
21
10
1
446
69
692
500
37
52
238
30
459
438
372
124
324
964
424
96
71
1700
0
326
9
0
16
184
919
54
72
346
45
1670
59
825
145
452
999
194
4
462
973
278
16
787
11
1110
88
352
252
184
44
236
29
353
808
432
47
269
872
16
34
91
1104
1210
1136
222
111
2569
824
1528
323
145
104
74
425
489
187
441
3991
374
833
24
676
212
857
2183
20
208
195
105
933
0
137
22
6
216
2998
1925
299
607
189
819
40
892
54
2202
2289
165
895
537
741
3543
1459
687
42
1449
613
883
1255
2731
658
159
171
0
334
1255
799
123
192
19
66
58
595
789
0
893
793
1088
1773
288
164
191
2024
2812
349
245
806
0
264
234
822
497
70
881
87
91
90
3548
165
84
2453
2220
523
2974
54
935
93
1106
1386
24
109
735
1237
886
590
254
135
2178
239
45
159
144
1407
2480
452
41
615
0
380
1360
41
2706
0
1839
1679
0
217
0
483
1286
182
538
119
125
59
625
354
59
1639
111
6
45
144
62
5
2162
24
798
