0
0
0
0
0
0
0
0
0
2
0
0
2
7
14
0
5
24
18
0
0
24
0
0
0
9
22
0
0
0
0
2
56
0
20
20
0
0
6
7
0
0
0
13
6
61
61
29
41
11
33
0
8
8
30
0
0
0
15
4
0
16
8
0
0
0
59
5
132
65
45
8
7
18
20
2
0
7
25
4
3
0
0
0
104
0
33
55
195
28
4
4
0
10
0
19
15
51
35
5
12
18
6
24
19
29
9
32
115
78
34
0
172
0
40
0
0
8
20
58
6
3
52
0
199
4
75
5
55
107
17
2
51
50
18
0
109
9
220
0
12
43
31
0
10
0
29
132
37
14
24
74
0
9
18
100
83
127
39
9
278
74
171
12
16
0
24
9
21
7
38
519
55
81
12
27
39
80
309
0
33
53
10
135
0
15
4
2
8
257
204
40
68
19
138
0
99
0
315
265
17
139
37
59
594
226
57
11
129
68
157
213
404
138
18
16
0
57
138
100
37
8
2
13
6
67
101
0
113
98
236
258
59
40
26
276
384
76
9
52
0
7
27
35
26
10
182
0
0
0
470
10
0
482
235
67
399
1
68
8
127
229
4
0
99
169
102
42
60
3
371
6
15
16
24
286
281
64
7
176
0
10
261
10
300
0
148
129
0
9
0
25
166
14
56
9
25
0
74
63
24
188
0
0
0
0
0
0
496
0
41
