0
0
0
0
746966016
823460275
913021356
0
0
0
0
207277923
887431148
0
0
487213222
622204424
540262958
0
242730121
120096474
451532318
0
853541047
484654908
973748284
0
692430326
893853304
512225669
0
0
833250158
427177182
694696931
181401965
1193610
485676802
915989466
427027596
314137930
0
0
0
868768809
175205696
339332536
610334440
729978468
0
105152756
82340142
766412172
0
438391952
306003292
993223312
849342431
886964845
313071213
530977999
435723612
919717582
670821863
0
860785931
877154754
97525442
0
212219423
755910940
201989571
475304670
0
97766090
225434791
529529367
0
0
424878668
935107870
996712163
628269025
0
39068137
0
828440998
351202216
418589490
0
409594964
0
0
37671744
918322170
122072104
477861405
253981167
996096376
129511019
0
0
200636831
547682623
697444972
511372028
242847592
52086133
214095948
300777835
33951933
206220277
999046695
728454367
694182655
754621985
887604138
0
724286003
0
547920301
0
442066087
235215105
31922599
855673480
0
555456858
241604917
137895418
842637283
394027056
413806354
565904906
871415963
59463260
753255263
64057605
260132180
509028577
0
0
402779437
839182503
755037454
0
389246746
793210646
322884076
375596801
6595129
237204170
0
12476814
895074588
49969982
519639894
404606016
122436764
312030905
120938397
248092253
733409791
578575061
41070425
334445128
215672635
150477693
0
0
647118162
0
0
679168071
259374004
72624799
934114299
494646954
0
680658449
663265002
937175711
218297148
347033426
0
278550506
873118257
45598126
755661008
0
150078701
68873427
0
0
721818685
0
0
0
0
497398061
0
884814221
0
55078835
114344503
543152551
56789432
903502332
842871322
370653069
508428683
112206761
938209452
612588784
568837411
0
673041174
696799020
602849831
0
0
927744008
435705167
31291136
0
970887401
201509893
0
0
289789167
0
553696642
0
