44732
106928
176820
208392
208392
208392
208392
208392
208392
208392
208392
208392
208392
208392
208392
208392
208392
208392
208392
208392
208392
208392
208392
208392
215760
215760
215760
216690
216690
216690
216690
216690
216690
216690
216690
216690
216690
216690
216690
216690
216690
216690
216690
216690
216690
216690
216690
216690
216690
216690
216690
216690
216690
216690
216690
216690
216690
239121
239121
239121
239121
239121
239121
239121
239121
239121
239121
239121
239121
239121
239121
239121
239121
239121
239121
239121
239121
239121
239121
239121
239121
239121
239121
239121
239121
239121
239121
239610
239610
239610
239610
239610
239610
239610
239610
239610
239610
239610
239610
239610
239610
239610
239610
239610
239610
239610
239610
240590
240590
240590
240590
240590
240590
240590
240590
240590
240590
240590
240590
240590
240590
240590
240590
240590
240590
240590
240590
240590
240590
240590
240590
240590
240590
240590
240590
240590
240590
240590
240590
240590
240590
240590
240590
240590
240590
240590
240590
243049
243049
243049
243049
243049
243049
243049
243049
243049
243049
243049
243049
243049
243049
243049
243049
243049
243049
243049
243049
243049
243049
243049
243049
243049
243049
243049
243049
243049
243049
243049
243049
243049
243049
243049
243049
243049
243049
243049
243049
243049
243049
243049
243049
243049
243049
243049
243049
243049
243049
243049
243049
243049
243049
243049
243049
243049
243049
243049
243049
243049
243049
243049
243049
243049
243049
243049
243049
243049
243049
243049
243049
243049
243049
243049
243049
243049
243049
243049
243049
243049
243049
243049
243049
243049
243049
245025
245025
245025
245025
245025
245025
245025
245025
245025
245025
245025
245025
245025
245025
245025
245025
245025
245025
245025
245025
245025
245025
245025
245025
245025
245025
245025
245025
245025
245025
245025
245025
245025
245025
245025
245025
245025
245025
245025
245025
245025
245025
247506
247506
247506
247506
247506
247506
247506
247506
247506
247506
247506
247506
247506
247506
247506
248004
248004
248004
248004
248004
248004
248004
248004
248004
248004
248004
248004
248004
248004
248004
248004
248004
248004
248004
248004
248004
248004
248004
248004
248004
248004
248004
248004
248004
248004
248004
248004
248004
248004
248004
248004
248004
248004
248004
248004
248004
248004
248004
248004
248004
248004
248004
248004
248004
248004
248004
248004
248004
248004
248004
248004
248004
248004
248004
248004
248004
248004
248004
248004
248004
248004
248004
248004
248004
248004
248004
248004
248004
248004
248004
248004
248004
248004
248004
248004
248004
248004
248004
248004
248004
248004
248004
248004
248004
248004
248004
248004
248004
248004
248004
248004
248004
248004
248004
248004
248004
248004
248004
248004
248004
248004
248004
248004
248004
248004
248004
248004
248004
248004
248004
248004
248004
248004
248004
248004
248004
248004
248004
248004
248004
248004
248004
248004
248004
248004
248004
248004
248004
248004
248004
248004
248004
248004
248004
248004
248004
248004
248004
248004
248004
248004
248004
248004
248004
248004
248004
248004
248004
248004
248004
248004
248004
248004
248004
248004
248004
248004
248004
248004
248004
248004
248004
248004
248004
248004
248004
248004
248004
248004
248004
248502
248502
248502
248502
248502
248502
248502
248502
248502
248502
248502
248502
248502
248502
248502
248502
248502
248502
248502
248502
248502
248502
248502
248502
248502
248502
248502
248502
248502
248502
248502
248502
248502
248502
248502
