1 98 98
2 68 7
3 81 81
5 52 52
6 26 26
9 46 46
11 83 75
13 59 59
15 60 38
16 12 12
18 53 53
19 97 97
21 77 77
22 99 51
24 30 30
25 49 49
26 20 20
28 78 25
29 47 47
30 86 86
32 39 39
34 91 96
36 56 56
37 72 72
38 44 63
39 37 37
41 4 4
42 41 41
43 80 54
44 11 87
46 89 1
49 84 9
50 85 85
51 92 5
53 45 35
54 71 71
55 27 27
56 31 31
57 73 73
59 22 61
60 33 33
62 88 88
63 34 34
64 90 90
66 43 43
68 16 69
69 32 32
70 28 28
35 14 76
20 57 8
61 95 50
67 36 79
4 58 65
33 62 62
48 66 70
8 21 21
17 82 64
45 94 94
58 13 13
7 100 100
12 15 15
47 40 18
52 24 24
14 17 67
23 74 6
65 19 42
40 2 23
27 10 55
10 48 93
31 3 29
